<testsuites id="" name="" tests="60" failures="57" skipped="0" errors="0" time="1418.9679820000001">
<testsuite name="01-authentication.spec.ts" timestamp="2025-11-10T01:51:03.800Z" hostname="chromium" tests="10" failures="9" skipped="0" time="446.966" errors="0">
<testcase name="User Authentication Flow › should complete user signup flow with OTP verification" classname="01-authentication.spec.ts" time="63.408">
<failure message="01-authentication.spec.ts:33:7 should complete user signup flow with OTP verification" type="FAILURE">
<![CDATA[  [chromium] › 01-authentication.spec.ts:33:7 › User Authentication Flow › should complete user signup flow with OTP verification 

    Test timeout of 60000ms exceeded.

    Error: page.fill: Test timeout of 60000ms exceeded.
    Call log:
      - waiting for locator('input[name="name"], input[name="fullName"]')


      37 |
      38 |     // Fill signup form
    > 39 |     await page.fill('input[name="name"], input[name="fullName"]', 'Test User');
         |                ^
      40 |     await page.fill('input[name="email"], input[type="email"]', testEmail);
      41 |     await page.fill('input[name="mobile"], input[name="phone"]', testMobile);
      42 |     await page.fill('input[name="password"], input[type="password"]', testPassword);
        at D:\SmartGriev\e2e-tests\tests\01-authentication.spec.ts:39:16

    attachment #1: screenshot (image/png) ──────────────────────────────────────────────────────────
    ..\test-results\01-authentication-User-Aut-87ba7--flow-with-OTP-verification-chromium\test-failed-1.png
    ────────────────────────────────────────────────────────────────────────────────────────────────

    attachment #2: video (video/webm) ──────────────────────────────────────────────────────────────
    ..\test-results\01-authentication-User-Aut-87ba7--flow-with-OTP-verification-chromium\video.webm
    ────────────────────────────────────────────────────────────────────────────────────────────────

    Error Context: ..\test-results\01-authentication-User-Aut-87ba7--flow-with-OTP-verification-chromium\error-context.md
]]>
</failure>
<system-out>
<![CDATA[✓ Database connected successfully

[[ATTACHMENT|..\test-results\01-authentication-User-Aut-87ba7--flow-with-OTP-verification-chromium\test-failed-1.png]]

[[ATTACHMENT|..\test-results\01-authentication-User-Aut-87ba7--flow-with-OTP-verification-chromium\video.webm]]

[[ATTACHMENT|..\test-results\01-authentication-User-Aut-87ba7--flow-with-OTP-verification-chromium\error-context.md]]
]]>
</system-out>
</testcase>
<testcase name="User Authentication Flow › should login with valid credentials" classname="01-authentication.spec.ts" time="64.027">
<failure message="01-authentication.spec.ts:114:7 should login with valid credentials" type="FAILURE">
<![CDATA[  [chromium] › 01-authentication.spec.ts:114:7 › User Authentication Flow › should login with valid credentials 

    Test timeout of 60000ms exceeded.

    Error: page.fill: Test timeout of 60000ms exceeded.
    Call log:
      - waiting for locator('input[name="name"], input[name="fullName"]')


      126 |       // Navigate to register page and create user
      127 |       await page.goto('/register');
    > 128 |       await page.fill('input[name="name"], input[name="fullName"]', 'Test User');
          |                  ^
      129 |       await page.fill('input[name="email"], input[type="email"]', loginEmail);
      130 |       await page.fill('input[name="mobile"], input[name="phone"]', testMobile);
      131 |       await page.fill('input[name="password"], input[type="password"]', loginPassword);
        at D:\SmartGriev\e2e-tests\tests\01-authentication.spec.ts:128:18

    attachment #1: screenshot (image/png) ──────────────────────────────────────────────────────────
    ..\test-results\01-authentication-User-Aut-8eca7-ogin-with-valid-credentials-chromium\test-failed-1.png
    ────────────────────────────────────────────────────────────────────────────────────────────────

    attachment #2: video (video/webm) ──────────────────────────────────────────────────────────────
    ..\test-results\01-authentication-User-Aut-8eca7-ogin-with-valid-credentials-chromium\video.webm
    ────────────────────────────────────────────────────────────────────────────────────────────────

    Error Context: ..\test-results\01-authentication-User-Aut-8eca7-ogin-with-valid-credentials-chromium\error-context.md
]]>
</failure>
<system-out>
<![CDATA[✓ Database connected successfully
⚠️ User does not exist, creating via signup first...

[[ATTACHMENT|..\test-results\01-authentication-User-Aut-8eca7-ogin-with-valid-credentials-chromium\test-failed-1.png]]

[[ATTACHMENT|..\test-results\01-authentication-User-Aut-8eca7-ogin-with-valid-credentials-chromium\video.webm]]

[[ATTACHMENT|..\test-results\01-authentication-User-Aut-8eca7-ogin-with-valid-credentials-chromium\error-context.md]]
]]>
</system-out>
</testcase>
<testcase name="User Authentication Flow › should show error for invalid credentials" classname="01-authentication.spec.ts" time="19.222">
<failure message="01-authentication.spec.ts:168:7 should show error for invalid credentials" type="FAILURE">
<![CDATA[  [chromium] › 01-authentication.spec.ts:168:7 › User Authentication Flow › should show error for invalid credentials 

    TimeoutError: locator.waitFor: Timeout 5000ms exceeded.
    Call log:
      - waiting for locator('.ant-notification, .toast, [role="alert"]').first() to be visible


       at ..\utils\helpers.ts:69

      67 |   async waitForNotification(message?: string) {
      68 |     const notification = this.page.locator('.ant-notification, .toast, [role="alert"]').first();
    > 69 |     await notification.waitFor({ state: 'visible', timeout: 5000 });
         |                        ^
      70 |     
      71 |     if (message) {
      72 |       await expect(notification).toContainText(message);
        at TestHelpers.waitForNotification (D:\SmartGriev\e2e-tests\utils\helpers.ts:69:24)
        at D:\SmartGriev\e2e-tests\tests\01-authentication.spec.ts:178:19

    attachment #1: screenshot (image/png) ──────────────────────────────────────────────────────────
    ..\test-results\01-authentication-User-Aut-4b058-ror-for-invalid-credentials-chromium\test-failed-1.png
    ────────────────────────────────────────────────────────────────────────────────────────────────

    attachment #2: video (video/webm) ──────────────────────────────────────────────────────────────
    ..\test-results\01-authentication-User-Aut-4b058-ror-for-invalid-credentials-chromium\video.webm
    ────────────────────────────────────────────────────────────────────────────────────────────────

    Error Context: ..\test-results\01-authentication-User-Aut-4b058-ror-for-invalid-credentials-chromium\error-context.md
]]>
</failure>
<system-out>
<![CDATA[✓ Database connected successfully

[[ATTACHMENT|..\test-results\01-authentication-User-Aut-4b058-ror-for-invalid-credentials-chromium\test-failed-1.png]]

[[ATTACHMENT|..\test-results\01-authentication-User-Aut-4b058-ror-for-invalid-credentials-chromium\video.webm]]

[[ATTACHMENT|..\test-results\01-authentication-User-Aut-4b058-ror-for-invalid-credentials-chromium\error-context.md]]
]]>
</system-out>
</testcase>
<testcase name="User Authentication Flow › should validate email format" classname="01-authentication.spec.ts" time="60.268">
<failure message="01-authentication.spec.ts:188:7 should validate email format" type="FAILURE">
<![CDATA[  [chromium] › 01-authentication.spec.ts:188:7 › User Authentication Flow › should validate email format 

    Test timeout of 60000ms exceeded.

    Error: page.fill: Test timeout of 60000ms exceeded.
    Call log:
      - waiting for locator('input[name="name"]')


      191 |     // Fill form with invalid email
      192 |     await page.fill('input[name="email"], input[type="email"]', 'invalid-email');
    > 193 |     await page.fill('input[name="name"]', 'Test User');
          |                ^
      194 |     await page.fill('input[name="mobile"]', testMobile);
      195 |     await page.fill('input[name="password"]', testPassword);
      196 |
        at D:\SmartGriev\e2e-tests\tests\01-authentication.spec.ts:193:16

    attachment #1: screenshot (image/png) ──────────────────────────────────────────────────────────
    ..\test-results\01-authentication-User-Aut-bee91-hould-validate-email-format-chromium\test-failed-1.png
    ────────────────────────────────────────────────────────────────────────────────────────────────

    attachment #2: video (video/webm) ──────────────────────────────────────────────────────────────
    ..\test-results\01-authentication-User-Aut-bee91-hould-validate-email-format-chromium\video.webm
    ────────────────────────────────────────────────────────────────────────────────────────────────

    Error Context: ..\test-results\01-authentication-User-Aut-bee91-hould-validate-email-format-chromium\error-context.md
]]>
</failure>
<system-out>
<![CDATA[✓ Database connected successfully

[[ATTACHMENT|..\test-results\01-authentication-User-Aut-bee91-hould-validate-email-format-chromium\test-failed-1.png]]

[[ATTACHMENT|..\test-results\01-authentication-User-Aut-bee91-hould-validate-email-format-chromium\video.webm]]

[[ATTACHMENT|..\test-results\01-authentication-User-Aut-bee91-hould-validate-email-format-chromium\error-context.md]]
]]>
</system-out>
</testcase>
<testcase name="User Authentication Flow › should validate password strength" classname="01-authentication.spec.ts" time="60.27">
<failure message="01-authentication.spec.ts:210:7 should validate password strength" type="FAILURE">
<![CDATA[  [chromium] › 01-authentication.spec.ts:210:7 › User Authentication Flow › should validate password strength 

    Test timeout of 60000ms exceeded.

    Error: page.fill: Test timeout of 60000ms exceeded.
    Call log:
      - waiting for locator('input[name="name"]')


      213 |     // Fill form with weak password
      214 |     await page.fill('input[name="email"]', testEmail);
    > 215 |     await page.fill('input[name="name"]', 'Test User');
          |                ^
      216 |     await page.fill('input[name="mobile"]', testMobile);
      217 |     await page.fill('input[name="password"]', '123'); // Weak password
      218 |
        at D:\SmartGriev\e2e-tests\tests\01-authentication.spec.ts:215:16

    attachment #1: screenshot (image/png) ──────────────────────────────────────────────────────────
    ..\test-results\01-authentication-User-Aut-956e4--validate-password-strength-chromium\test-failed-1.png
    ────────────────────────────────────────────────────────────────────────────────────────────────

    attachment #2: video (video/webm) ──────────────────────────────────────────────────────────────
    ..\test-results\01-authentication-User-Aut-956e4--validate-password-strength-chromium\video.webm
    ────────────────────────────────────────────────────────────────────────────────────────────────

    Error Context: ..\test-results\01-authentication-User-Aut-956e4--validate-password-strength-chromium\error-context.md
]]>
</failure>
<system-out>
<![CDATA[✓ Database connected successfully

[[ATTACHMENT|..\test-results\01-authentication-User-Aut-956e4--validate-password-strength-chromium\test-failed-1.png]]

[[ATTACHMENT|..\test-results\01-authentication-User-Aut-956e4--validate-password-strength-chromium\video.webm]]

[[ATTACHMENT|..\test-results\01-authentication-User-Aut-956e4--validate-password-strength-chromium\error-context.md]]
]]>
</system-out>
</testcase>
<testcase name="User Authentication Flow › should logout successfully" classname="01-authentication.spec.ts" time="23.173">
<failure message="01-authentication.spec.ts:232:7 should logout successfully" type="FAILURE">
<![CDATA[  [chromium] › 01-authentication.spec.ts:232:7 › User Authentication Flow › should logout successfully 

    TimeoutError: page.waitForURL: Timeout 10000ms exceeded.
    =========================== logs ===========================
    waiting for navigation until "load"
    ============================================================

       at ..\utils\helpers.ts:170

      168 |     
      169 |     // Wait for redirect to dashboard
    > 170 |     await this.page.waitForURL(/dashboard|home/i, { timeout: 10000 });
          |                     ^
      171 |   }
      172 |
      173 |   /**
        at TestHelpers.login (D:\SmartGriev\e2e-tests\utils\helpers.ts:170:21)
        at D:\SmartGriev\e2e-tests\tests\01-authentication.spec.ts:237:5

    attachment #1: screenshot (image/png) ──────────────────────────────────────────────────────────
    ..\test-results\01-authentication-User-Aut-0e789--should-logout-successfully-chromium\test-failed-1.png
    ────────────────────────────────────────────────────────────────────────────────────────────────

    attachment #2: video (video/webm) ──────────────────────────────────────────────────────────────
    ..\test-results\01-authentication-User-Aut-0e789--should-logout-successfully-chromium\video.webm
    ────────────────────────────────────────────────────────────────────────────────────────────────

    Error Context: ..\test-results\01-authentication-User-Aut-0e789--should-logout-successfully-chromium\error-context.md
]]>
</failure>
<system-out>
<![CDATA[✓ Database connected successfully

[[ATTACHMENT|..\test-results\01-authentication-User-Aut-0e789--should-logout-successfully-chromium\test-failed-1.png]]

[[ATTACHMENT|..\test-results\01-authentication-User-Aut-0e789--should-logout-successfully-chromium\video.webm]]

[[ATTACHMENT|..\test-results\01-authentication-User-Aut-0e789--should-logout-successfully-chromium\error-context.md]]
]]>
</system-out>
</testcase>
<testcase name="User Authentication Flow › should handle session timeout" classname="01-authentication.spec.ts" time="23.334">
<failure message="01-authentication.spec.ts:252:7 should handle session timeout" type="FAILURE">
<![CDATA[  [chromium] › 01-authentication.spec.ts:252:7 › User Authentication Flow › should handle session timeout 

    TimeoutError: page.waitForURL: Timeout 10000ms exceeded.
    =========================== logs ===========================
    waiting for navigation until "load"
    ============================================================

       at ..\utils\helpers.ts:170

      168 |     
      169 |     // Wait for redirect to dashboard
    > 170 |     await this.page.waitForURL(/dashboard|home/i, { timeout: 10000 });
          |                     ^
      171 |   }
      172 |
      173 |   /**
        at TestHelpers.login (D:\SmartGriev\e2e-tests\utils\helpers.ts:170:21)
        at D:\SmartGriev\e2e-tests\tests\01-authentication.spec.ts:257:5

    attachment #1: screenshot (image/png) ──────────────────────────────────────────────────────────
    ..\test-results\01-authentication-User-Aut-30e7c-ould-handle-session-timeout-chromium\test-failed-1.png
    ────────────────────────────────────────────────────────────────────────────────────────────────

    attachment #2: video (video/webm) ──────────────────────────────────────────────────────────────
    ..\test-results\01-authentication-User-Aut-30e7c-ould-handle-session-timeout-chromium\video.webm
    ────────────────────────────────────────────────────────────────────────────────────────────────

    Error Context: ..\test-results\01-authentication-User-Aut-30e7c-ould-handle-session-timeout-chromium\error-context.md
]]>
</failure>
<system-out>
<![CDATA[✓ Database connected successfully

[[ATTACHMENT|..\test-results\01-authentication-User-Aut-30e7c-ould-handle-session-timeout-chromium\test-failed-1.png]]

[[ATTACHMENT|..\test-results\01-authentication-User-Aut-30e7c-ould-handle-session-timeout-chromium\video.webm]]

[[ATTACHMENT|..\test-results\01-authentication-User-Aut-30e7c-ould-handle-session-timeout-chromium\error-context.md]]
]]>
</system-out>
</testcase>
<testcase name="User Authentication Flow › should validate mobile number format" classname="01-authentication.spec.ts" time="60.281">
<failure message="01-authentication.spec.ts:277:7 should validate mobile number format" type="FAILURE">
<![CDATA[  [chromium] › 01-authentication.spec.ts:277:7 › User Authentication Flow › should validate mobile number format 

    Test timeout of 60000ms exceeded.

    Error: page.fill: Test timeout of 60000ms exceeded.
    Call log:
      - waiting for locator('input[name="name"]')


      280 |     // Fill form with invalid mobile
      281 |     await page.fill('input[name="email"]', testEmail);
    > 282 |     await page.fill('input[name="name"]', 'Test User');
          |                ^
      283 |     await page.fill('input[name="mobile"], input[name="phone"]', '123'); // Invalid mobile
      284 |     await page.fill('input[name="password"]', testPassword);
      285 |
        at D:\SmartGriev\e2e-tests\tests\01-authentication.spec.ts:282:16

    attachment #1: screenshot (image/png) ──────────────────────────────────────────────────────────
    ..\test-results\01-authentication-User-Aut-e4117-lidate-mobile-number-format-chromium\test-failed-1.png
    ────────────────────────────────────────────────────────────────────────────────────────────────

    attachment #2: video (video/webm) ──────────────────────────────────────────────────────────────
    ..\test-results\01-authentication-User-Aut-e4117-lidate-mobile-number-format-chromium\video.webm
    ────────────────────────────────────────────────────────────────────────────────────────────────

    Error Context: ..\test-results\01-authentication-User-Aut-e4117-lidate-mobile-number-format-chromium\error-context.md
]]>
</failure>
<system-out>
<![CDATA[✓ Database connected successfully

[[ATTACHMENT|..\test-results\01-authentication-User-Aut-e4117-lidate-mobile-number-format-chromium\test-failed-1.png]]

[[ATTACHMENT|..\test-results\01-authentication-User-Aut-e4117-lidate-mobile-number-format-chromium\video.webm]]

[[ATTACHMENT|..\test-results\01-authentication-User-Aut-e4117-lidate-mobile-number-format-chromium\error-context.md]]
]]>
</system-out>
</testcase>
<testcase name="User Authentication Flow › should prevent duplicate email registration" classname="01-authentication.spec.ts" time="60.348">
<failure message="01-authentication.spec.ts:299:7 should prevent duplicate email registration" type="FAILURE">
<![CDATA[  [chromium] › 01-authentication.spec.ts:299:7 › User Authentication Flow › should prevent duplicate email registration 

    Test timeout of 60000ms exceeded.

    Error: page.fill: Test timeout of 60000ms exceeded.
    Call log:
      - waiting for locator('input[name="name"]')


      305 |     // Fill form with existing email
      306 |     await page.fill('input[name="email"]', existingEmail);
    > 307 |     await page.fill('input[name="name"]', 'Test User');
          |                ^
      308 |     await page.fill('input[name="mobile"]', testMobile);
      309 |     await page.fill('input[name="password"]', testPassword);
      310 |
        at D:\SmartGriev\e2e-tests\tests\01-authentication.spec.ts:307:16

    attachment #1: screenshot (image/png) ──────────────────────────────────────────────────────────
    ..\test-results\01-authentication-User-Aut-e0b69-uplicate-email-registration-chromium\test-failed-1.png
    ────────────────────────────────────────────────────────────────────────────────────────────────

    attachment #2: video (video/webm) ──────────────────────────────────────────────────────────────
    ..\test-results\01-authentication-User-Aut-e0b69-uplicate-email-registration-chromium\video.webm
    ────────────────────────────────────────────────────────────────────────────────────────────────

    Error Context: ..\test-results\01-authentication-User-Aut-e0b69-uplicate-email-registration-chromium\error-context.md
]]>
</failure>
<system-out>
<![CDATA[✓ Database connected successfully

[[ATTACHMENT|..\test-results\01-authentication-User-Aut-e0b69-uplicate-email-registration-chromium\test-failed-1.png]]

[[ATTACHMENT|..\test-results\01-authentication-User-Aut-e0b69-uplicate-email-registration-chromium\video.webm]]

[[ATTACHMENT|..\test-results\01-authentication-User-Aut-e0b69-uplicate-email-registration-chromium\error-context.md]]
]]>
</system-out>
</testcase>
<testcase name="User Authentication Flow › should handle password visibility toggle" classname="01-authentication.spec.ts" time="12.635">
<system-out>
<![CDATA[✓ Database connected successfully
]]>
</system-out>
</testcase>
</testsuite>
<testsuite name="01-authentication.spec.ts" timestamp="2025-11-10T01:51:03.800Z" hostname="firefox" tests="10" failures="10" skipped="0" time="0.254" errors="0">
<testcase name="User Authentication Flow › should complete user signup flow with OTP verification" classname="01-authentication.spec.ts" time="0.025">
<failure message="01-authentication.spec.ts:33:7 should complete user signup flow with OTP verification" type="FAILURE">
<![CDATA[  [firefox] › 01-authentication.spec.ts:33:7 › User Authentication Flow › should complete user signup flow with OTP verification 

    Error: browser.newContext: Unknown permission: microphone

    TypeError: Cannot read properties of undefined (reading 'close')

      28 |       console.log('Cleanup error:', error);
      29 |     }
    > 30 |     await dbHelper.close();
         |                    ^
      31 |   });
      32 |
      33 |   test('should complete user signup flow with OTP verification', async ({ page }) => {
        at D:\SmartGriev\e2e-tests\tests\01-authentication.spec.ts:30:20
]]>
</failure>
<system-out>
<![CDATA[Cleanup error: TypeError: Cannot read properties of undefined (reading 'cleanupTestData')
    at [90mD:\SmartGriev\e2e-tests\[39mtests\01-authentication.spec.ts:26:22
    at [90mD:\SmartGriev\e2e-tests\[39mnode_modules\[4mplaywright[24m\lib\worker\fixtureRunner.js:228:52
    at [90mD:\SmartGriev\e2e-tests\[39mnode_modules\[4mplaywright[24m\lib\worker\testInfo.js:305:17
    at TimeoutManager.withRunnable [90m(D:\SmartGriev\e2e-tests\[39mnode_modules\[4mplaywright[24m\lib\worker\timeoutManager.js:68:9[90m)[39m
    at TestInfoImpl._runWithTimeout [90m(D:\SmartGriev\e2e-tests\[39mnode_modules\[4mplaywright[24m\lib\worker\testInfo.js:303:34[90m)[39m
    at FixtureRunner.resolveParametersAndRunFunction [90m(D:\SmartGriev\e2e-tests\[39mnode_modules\[4mplaywright[24m\lib\worker\fixtureRunner.js:228:20[90m)[39m
    at [90mD:\SmartGriev\e2e-tests\[39mnode_modules\[4mplaywright[24m\lib\worker\workerMain.js:469:11
    at TestInfoImpl._runAsStep [90m(D:\SmartGriev\e2e-tests\[39mnode_modules\[4mplaywright[24m\lib\worker\testInfo.js:294:7[90m)[39m
    at WorkerMain._runEachHooksForSuites [90m(D:\SmartGriev\e2e-tests\[39mnode_modules\[4mplaywright[24m\lib\worker\workerMain.js:468:9[90m)[39m
    at [90mD:\SmartGriev\e2e-tests\[39mnode_modules\[4mplaywright[24m\lib\worker\workerMain.js:330:11
    at TestInfoImpl._runAsStep [90m(D:\SmartGriev\e2e-tests\[39mnode_modules\[4mplaywright[24m\lib\worker\testInfo.js:294:7[90m)[39m
    at WorkerMain._runTest [90m(D:\SmartGriev\e2e-tests\[39mnode_modules\[4mplaywright[24m\lib\worker\workerMain.js:318:5[90m)[39m
    at WorkerMain.runTestGroup [90m(D:\SmartGriev\e2e-tests\[39mnode_modules\[4mplaywright[24m\lib\worker\workerMain.js:198:11[90m)[39m
    at process.<anonymous> [90m(D:\SmartGriev\e2e-tests\[39mnode_modules\[4mplaywright[24m\lib\common\process.js:65:22[90m)[39m
]]>
</system-out>
</testcase>
<testcase name="User Authentication Flow › should login with valid credentials" classname="01-authentication.spec.ts" time="0.024">
<failure message="01-authentication.spec.ts:114:7 should login with valid credentials" type="FAILURE">
<![CDATA[  [firefox] › 01-authentication.spec.ts:114:7 › User Authentication Flow › should login with valid credentials 

    Error: browser.newContext: Unknown permission: microphone

    TypeError: Cannot read properties of undefined (reading 'close')

      28 |       console.log('Cleanup error:', error);
      29 |     }
    > 30 |     await dbHelper.close();
         |                    ^
      31 |   });
      32 |
      33 |   test('should complete user signup flow with OTP verification', async ({ page }) => {
        at D:\SmartGriev\e2e-tests\tests\01-authentication.spec.ts:30:20
]]>
</failure>
<system-out>
<![CDATA[Cleanup error: TypeError: Cannot read properties of undefined (reading 'cleanupTestData')
    at [90mD:\SmartGriev\e2e-tests\[39mtests\01-authentication.spec.ts:26:22
    at [90mD:\SmartGriev\e2e-tests\[39mnode_modules\[4mplaywright[24m\lib\worker\fixtureRunner.js:228:52
    at [90mD:\SmartGriev\e2e-tests\[39mnode_modules\[4mplaywright[24m\lib\worker\testInfo.js:305:17
    at TimeoutManager.withRunnable [90m(D:\SmartGriev\e2e-tests\[39mnode_modules\[4mplaywright[24m\lib\worker\timeoutManager.js:68:9[90m)[39m
    at TestInfoImpl._runWithTimeout [90m(D:\SmartGriev\e2e-tests\[39mnode_modules\[4mplaywright[24m\lib\worker\testInfo.js:303:34[90m)[39m
    at FixtureRunner.resolveParametersAndRunFunction [90m(D:\SmartGriev\e2e-tests\[39mnode_modules\[4mplaywright[24m\lib\worker\fixtureRunner.js:228:20[90m)[39m
    at [90mD:\SmartGriev\e2e-tests\[39mnode_modules\[4mplaywright[24m\lib\worker\workerMain.js:469:11
    at TestInfoImpl._runAsStep [90m(D:\SmartGriev\e2e-tests\[39mnode_modules\[4mplaywright[24m\lib\worker\testInfo.js:294:7[90m)[39m
    at WorkerMain._runEachHooksForSuites [90m(D:\SmartGriev\e2e-tests\[39mnode_modules\[4mplaywright[24m\lib\worker\workerMain.js:468:9[90m)[39m
    at [90mD:\SmartGriev\e2e-tests\[39mnode_modules\[4mplaywright[24m\lib\worker\workerMain.js:330:11
    at TestInfoImpl._runAsStep [90m(D:\SmartGriev\e2e-tests\[39mnode_modules\[4mplaywright[24m\lib\worker\testInfo.js:294:7[90m)[39m
    at WorkerMain._runTest [90m(D:\SmartGriev\e2e-tests\[39mnode_modules\[4mplaywright[24m\lib\worker\workerMain.js:318:5[90m)[39m
    at WorkerMain.runTestGroup [90m(D:\SmartGriev\e2e-tests\[39mnode_modules\[4mplaywright[24m\lib\worker\workerMain.js:198:11[90m)[39m
    at process.<anonymous> [90m(D:\SmartGriev\e2e-tests\[39mnode_modules\[4mplaywright[24m\lib\common\process.js:65:22[90m)[39m
]]>
</system-out>
</testcase>
<testcase name="User Authentication Flow › should show error for invalid credentials" classname="01-authentication.spec.ts" time="0.024">
<failure message="01-authentication.spec.ts:168:7 should show error for invalid credentials" type="FAILURE">
<![CDATA[  [firefox] › 01-authentication.spec.ts:168:7 › User Authentication Flow › should show error for invalid credentials 

    Error: browser.newContext: Unknown permission: microphone

    TypeError: Cannot read properties of undefined (reading 'close')

      28 |       console.log('Cleanup error:', error);
      29 |     }
    > 30 |     await dbHelper.close();
         |                    ^
      31 |   });
      32 |
      33 |   test('should complete user signup flow with OTP verification', async ({ page }) => {
        at D:\SmartGriev\e2e-tests\tests\01-authentication.spec.ts:30:20
]]>
</failure>
<system-out>
<![CDATA[Cleanup error: TypeError: Cannot read properties of undefined (reading 'cleanupTestData')
    at [90mD:\SmartGriev\e2e-tests\[39mtests\01-authentication.spec.ts:26:22
    at [90mD:\SmartGriev\e2e-tests\[39mnode_modules\[4mplaywright[24m\lib\worker\fixtureRunner.js:228:52
    at [90mD:\SmartGriev\e2e-tests\[39mnode_modules\[4mplaywright[24m\lib\worker\testInfo.js:305:17
    at TimeoutManager.withRunnable [90m(D:\SmartGriev\e2e-tests\[39mnode_modules\[4mplaywright[24m\lib\worker\timeoutManager.js:68:9[90m)[39m
    at TestInfoImpl._runWithTimeout [90m(D:\SmartGriev\e2e-tests\[39mnode_modules\[4mplaywright[24m\lib\worker\testInfo.js:303:34[90m)[39m
    at FixtureRunner.resolveParametersAndRunFunction [90m(D:\SmartGriev\e2e-tests\[39mnode_modules\[4mplaywright[24m\lib\worker\fixtureRunner.js:228:20[90m)[39m
    at [90mD:\SmartGriev\e2e-tests\[39mnode_modules\[4mplaywright[24m\lib\worker\workerMain.js:469:11
    at TestInfoImpl._runAsStep [90m(D:\SmartGriev\e2e-tests\[39mnode_modules\[4mplaywright[24m\lib\worker\testInfo.js:294:7[90m)[39m
    at WorkerMain._runEachHooksForSuites [90m(D:\SmartGriev\e2e-tests\[39mnode_modules\[4mplaywright[24m\lib\worker\workerMain.js:468:9[90m)[39m
    at [90mD:\SmartGriev\e2e-tests\[39mnode_modules\[4mplaywright[24m\lib\worker\workerMain.js:330:11
    at TestInfoImpl._runAsStep [90m(D:\SmartGriev\e2e-tests\[39mnode_modules\[4mplaywright[24m\lib\worker\testInfo.js:294:7[90m)[39m
    at WorkerMain._runTest [90m(D:\SmartGriev\e2e-tests\[39mnode_modules\[4mplaywright[24m\lib\worker\workerMain.js:318:5[90m)[39m
    at WorkerMain.runTestGroup [90m(D:\SmartGriev\e2e-tests\[39mnode_modules\[4mplaywright[24m\lib\worker\workerMain.js:198:11[90m)[39m
    at process.<anonymous> [90m(D:\SmartGriev\e2e-tests\[39mnode_modules\[4mplaywright[24m\lib\common\process.js:65:22[90m)[39m
]]>
</system-out>
</testcase>
<testcase name="User Authentication Flow › should validate email format" classname="01-authentication.spec.ts" time="0.022">
<failure message="01-authentication.spec.ts:188:7 should validate email format" type="FAILURE">
<![CDATA[  [firefox] › 01-authentication.spec.ts:188:7 › User Authentication Flow › should validate email format 

    Error: browser.newContext: Unknown permission: microphone

    TypeError: Cannot read properties of undefined (reading 'close')

      28 |       console.log('Cleanup error:', error);
      29 |     }
    > 30 |     await dbHelper.close();
         |                    ^
      31 |   });
      32 |
      33 |   test('should complete user signup flow with OTP verification', async ({ page }) => {
        at D:\SmartGriev\e2e-tests\tests\01-authentication.spec.ts:30:20
]]>
</failure>
<system-out>
<![CDATA[Cleanup error: TypeError: Cannot read properties of undefined (reading 'cleanupTestData')
    at [90mD:\SmartGriev\e2e-tests\[39mtests\01-authentication.spec.ts:26:22
    at [90mD:\SmartGriev\e2e-tests\[39mnode_modules\[4mplaywright[24m\lib\worker\fixtureRunner.js:228:52
    at [90mD:\SmartGriev\e2e-tests\[39mnode_modules\[4mplaywright[24m\lib\worker\testInfo.js:305:17
    at TimeoutManager.withRunnable [90m(D:\SmartGriev\e2e-tests\[39mnode_modules\[4mplaywright[24m\lib\worker\timeoutManager.js:68:9[90m)[39m
    at TestInfoImpl._runWithTimeout [90m(D:\SmartGriev\e2e-tests\[39mnode_modules\[4mplaywright[24m\lib\worker\testInfo.js:303:34[90m)[39m
    at FixtureRunner.resolveParametersAndRunFunction [90m(D:\SmartGriev\e2e-tests\[39mnode_modules\[4mplaywright[24m\lib\worker\fixtureRunner.js:228:20[90m)[39m
    at [90mD:\SmartGriev\e2e-tests\[39mnode_modules\[4mplaywright[24m\lib\worker\workerMain.js:469:11
    at TestInfoImpl._runAsStep [90m(D:\SmartGriev\e2e-tests\[39mnode_modules\[4mplaywright[24m\lib\worker\testInfo.js:294:7[90m)[39m
    at WorkerMain._runEachHooksForSuites [90m(D:\SmartGriev\e2e-tests\[39mnode_modules\[4mplaywright[24m\lib\worker\workerMain.js:468:9[90m)[39m
    at [90mD:\SmartGriev\e2e-tests\[39mnode_modules\[4mplaywright[24m\lib\worker\workerMain.js:330:11
    at TestInfoImpl._runAsStep [90m(D:\SmartGriev\e2e-tests\[39mnode_modules\[4mplaywright[24m\lib\worker\testInfo.js:294:7[90m)[39m
    at WorkerMain._runTest [90m(D:\SmartGriev\e2e-tests\[39mnode_modules\[4mplaywright[24m\lib\worker\workerMain.js:318:5[90m)[39m
    at WorkerMain.runTestGroup [90m(D:\SmartGriev\e2e-tests\[39mnode_modules\[4mplaywright[24m\lib\worker\workerMain.js:198:11[90m)[39m
    at process.<anonymous> [90m(D:\SmartGriev\e2e-tests\[39mnode_modules\[4mplaywright[24m\lib\common\process.js:65:22[90m)[39m
]]>
</system-out>
</testcase>
<testcase name="User Authentication Flow › should validate password strength" classname="01-authentication.spec.ts" time="0.025">
<failure message="01-authentication.spec.ts:210:7 should validate password strength" type="FAILURE">
<![CDATA[  [firefox] › 01-authentication.spec.ts:210:7 › User Authentication Flow › should validate password strength 

    Error: browser.newContext: Unknown permission: microphone

    TypeError: Cannot read properties of undefined (reading 'close')

      28 |       console.log('Cleanup error:', error);
      29 |     }
    > 30 |     await dbHelper.close();
         |                    ^
      31 |   });
      32 |
      33 |   test('should complete user signup flow with OTP verification', async ({ page }) => {
        at D:\SmartGriev\e2e-tests\tests\01-authentication.spec.ts:30:20
]]>
</failure>
<system-out>
<![CDATA[Cleanup error: TypeError: Cannot read properties of undefined (reading 'cleanupTestData')
    at [90mD:\SmartGriev\e2e-tests\[39mtests\01-authentication.spec.ts:26:22
    at [90mD:\SmartGriev\e2e-tests\[39mnode_modules\[4mplaywright[24m\lib\worker\fixtureRunner.js:228:52
    at [90mD:\SmartGriev\e2e-tests\[39mnode_modules\[4mplaywright[24m\lib\worker\testInfo.js:305:17
    at TimeoutManager.withRunnable [90m(D:\SmartGriev\e2e-tests\[39mnode_modules\[4mplaywright[24m\lib\worker\timeoutManager.js:68:9[90m)[39m
    at TestInfoImpl._runWithTimeout [90m(D:\SmartGriev\e2e-tests\[39mnode_modules\[4mplaywright[24m\lib\worker\testInfo.js:303:34[90m)[39m
    at FixtureRunner.resolveParametersAndRunFunction [90m(D:\SmartGriev\e2e-tests\[39mnode_modules\[4mplaywright[24m\lib\worker\fixtureRunner.js:228:20[90m)[39m
    at [90mD:\SmartGriev\e2e-tests\[39mnode_modules\[4mplaywright[24m\lib\worker\workerMain.js:469:11
    at TestInfoImpl._runAsStep [90m(D:\SmartGriev\e2e-tests\[39mnode_modules\[4mplaywright[24m\lib\worker\testInfo.js:294:7[90m)[39m
    at WorkerMain._runEachHooksForSuites [90m(D:\SmartGriev\e2e-tests\[39mnode_modules\[4mplaywright[24m\lib\worker\workerMain.js:468:9[90m)[39m
    at [90mD:\SmartGriev\e2e-tests\[39mnode_modules\[4mplaywright[24m\lib\worker\workerMain.js:330:11
    at TestInfoImpl._runAsStep [90m(D:\SmartGriev\e2e-tests\[39mnode_modules\[4mplaywright[24m\lib\worker\testInfo.js:294:7[90m)[39m
    at WorkerMain._runTest [90m(D:\SmartGriev\e2e-tests\[39mnode_modules\[4mplaywright[24m\lib\worker\workerMain.js:318:5[90m)[39m
    at WorkerMain.runTestGroup [90m(D:\SmartGriev\e2e-tests\[39mnode_modules\[4mplaywright[24m\lib\worker\workerMain.js:198:11[90m)[39m
    at process.<anonymous> [90m(D:\SmartGriev\e2e-tests\[39mnode_modules\[4mplaywright[24m\lib\common\process.js:65:22[90m)[39m
]]>
</system-out>
</testcase>
<testcase name="User Authentication Flow › should logout successfully" classname="01-authentication.spec.ts" time="0.027">
<failure message="01-authentication.spec.ts:232:7 should logout successfully" type="FAILURE">
<![CDATA[  [firefox] › 01-authentication.spec.ts:232:7 › User Authentication Flow › should logout successfully 

    Error: browser.newContext: Unknown permission: microphone

    TypeError: Cannot read properties of undefined (reading 'close')

      28 |       console.log('Cleanup error:', error);
      29 |     }
    > 30 |     await dbHelper.close();
         |                    ^
      31 |   });
      32 |
      33 |   test('should complete user signup flow with OTP verification', async ({ page }) => {
        at D:\SmartGriev\e2e-tests\tests\01-authentication.spec.ts:30:20
]]>
</failure>
<system-out>
<![CDATA[Cleanup error: TypeError: Cannot read properties of undefined (reading 'cleanupTestData')
    at [90mD:\SmartGriev\e2e-tests\[39mtests\01-authentication.spec.ts:26:22
    at [90mD:\SmartGriev\e2e-tests\[39mnode_modules\[4mplaywright[24m\lib\worker\fixtureRunner.js:228:52
    at [90mD:\SmartGriev\e2e-tests\[39mnode_modules\[4mplaywright[24m\lib\worker\testInfo.js:305:17
    at TimeoutManager.withRunnable [90m(D:\SmartGriev\e2e-tests\[39mnode_modules\[4mplaywright[24m\lib\worker\timeoutManager.js:68:9[90m)[39m
    at TestInfoImpl._runWithTimeout [90m(D:\SmartGriev\e2e-tests\[39mnode_modules\[4mplaywright[24m\lib\worker\testInfo.js:303:34[90m)[39m
    at FixtureRunner.resolveParametersAndRunFunction [90m(D:\SmartGriev\e2e-tests\[39mnode_modules\[4mplaywright[24m\lib\worker\fixtureRunner.js:228:20[90m)[39m
    at [90mD:\SmartGriev\e2e-tests\[39mnode_modules\[4mplaywright[24m\lib\worker\workerMain.js:469:11
    at TestInfoImpl._runAsStep [90m(D:\SmartGriev\e2e-tests\[39mnode_modules\[4mplaywright[24m\lib\worker\testInfo.js:294:7[90m)[39m
    at WorkerMain._runEachHooksForSuites [90m(D:\SmartGriev\e2e-tests\[39mnode_modules\[4mplaywright[24m\lib\worker\workerMain.js:468:9[90m)[39m
    at [90mD:\SmartGriev\e2e-tests\[39mnode_modules\[4mplaywright[24m\lib\worker\workerMain.js:330:11
    at TestInfoImpl._runAsStep [90m(D:\SmartGriev\e2e-tests\[39mnode_modules\[4mplaywright[24m\lib\worker\testInfo.js:294:7[90m)[39m
    at WorkerMain._runTest [90m(D:\SmartGriev\e2e-tests\[39mnode_modules\[4mplaywright[24m\lib\worker\workerMain.js:318:5[90m)[39m
    at WorkerMain.runTestGroup [90m(D:\SmartGriev\e2e-tests\[39mnode_modules\[4mplaywright[24m\lib\worker\workerMain.js:198:11[90m)[39m
    at process.<anonymous> [90m(D:\SmartGriev\e2e-tests\[39mnode_modules\[4mplaywright[24m\lib\common\process.js:65:22[90m)[39m
]]>
</system-out>
</testcase>
<testcase name="User Authentication Flow › should handle session timeout" classname="01-authentication.spec.ts" time="0.024">
<failure message="01-authentication.spec.ts:252:7 should handle session timeout" type="FAILURE">
<![CDATA[  [firefox] › 01-authentication.spec.ts:252:7 › User Authentication Flow › should handle session timeout 

    Error: browser.newContext: Unknown permission: microphone

    TypeError: Cannot read properties of undefined (reading 'close')

      28 |       console.log('Cleanup error:', error);
      29 |     }
    > 30 |     await dbHelper.close();
         |                    ^
      31 |   });
      32 |
      33 |   test('should complete user signup flow with OTP verification', async ({ page }) => {
        at D:\SmartGriev\e2e-tests\tests\01-authentication.spec.ts:30:20
]]>
</failure>
<system-out>
<![CDATA[Cleanup error: TypeError: Cannot read properties of undefined (reading 'cleanupTestData')
    at [90mD:\SmartGriev\e2e-tests\[39mtests\01-authentication.spec.ts:26:22
    at [90mD:\SmartGriev\e2e-tests\[39mnode_modules\[4mplaywright[24m\lib\worker\fixtureRunner.js:228:52
    at [90mD:\SmartGriev\e2e-tests\[39mnode_modules\[4mplaywright[24m\lib\worker\testInfo.js:305:17
    at TimeoutManager.withRunnable [90m(D:\SmartGriev\e2e-tests\[39mnode_modules\[4mplaywright[24m\lib\worker\timeoutManager.js:68:9[90m)[39m
    at TestInfoImpl._runWithTimeout [90m(D:\SmartGriev\e2e-tests\[39mnode_modules\[4mplaywright[24m\lib\worker\testInfo.js:303:34[90m)[39m
    at FixtureRunner.resolveParametersAndRunFunction [90m(D:\SmartGriev\e2e-tests\[39mnode_modules\[4mplaywright[24m\lib\worker\fixtureRunner.js:228:20[90m)[39m
    at [90mD:\SmartGriev\e2e-tests\[39mnode_modules\[4mplaywright[24m\lib\worker\workerMain.js:469:11
    at TestInfoImpl._runAsStep [90m(D:\SmartGriev\e2e-tests\[39mnode_modules\[4mplaywright[24m\lib\worker\testInfo.js:294:7[90m)[39m
    at WorkerMain._runEachHooksForSuites [90m(D:\SmartGriev\e2e-tests\[39mnode_modules\[4mplaywright[24m\lib\worker\workerMain.js:468:9[90m)[39m
    at [90mD:\SmartGriev\e2e-tests\[39mnode_modules\[4mplaywright[24m\lib\worker\workerMain.js:330:11
    at TestInfoImpl._runAsStep [90m(D:\SmartGriev\e2e-tests\[39mnode_modules\[4mplaywright[24m\lib\worker\testInfo.js:294:7[90m)[39m
    at WorkerMain._runTest [90m(D:\SmartGriev\e2e-tests\[39mnode_modules\[4mplaywright[24m\lib\worker\workerMain.js:318:5[90m)[39m
    at WorkerMain.runTestGroup [90m(D:\SmartGriev\e2e-tests\[39mnode_modules\[4mplaywright[24m\lib\worker\workerMain.js:198:11[90m)[39m
    at process.<anonymous> [90m(D:\SmartGriev\e2e-tests\[39mnode_modules\[4mplaywright[24m\lib\common\process.js:65:22[90m)[39m
]]>
</system-out>
</testcase>
<testcase name="User Authentication Flow › should validate mobile number format" classname="01-authentication.spec.ts" time="0.027">
<failure message="01-authentication.spec.ts:277:7 should validate mobile number format" type="FAILURE">
<![CDATA[  [firefox] › 01-authentication.spec.ts:277:7 › User Authentication Flow › should validate mobile number format 

    Error: browser.newContext: Unknown permission: microphone

    TypeError: Cannot read properties of undefined (reading 'close')

      28 |       console.log('Cleanup error:', error);
      29 |     }
    > 30 |     await dbHelper.close();
         |                    ^
      31 |   });
      32 |
      33 |   test('should complete user signup flow with OTP verification', async ({ page }) => {
        at D:\SmartGriev\e2e-tests\tests\01-authentication.spec.ts:30:20
]]>
</failure>
<system-out>
<![CDATA[Cleanup error: TypeError: Cannot read properties of undefined (reading 'cleanupTestData')
    at [90mD:\SmartGriev\e2e-tests\[39mtests\01-authentication.spec.ts:26:22
    at [90mD:\SmartGriev\e2e-tests\[39mnode_modules\[4mplaywright[24m\lib\worker\fixtureRunner.js:228:52
    at [90mD:\SmartGriev\e2e-tests\[39mnode_modules\[4mplaywright[24m\lib\worker\testInfo.js:305:17
    at TimeoutManager.withRunnable [90m(D:\SmartGriev\e2e-tests\[39mnode_modules\[4mplaywright[24m\lib\worker\timeoutManager.js:68:9[90m)[39m
    at TestInfoImpl._runWithTimeout [90m(D:\SmartGriev\e2e-tests\[39mnode_modules\[4mplaywright[24m\lib\worker\testInfo.js:303:34[90m)[39m
    at FixtureRunner.resolveParametersAndRunFunction [90m(D:\SmartGriev\e2e-tests\[39mnode_modules\[4mplaywright[24m\lib\worker\fixtureRunner.js:228:20[90m)[39m
    at [90mD:\SmartGriev\e2e-tests\[39mnode_modules\[4mplaywright[24m\lib\worker\workerMain.js:469:11
    at TestInfoImpl._runAsStep [90m(D:\SmartGriev\e2e-tests\[39mnode_modules\[4mplaywright[24m\lib\worker\testInfo.js:294:7[90m)[39m
    at WorkerMain._runEachHooksForSuites [90m(D:\SmartGriev\e2e-tests\[39mnode_modules\[4mplaywright[24m\lib\worker\workerMain.js:468:9[90m)[39m
    at [90mD:\SmartGriev\e2e-tests\[39mnode_modules\[4mplaywright[24m\lib\worker\workerMain.js:330:11
    at TestInfoImpl._runAsStep [90m(D:\SmartGriev\e2e-tests\[39mnode_modules\[4mplaywright[24m\lib\worker\testInfo.js:294:7[90m)[39m
    at WorkerMain._runTest [90m(D:\SmartGriev\e2e-tests\[39mnode_modules\[4mplaywright[24m\lib\worker\workerMain.js:318:5[90m)[39m
    at WorkerMain.runTestGroup [90m(D:\SmartGriev\e2e-tests\[39mnode_modules\[4mplaywright[24m\lib\worker\workerMain.js:198:11[90m)[39m
    at process.<anonymous> [90m(D:\SmartGriev\e2e-tests\[39mnode_modules\[4mplaywright[24m\lib\common\process.js:65:22[90m)[39m
]]>
</system-out>
</testcase>
<testcase name="User Authentication Flow › should prevent duplicate email registration" classname="01-authentication.spec.ts" time="0.029">
<failure message="01-authentication.spec.ts:299:7 should prevent duplicate email registration" type="FAILURE">
<![CDATA[  [firefox] › 01-authentication.spec.ts:299:7 › User Authentication Flow › should prevent duplicate email registration 

    Error: browser.newContext: Unknown permission: microphone

    TypeError: Cannot read properties of undefined (reading 'close')

      28 |       console.log('Cleanup error:', error);
      29 |     }
    > 30 |     await dbHelper.close();
         |                    ^
      31 |   });
      32 |
      33 |   test('should complete user signup flow with OTP verification', async ({ page }) => {
        at D:\SmartGriev\e2e-tests\tests\01-authentication.spec.ts:30:20
]]>
</failure>
<system-out>
<![CDATA[Cleanup error: TypeError: Cannot read properties of undefined (reading 'cleanupTestData')
    at [90mD:\SmartGriev\e2e-tests\[39mtests\01-authentication.spec.ts:26:22
    at [90mD:\SmartGriev\e2e-tests\[39mnode_modules\[4mplaywright[24m\lib\worker\fixtureRunner.js:228:52
    at [90mD:\SmartGriev\e2e-tests\[39mnode_modules\[4mplaywright[24m\lib\worker\testInfo.js:305:17
    at TimeoutManager.withRunnable [90m(D:\SmartGriev\e2e-tests\[39mnode_modules\[4mplaywright[24m\lib\worker\timeoutManager.js:68:9[90m)[39m
    at TestInfoImpl._runWithTimeout [90m(D:\SmartGriev\e2e-tests\[39mnode_modules\[4mplaywright[24m\lib\worker\testInfo.js:303:34[90m)[39m
    at FixtureRunner.resolveParametersAndRunFunction [90m(D:\SmartGriev\e2e-tests\[39mnode_modules\[4mplaywright[24m\lib\worker\fixtureRunner.js:228:20[90m)[39m
    at [90mD:\SmartGriev\e2e-tests\[39mnode_modules\[4mplaywright[24m\lib\worker\workerMain.js:469:11
    at TestInfoImpl._runAsStep [90m(D:\SmartGriev\e2e-tests\[39mnode_modules\[4mplaywright[24m\lib\worker\testInfo.js:294:7[90m)[39m
    at WorkerMain._runEachHooksForSuites [90m(D:\SmartGriev\e2e-tests\[39mnode_modules\[4mplaywright[24m\lib\worker\workerMain.js:468:9[90m)[39m
    at [90mD:\SmartGriev\e2e-tests\[39mnode_modules\[4mplaywright[24m\lib\worker\workerMain.js:330:11
    at TestInfoImpl._runAsStep [90m(D:\SmartGriev\e2e-tests\[39mnode_modules\[4mplaywright[24m\lib\worker\testInfo.js:294:7[90m)[39m
    at WorkerMain._runTest [90m(D:\SmartGriev\e2e-tests\[39mnode_modules\[4mplaywright[24m\lib\worker\workerMain.js:318:5[90m)[39m
    at WorkerMain.runTestGroup [90m(D:\SmartGriev\e2e-tests\[39mnode_modules\[4mplaywright[24m\lib\worker\workerMain.js:198:11[90m)[39m
    at process.<anonymous> [90m(D:\SmartGriev\e2e-tests\[39mnode_modules\[4mplaywright[24m\lib\common\process.js:65:22[90m)[39m
]]>
</system-out>
</testcase>
<testcase name="User Authentication Flow › should handle password visibility toggle" classname="01-authentication.spec.ts" time="0.027">
<failure message="01-authentication.spec.ts:326:7 should handle password visibility toggle" type="FAILURE">
<![CDATA[  [firefox] › 01-authentication.spec.ts:326:7 › User Authentication Flow › should handle password visibility toggle 

    Error: browser.newContext: Unknown permission: microphone

    TypeError: Cannot read properties of undefined (reading 'close')

      28 |       console.log('Cleanup error:', error);
      29 |     }
    > 30 |     await dbHelper.close();
         |                    ^
      31 |   });
      32 |
      33 |   test('should complete user signup flow with OTP verification', async ({ page }) => {
        at D:\SmartGriev\e2e-tests\tests\01-authentication.spec.ts:30:20
]]>
</failure>
<system-out>
<![CDATA[Cleanup error: TypeError: Cannot read properties of undefined (reading 'cleanupTestData')
    at [90mD:\SmartGriev\e2e-tests\[39mtests\01-authentication.spec.ts:26:22
    at [90mD:\SmartGriev\e2e-tests\[39mnode_modules\[4mplaywright[24m\lib\worker\fixtureRunner.js:228:52
    at [90mD:\SmartGriev\e2e-tests\[39mnode_modules\[4mplaywright[24m\lib\worker\testInfo.js:305:17
    at TimeoutManager.withRunnable [90m(D:\SmartGriev\e2e-tests\[39mnode_modules\[4mplaywright[24m\lib\worker\timeoutManager.js:68:9[90m)[39m
    at TestInfoImpl._runWithTimeout [90m(D:\SmartGriev\e2e-tests\[39mnode_modules\[4mplaywright[24m\lib\worker\testInfo.js:303:34[90m)[39m
    at FixtureRunner.resolveParametersAndRunFunction [90m(D:\SmartGriev\e2e-tests\[39mnode_modules\[4mplaywright[24m\lib\worker\fixtureRunner.js:228:20[90m)[39m
    at [90mD:\SmartGriev\e2e-tests\[39mnode_modules\[4mplaywright[24m\lib\worker\workerMain.js:469:11
    at TestInfoImpl._runAsStep [90m(D:\SmartGriev\e2e-tests\[39mnode_modules\[4mplaywright[24m\lib\worker\testInfo.js:294:7[90m)[39m
    at WorkerMain._runEachHooksForSuites [90m(D:\SmartGriev\e2e-tests\[39mnode_modules\[4mplaywright[24m\lib\worker\workerMain.js:468:9[90m)[39m
    at [90mD:\SmartGriev\e2e-tests\[39mnode_modules\[4mplaywright[24m\lib\worker\workerMain.js:330:11
    at TestInfoImpl._runAsStep [90m(D:\SmartGriev\e2e-tests\[39mnode_modules\[4mplaywright[24m\lib\worker\testInfo.js:294:7[90m)[39m
    at WorkerMain._runTest [90m(D:\SmartGriev\e2e-tests\[39mnode_modules\[4mplaywright[24m\lib\worker\workerMain.js:318:5[90m)[39m
    at WorkerMain.runTestGroup [90m(D:\SmartGriev\e2e-tests\[39mnode_modules\[4mplaywright[24m\lib\worker\workerMain.js:198:11[90m)[39m
    at process.<anonymous> [90m(D:\SmartGriev\e2e-tests\[39mnode_modules\[4mplaywright[24m\lib\common\process.js:65:22[90m)[39m
]]>
</system-out>
</testcase>
</testsuite>
<testsuite name="01-authentication.spec.ts" timestamp="2025-11-10T01:51:03.800Z" hostname="webkit" tests="10" failures="10" skipped="0" time="1.059" errors="0">
<testcase name="User Authentication Flow › should complete user signup flow with OTP verification" classname="01-authentication.spec.ts" time="0.184">
<failure message="01-authentication.spec.ts:33:7 should complete user signup flow with OTP verification" type="FAILURE">
<![CDATA[  [webkit] › 01-authentication.spec.ts:33:7 › User Authentication Flow › should complete user signup flow with OTP verification 

    Error: browserContext.newPage: Unknown permission: microphone

    TypeError: Cannot read properties of undefined (reading 'close')

      28 |       console.log('Cleanup error:', error);
      29 |     }
    > 30 |     await dbHelper.close();
         |                    ^
      31 |   });
      32 |
      33 |   test('should complete user signup flow with OTP verification', async ({ page }) => {
        at D:\SmartGriev\e2e-tests\tests\01-authentication.spec.ts:30:20
]]>
</failure>
<system-out>
<![CDATA[Cleanup error: TypeError: Cannot read properties of undefined (reading 'cleanupTestData')
    at [90mD:\SmartGriev\e2e-tests\[39mtests\01-authentication.spec.ts:26:22
    at [90mD:\SmartGriev\e2e-tests\[39mnode_modules\[4mplaywright[24m\lib\worker\fixtureRunner.js:228:52
    at [90mD:\SmartGriev\e2e-tests\[39mnode_modules\[4mplaywright[24m\lib\worker\testInfo.js:305:17
    at TimeoutManager.withRunnable [90m(D:\SmartGriev\e2e-tests\[39mnode_modules\[4mplaywright[24m\lib\worker\timeoutManager.js:68:9[90m)[39m
    at TestInfoImpl._runWithTimeout [90m(D:\SmartGriev\e2e-tests\[39mnode_modules\[4mplaywright[24m\lib\worker\testInfo.js:303:34[90m)[39m
    at FixtureRunner.resolveParametersAndRunFunction [90m(D:\SmartGriev\e2e-tests\[39mnode_modules\[4mplaywright[24m\lib\worker\fixtureRunner.js:228:20[90m)[39m
    at [90mD:\SmartGriev\e2e-tests\[39mnode_modules\[4mplaywright[24m\lib\worker\workerMain.js:469:11
    at TestInfoImpl._runAsStep [90m(D:\SmartGriev\e2e-tests\[39mnode_modules\[4mplaywright[24m\lib\worker\testInfo.js:294:7[90m)[39m
    at WorkerMain._runEachHooksForSuites [90m(D:\SmartGriev\e2e-tests\[39mnode_modules\[4mplaywright[24m\lib\worker\workerMain.js:468:9[90m)[39m
    at [90mD:\SmartGriev\e2e-tests\[39mnode_modules\[4mplaywright[24m\lib\worker\workerMain.js:330:11
    at TestInfoImpl._runAsStep [90m(D:\SmartGriev\e2e-tests\[39mnode_modules\[4mplaywright[24m\lib\worker\testInfo.js:294:7[90m)[39m
    at WorkerMain._runTest [90m(D:\SmartGriev\e2e-tests\[39mnode_modules\[4mplaywright[24m\lib\worker\workerMain.js:318:5[90m)[39m
    at WorkerMain.runTestGroup [90m(D:\SmartGriev\e2e-tests\[39mnode_modules\[4mplaywright[24m\lib\worker\workerMain.js:198:11[90m)[39m
    at process.<anonymous> [90m(D:\SmartGriev\e2e-tests\[39mnode_modules\[4mplaywright[24m\lib\common\process.js:65:22[90m)[39m
]]>
</system-out>
</testcase>
<testcase name="User Authentication Flow › should login with valid credentials" classname="01-authentication.spec.ts" time="0.088">
<failure message="01-authentication.spec.ts:114:7 should login with valid credentials" type="FAILURE">
<![CDATA[  [webkit] › 01-authentication.spec.ts:114:7 › User Authentication Flow › should login with valid credentials 

    Error: browserContext.newPage: Unknown permission: microphone

    TypeError: Cannot read properties of undefined (reading 'close')

      28 |       console.log('Cleanup error:', error);
      29 |     }
    > 30 |     await dbHelper.close();
         |                    ^
      31 |   });
      32 |
      33 |   test('should complete user signup flow with OTP verification', async ({ page }) => {
        at D:\SmartGriev\e2e-tests\tests\01-authentication.spec.ts:30:20
]]>
</failure>
<system-out>
<![CDATA[Cleanup error: TypeError: Cannot read properties of undefined (reading 'cleanupTestData')
    at [90mD:\SmartGriev\e2e-tests\[39mtests\01-authentication.spec.ts:26:22
    at [90mD:\SmartGriev\e2e-tests\[39mnode_modules\[4mplaywright[24m\lib\worker\fixtureRunner.js:228:52
    at [90mD:\SmartGriev\e2e-tests\[39mnode_modules\[4mplaywright[24m\lib\worker\testInfo.js:305:17
    at TimeoutManager.withRunnable [90m(D:\SmartGriev\e2e-tests\[39mnode_modules\[4mplaywright[24m\lib\worker\timeoutManager.js:68:9[90m)[39m
    at TestInfoImpl._runWithTimeout [90m(D:\SmartGriev\e2e-tests\[39mnode_modules\[4mplaywright[24m\lib\worker\testInfo.js:303:34[90m)[39m
    at FixtureRunner.resolveParametersAndRunFunction [90m(D:\SmartGriev\e2e-tests\[39mnode_modules\[4mplaywright[24m\lib\worker\fixtureRunner.js:228:20[90m)[39m
    at [90mD:\SmartGriev\e2e-tests\[39mnode_modules\[4mplaywright[24m\lib\worker\workerMain.js:469:11
    at TestInfoImpl._runAsStep [90m(D:\SmartGriev\e2e-tests\[39mnode_modules\[4mplaywright[24m\lib\worker\testInfo.js:294:7[90m)[39m
    at WorkerMain._runEachHooksForSuites [90m(D:\SmartGriev\e2e-tests\[39mnode_modules\[4mplaywright[24m\lib\worker\workerMain.js:468:9[90m)[39m
    at [90mD:\SmartGriev\e2e-tests\[39mnode_modules\[4mplaywright[24m\lib\worker\workerMain.js:330:11
    at TestInfoImpl._runAsStep [90m(D:\SmartGriev\e2e-tests\[39mnode_modules\[4mplaywright[24m\lib\worker\testInfo.js:294:7[90m)[39m
    at WorkerMain._runTest [90m(D:\SmartGriev\e2e-tests\[39mnode_modules\[4mplaywright[24m\lib\worker\workerMain.js:318:5[90m)[39m
    at WorkerMain.runTestGroup [90m(D:\SmartGriev\e2e-tests\[39mnode_modules\[4mplaywright[24m\lib\worker\workerMain.js:198:11[90m)[39m
    at process.<anonymous> [90m(D:\SmartGriev\e2e-tests\[39mnode_modules\[4mplaywright[24m\lib\common\process.js:65:22[90m)[39m
]]>
</system-out>
</testcase>
<testcase name="User Authentication Flow › should show error for invalid credentials" classname="01-authentication.spec.ts" time="0.105">
<failure message="01-authentication.spec.ts:168:7 should show error for invalid credentials" type="FAILURE">
<![CDATA[  [webkit] › 01-authentication.spec.ts:168:7 › User Authentication Flow › should show error for invalid credentials 

    Error: browserContext.newPage: Unknown permission: microphone

    TypeError: Cannot read properties of undefined (reading 'close')

      28 |       console.log('Cleanup error:', error);
      29 |     }
    > 30 |     await dbHelper.close();
         |                    ^
      31 |   });
      32 |
      33 |   test('should complete user signup flow with OTP verification', async ({ page }) => {
        at D:\SmartGriev\e2e-tests\tests\01-authentication.spec.ts:30:20
]]>
</failure>
<system-out>
<![CDATA[Cleanup error: TypeError: Cannot read properties of undefined (reading 'cleanupTestData')
    at [90mD:\SmartGriev\e2e-tests\[39mtests\01-authentication.spec.ts:26:22
    at [90mD:\SmartGriev\e2e-tests\[39mnode_modules\[4mplaywright[24m\lib\worker\fixtureRunner.js:228:52
    at [90mD:\SmartGriev\e2e-tests\[39mnode_modules\[4mplaywright[24m\lib\worker\testInfo.js:305:17
    at TimeoutManager.withRunnable [90m(D:\SmartGriev\e2e-tests\[39mnode_modules\[4mplaywright[24m\lib\worker\timeoutManager.js:68:9[90m)[39m
    at TestInfoImpl._runWithTimeout [90m(D:\SmartGriev\e2e-tests\[39mnode_modules\[4mplaywright[24m\lib\worker\testInfo.js:303:34[90m)[39m
    at FixtureRunner.resolveParametersAndRunFunction [90m(D:\SmartGriev\e2e-tests\[39mnode_modules\[4mplaywright[24m\lib\worker\fixtureRunner.js:228:20[90m)[39m
    at [90mD:\SmartGriev\e2e-tests\[39mnode_modules\[4mplaywright[24m\lib\worker\workerMain.js:469:11
    at TestInfoImpl._runAsStep [90m(D:\SmartGriev\e2e-tests\[39mnode_modules\[4mplaywright[24m\lib\worker\testInfo.js:294:7[90m)[39m
    at WorkerMain._runEachHooksForSuites [90m(D:\SmartGriev\e2e-tests\[39mnode_modules\[4mplaywright[24m\lib\worker\workerMain.js:468:9[90m)[39m
    at [90mD:\SmartGriev\e2e-tests\[39mnode_modules\[4mplaywright[24m\lib\worker\workerMain.js:330:11
    at TestInfoImpl._runAsStep [90m(D:\SmartGriev\e2e-tests\[39mnode_modules\[4mplaywright[24m\lib\worker\testInfo.js:294:7[90m)[39m
    at WorkerMain._runTest [90m(D:\SmartGriev\e2e-tests\[39mnode_modules\[4mplaywright[24m\lib\worker\workerMain.js:318:5[90m)[39m
    at WorkerMain.runTestGroup [90m(D:\SmartGriev\e2e-tests\[39mnode_modules\[4mplaywright[24m\lib\worker\workerMain.js:198:11[90m)[39m
    at process.<anonymous> [90m(D:\SmartGriev\e2e-tests\[39mnode_modules\[4mplaywright[24m\lib\common\process.js:65:22[90m)[39m
]]>
</system-out>
</testcase>
<testcase name="User Authentication Flow › should validate email format" classname="01-authentication.spec.ts" time="0.088">
<failure message="01-authentication.spec.ts:188:7 should validate email format" type="FAILURE">
<![CDATA[  [webkit] › 01-authentication.spec.ts:188:7 › User Authentication Flow › should validate email format 

    Error: browserContext.newPage: Unknown permission: microphone

    TypeError: Cannot read properties of undefined (reading 'close')

      28 |       console.log('Cleanup error:', error);
      29 |     }
    > 30 |     await dbHelper.close();
         |                    ^
      31 |   });
      32 |
      33 |   test('should complete user signup flow with OTP verification', async ({ page }) => {
        at D:\SmartGriev\e2e-tests\tests\01-authentication.spec.ts:30:20
]]>
</failure>
<system-out>
<![CDATA[Cleanup error: TypeError: Cannot read properties of undefined (reading 'cleanupTestData')
    at [90mD:\SmartGriev\e2e-tests\[39mtests\01-authentication.spec.ts:26:22
    at [90mD:\SmartGriev\e2e-tests\[39mnode_modules\[4mplaywright[24m\lib\worker\fixtureRunner.js:228:52
    at [90mD:\SmartGriev\e2e-tests\[39mnode_modules\[4mplaywright[24m\lib\worker\testInfo.js:305:17
    at TimeoutManager.withRunnable [90m(D:\SmartGriev\e2e-tests\[39mnode_modules\[4mplaywright[24m\lib\worker\timeoutManager.js:68:9[90m)[39m
    at TestInfoImpl._runWithTimeout [90m(D:\SmartGriev\e2e-tests\[39mnode_modules\[4mplaywright[24m\lib\worker\testInfo.js:303:34[90m)[39m
    at FixtureRunner.resolveParametersAndRunFunction [90m(D:\SmartGriev\e2e-tests\[39mnode_modules\[4mplaywright[24m\lib\worker\fixtureRunner.js:228:20[90m)[39m
    at [90mD:\SmartGriev\e2e-tests\[39mnode_modules\[4mplaywright[24m\lib\worker\workerMain.js:469:11
    at TestInfoImpl._runAsStep [90m(D:\SmartGriev\e2e-tests\[39mnode_modules\[4mplaywright[24m\lib\worker\testInfo.js:294:7[90m)[39m
    at WorkerMain._runEachHooksForSuites [90m(D:\SmartGriev\e2e-tests\[39mnode_modules\[4mplaywright[24m\lib\worker\workerMain.js:468:9[90m)[39m
    at [90mD:\SmartGriev\e2e-tests\[39mnode_modules\[4mplaywright[24m\lib\worker\workerMain.js:330:11
    at TestInfoImpl._runAsStep [90m(D:\SmartGriev\e2e-tests\[39mnode_modules\[4mplaywright[24m\lib\worker\testInfo.js:294:7[90m)[39m
    at WorkerMain._runTest [90m(D:\SmartGriev\e2e-tests\[39mnode_modules\[4mplaywright[24m\lib\worker\workerMain.js:318:5[90m)[39m
    at WorkerMain.runTestGroup [90m(D:\SmartGriev\e2e-tests\[39mnode_modules\[4mplaywright[24m\lib\worker\workerMain.js:198:11[90m)[39m
    at process.<anonymous> [90m(D:\SmartGriev\e2e-tests\[39mnode_modules\[4mplaywright[24m\lib\common\process.js:65:22[90m)[39m
]]>
</system-out>
</testcase>
<testcase name="User Authentication Flow › should validate password strength" classname="01-authentication.spec.ts" time="0.099">
<failure message="01-authentication.spec.ts:210:7 should validate password strength" type="FAILURE">
<![CDATA[  [webkit] › 01-authentication.spec.ts:210:7 › User Authentication Flow › should validate password strength 

    Error: browserContext.newPage: Unknown permission: microphone

    TypeError: Cannot read properties of undefined (reading 'close')

      28 |       console.log('Cleanup error:', error);
      29 |     }
    > 30 |     await dbHelper.close();
         |                    ^
      31 |   });
      32 |
      33 |   test('should complete user signup flow with OTP verification', async ({ page }) => {
        at D:\SmartGriev\e2e-tests\tests\01-authentication.spec.ts:30:20
]]>
</failure>
<system-out>
<![CDATA[Cleanup error: TypeError: Cannot read properties of undefined (reading 'cleanupTestData')
    at [90mD:\SmartGriev\e2e-tests\[39mtests\01-authentication.spec.ts:26:22
    at [90mD:\SmartGriev\e2e-tests\[39mnode_modules\[4mplaywright[24m\lib\worker\fixtureRunner.js:228:52
    at [90mD:\SmartGriev\e2e-tests\[39mnode_modules\[4mplaywright[24m\lib\worker\testInfo.js:305:17
    at TimeoutManager.withRunnable [90m(D:\SmartGriev\e2e-tests\[39mnode_modules\[4mplaywright[24m\lib\worker\timeoutManager.js:68:9[90m)[39m
    at TestInfoImpl._runWithTimeout [90m(D:\SmartGriev\e2e-tests\[39mnode_modules\[4mplaywright[24m\lib\worker\testInfo.js:303:34[90m)[39m
    at FixtureRunner.resolveParametersAndRunFunction [90m(D:\SmartGriev\e2e-tests\[39mnode_modules\[4mplaywright[24m\lib\worker\fixtureRunner.js:228:20[90m)[39m
    at [90mD:\SmartGriev\e2e-tests\[39mnode_modules\[4mplaywright[24m\lib\worker\workerMain.js:469:11
    at TestInfoImpl._runAsStep [90m(D:\SmartGriev\e2e-tests\[39mnode_modules\[4mplaywright[24m\lib\worker\testInfo.js:294:7[90m)[39m
    at WorkerMain._runEachHooksForSuites [90m(D:\SmartGriev\e2e-tests\[39mnode_modules\[4mplaywright[24m\lib\worker\workerMain.js:468:9[90m)[39m
    at [90mD:\SmartGriev\e2e-tests\[39mnode_modules\[4mplaywright[24m\lib\worker\workerMain.js:330:11
    at TestInfoImpl._runAsStep [90m(D:\SmartGriev\e2e-tests\[39mnode_modules\[4mplaywright[24m\lib\worker\testInfo.js:294:7[90m)[39m
    at WorkerMain._runTest [90m(D:\SmartGriev\e2e-tests\[39mnode_modules\[4mplaywright[24m\lib\worker\workerMain.js:318:5[90m)[39m
    at WorkerMain.runTestGroup [90m(D:\SmartGriev\e2e-tests\[39mnode_modules\[4mplaywright[24m\lib\worker\workerMain.js:198:11[90m)[39m
    at process.<anonymous> [90m(D:\SmartGriev\e2e-tests\[39mnode_modules\[4mplaywright[24m\lib\common\process.js:65:22[90m)[39m
]]>
</system-out>
</testcase>
<testcase name="User Authentication Flow › should logout successfully" classname="01-authentication.spec.ts" time="0.094">
<failure message="01-authentication.spec.ts:232:7 should logout successfully" type="FAILURE">
<![CDATA[  [webkit] › 01-authentication.spec.ts:232:7 › User Authentication Flow › should logout successfully 

    Error: browserContext.newPage: Unknown permission: microphone

    TypeError: Cannot read properties of undefined (reading 'close')

      28 |       console.log('Cleanup error:', error);
      29 |     }
    > 30 |     await dbHelper.close();
         |                    ^
      31 |   });
      32 |
      33 |   test('should complete user signup flow with OTP verification', async ({ page }) => {
        at D:\SmartGriev\e2e-tests\tests\01-authentication.spec.ts:30:20
]]>
</failure>
<system-out>
<![CDATA[Cleanup error: TypeError: Cannot read properties of undefined (reading 'cleanupTestData')
    at [90mD:\SmartGriev\e2e-tests\[39mtests\01-authentication.spec.ts:26:22
    at [90mD:\SmartGriev\e2e-tests\[39mnode_modules\[4mplaywright[24m\lib\worker\fixtureRunner.js:228:52
    at [90mD:\SmartGriev\e2e-tests\[39mnode_modules\[4mplaywright[24m\lib\worker\testInfo.js:305:17
    at TimeoutManager.withRunnable [90m(D:\SmartGriev\e2e-tests\[39mnode_modules\[4mplaywright[24m\lib\worker\timeoutManager.js:68:9[90m)[39m
    at TestInfoImpl._runWithTimeout [90m(D:\SmartGriev\e2e-tests\[39mnode_modules\[4mplaywright[24m\lib\worker\testInfo.js:303:34[90m)[39m
    at FixtureRunner.resolveParametersAndRunFunction [90m(D:\SmartGriev\e2e-tests\[39mnode_modules\[4mplaywright[24m\lib\worker\fixtureRunner.js:228:20[90m)[39m
    at [90mD:\SmartGriev\e2e-tests\[39mnode_modules\[4mplaywright[24m\lib\worker\workerMain.js:469:11
    at TestInfoImpl._runAsStep [90m(D:\SmartGriev\e2e-tests\[39mnode_modules\[4mplaywright[24m\lib\worker\testInfo.js:294:7[90m)[39m
    at WorkerMain._runEachHooksForSuites [90m(D:\SmartGriev\e2e-tests\[39mnode_modules\[4mplaywright[24m\lib\worker\workerMain.js:468:9[90m)[39m
    at [90mD:\SmartGriev\e2e-tests\[39mnode_modules\[4mplaywright[24m\lib\worker\workerMain.js:330:11
    at TestInfoImpl._runAsStep [90m(D:\SmartGriev\e2e-tests\[39mnode_modules\[4mplaywright[24m\lib\worker\testInfo.js:294:7[90m)[39m
    at WorkerMain._runTest [90m(D:\SmartGriev\e2e-tests\[39mnode_modules\[4mplaywright[24m\lib\worker\workerMain.js:318:5[90m)[39m
    at WorkerMain.runTestGroup [90m(D:\SmartGriev\e2e-tests\[39mnode_modules\[4mplaywright[24m\lib\worker\workerMain.js:198:11[90m)[39m
    at process.<anonymous> [90m(D:\SmartGriev\e2e-tests\[39mnode_modules\[4mplaywright[24m\lib\common\process.js:65:22[90m)[39m
]]>
</system-out>
</testcase>
<testcase name="User Authentication Flow › should handle session timeout" classname="01-authentication.spec.ts" time="0.097">
<failure message="01-authentication.spec.ts:252:7 should handle session timeout" type="FAILURE">
<![CDATA[  [webkit] › 01-authentication.spec.ts:252:7 › User Authentication Flow › should handle session timeout 

    Error: browserContext.newPage: Unknown permission: microphone

    TypeError: Cannot read properties of undefined (reading 'close')

      28 |       console.log('Cleanup error:', error);
      29 |     }
    > 30 |     await dbHelper.close();
         |                    ^
      31 |   });
      32 |
      33 |   test('should complete user signup flow with OTP verification', async ({ page }) => {
        at D:\SmartGriev\e2e-tests\tests\01-authentication.spec.ts:30:20
]]>
</failure>
<system-out>
<![CDATA[Cleanup error: TypeError: Cannot read properties of undefined (reading 'cleanupTestData')
    at [90mD:\SmartGriev\e2e-tests\[39mtests\01-authentication.spec.ts:26:22
    at [90mD:\SmartGriev\e2e-tests\[39mnode_modules\[4mplaywright[24m\lib\worker\fixtureRunner.js:228:52
    at [90mD:\SmartGriev\e2e-tests\[39mnode_modules\[4mplaywright[24m\lib\worker\testInfo.js:305:17
    at TimeoutManager.withRunnable [90m(D:\SmartGriev\e2e-tests\[39mnode_modules\[4mplaywright[24m\lib\worker\timeoutManager.js:68:9[90m)[39m
    at TestInfoImpl._runWithTimeout [90m(D:\SmartGriev\e2e-tests\[39mnode_modules\[4mplaywright[24m\lib\worker\testInfo.js:303:34[90m)[39m
    at FixtureRunner.resolveParametersAndRunFunction [90m(D:\SmartGriev\e2e-tests\[39mnode_modules\[4mplaywright[24m\lib\worker\fixtureRunner.js:228:20[90m)[39m
    at [90mD:\SmartGriev\e2e-tests\[39mnode_modules\[4mplaywright[24m\lib\worker\workerMain.js:469:11
    at TestInfoImpl._runAsStep [90m(D:\SmartGriev\e2e-tests\[39mnode_modules\[4mplaywright[24m\lib\worker\testInfo.js:294:7[90m)[39m
    at WorkerMain._runEachHooksForSuites [90m(D:\SmartGriev\e2e-tests\[39mnode_modules\[4mplaywright[24m\lib\worker\workerMain.js:468:9[90m)[39m
    at [90mD:\SmartGriev\e2e-tests\[39mnode_modules\[4mplaywright[24m\lib\worker\workerMain.js:330:11
    at TestInfoImpl._runAsStep [90m(D:\SmartGriev\e2e-tests\[39mnode_modules\[4mplaywright[24m\lib\worker\testInfo.js:294:7[90m)[39m
    at WorkerMain._runTest [90m(D:\SmartGriev\e2e-tests\[39mnode_modules\[4mplaywright[24m\lib\worker\workerMain.js:318:5[90m)[39m
    at WorkerMain.runTestGroup [90m(D:\SmartGriev\e2e-tests\[39mnode_modules\[4mplaywright[24m\lib\worker\workerMain.js:198:11[90m)[39m
    at process.<anonymous> [90m(D:\SmartGriev\e2e-tests\[39mnode_modules\[4mplaywright[24m\lib\common\process.js:65:22[90m)[39m
]]>
</system-out>
</testcase>
<testcase name="User Authentication Flow › should validate mobile number format" classname="01-authentication.spec.ts" time="0.105">
<failure message="01-authentication.spec.ts:277:7 should validate mobile number format" type="FAILURE">
<![CDATA[  [webkit] › 01-authentication.spec.ts:277:7 › User Authentication Flow › should validate mobile number format 

    Error: browserContext.newPage: Unknown permission: microphone

    TypeError: Cannot read properties of undefined (reading 'close')

      28 |       console.log('Cleanup error:', error);
      29 |     }
    > 30 |     await dbHelper.close();
         |                    ^
      31 |   });
      32 |
      33 |   test('should complete user signup flow with OTP verification', async ({ page }) => {
        at D:\SmartGriev\e2e-tests\tests\01-authentication.spec.ts:30:20
]]>
</failure>
<system-out>
<![CDATA[Cleanup error: TypeError: Cannot read properties of undefined (reading 'cleanupTestData')
    at [90mD:\SmartGriev\e2e-tests\[39mtests\01-authentication.spec.ts:26:22
    at [90mD:\SmartGriev\e2e-tests\[39mnode_modules\[4mplaywright[24m\lib\worker\fixtureRunner.js:228:52
    at [90mD:\SmartGriev\e2e-tests\[39mnode_modules\[4mplaywright[24m\lib\worker\testInfo.js:305:17
    at TimeoutManager.withRunnable [90m(D:\SmartGriev\e2e-tests\[39mnode_modules\[4mplaywright[24m\lib\worker\timeoutManager.js:68:9[90m)[39m
    at TestInfoImpl._runWithTimeout [90m(D:\SmartGriev\e2e-tests\[39mnode_modules\[4mplaywright[24m\lib\worker\testInfo.js:303:34[90m)[39m
    at FixtureRunner.resolveParametersAndRunFunction [90m(D:\SmartGriev\e2e-tests\[39mnode_modules\[4mplaywright[24m\lib\worker\fixtureRunner.js:228:20[90m)[39m
    at [90mD:\SmartGriev\e2e-tests\[39mnode_modules\[4mplaywright[24m\lib\worker\workerMain.js:469:11
    at TestInfoImpl._runAsStep [90m(D:\SmartGriev\e2e-tests\[39mnode_modules\[4mplaywright[24m\lib\worker\testInfo.js:294:7[90m)[39m
    at WorkerMain._runEachHooksForSuites [90m(D:\SmartGriev\e2e-tests\[39mnode_modules\[4mplaywright[24m\lib\worker\workerMain.js:468:9[90m)[39m
    at [90mD:\SmartGriev\e2e-tests\[39mnode_modules\[4mplaywright[24m\lib\worker\workerMain.js:330:11
    at TestInfoImpl._runAsStep [90m(D:\SmartGriev\e2e-tests\[39mnode_modules\[4mplaywright[24m\lib\worker\testInfo.js:294:7[90m)[39m
    at WorkerMain._runTest [90m(D:\SmartGriev\e2e-tests\[39mnode_modules\[4mplaywright[24m\lib\worker\workerMain.js:318:5[90m)[39m
    at WorkerMain.runTestGroup [90m(D:\SmartGriev\e2e-tests\[39mnode_modules\[4mplaywright[24m\lib\worker\workerMain.js:198:11[90m)[39m
    at process.<anonymous> [90m(D:\SmartGriev\e2e-tests\[39mnode_modules\[4mplaywright[24m\lib\common\process.js:65:22[90m)[39m
]]>
</system-out>
</testcase>
<testcase name="User Authentication Flow › should prevent duplicate email registration" classname="01-authentication.spec.ts" time="0.104">
<failure message="01-authentication.spec.ts:299:7 should prevent duplicate email registration" type="FAILURE">
<![CDATA[  [webkit] › 01-authentication.spec.ts:299:7 › User Authentication Flow › should prevent duplicate email registration 

    Error: browserContext.newPage: Unknown permission: microphone

    TypeError: Cannot read properties of undefined (reading 'close')

      28 |       console.log('Cleanup error:', error);
      29 |     }
    > 30 |     await dbHelper.close();
         |                    ^
      31 |   });
      32 |
      33 |   test('should complete user signup flow with OTP verification', async ({ page }) => {
        at D:\SmartGriev\e2e-tests\tests\01-authentication.spec.ts:30:20
]]>
</failure>
<system-out>
<![CDATA[Cleanup error: TypeError: Cannot read properties of undefined (reading 'cleanupTestData')
    at [90mD:\SmartGriev\e2e-tests\[39mtests\01-authentication.spec.ts:26:22
    at [90mD:\SmartGriev\e2e-tests\[39mnode_modules\[4mplaywright[24m\lib\worker\fixtureRunner.js:228:52
    at [90mD:\SmartGriev\e2e-tests\[39mnode_modules\[4mplaywright[24m\lib\worker\testInfo.js:305:17
    at TimeoutManager.withRunnable [90m(D:\SmartGriev\e2e-tests\[39mnode_modules\[4mplaywright[24m\lib\worker\timeoutManager.js:68:9[90m)[39m
    at TestInfoImpl._runWithTimeout [90m(D:\SmartGriev\e2e-tests\[39mnode_modules\[4mplaywright[24m\lib\worker\testInfo.js:303:34[90m)[39m
    at FixtureRunner.resolveParametersAndRunFunction [90m(D:\SmartGriev\e2e-tests\[39mnode_modules\[4mplaywright[24m\lib\worker\fixtureRunner.js:228:20[90m)[39m
    at [90mD:\SmartGriev\e2e-tests\[39mnode_modules\[4mplaywright[24m\lib\worker\workerMain.js:469:11
    at TestInfoImpl._runAsStep [90m(D:\SmartGriev\e2e-tests\[39mnode_modules\[4mplaywright[24m\lib\worker\testInfo.js:294:7[90m)[39m
    at WorkerMain._runEachHooksForSuites [90m(D:\SmartGriev\e2e-tests\[39mnode_modules\[4mplaywright[24m\lib\worker\workerMain.js:468:9[90m)[39m
    at [90mD:\SmartGriev\e2e-tests\[39mnode_modules\[4mplaywright[24m\lib\worker\workerMain.js:330:11
    at TestInfoImpl._runAsStep [90m(D:\SmartGriev\e2e-tests\[39mnode_modules\[4mplaywright[24m\lib\worker\testInfo.js:294:7[90m)[39m
    at WorkerMain._runTest [90m(D:\SmartGriev\e2e-tests\[39mnode_modules\[4mplaywright[24m\lib\worker\workerMain.js:318:5[90m)[39m
    at WorkerMain.runTestGroup [90m(D:\SmartGriev\e2e-tests\[39mnode_modules\[4mplaywright[24m\lib\worker\workerMain.js:198:11[90m)[39m
    at process.<anonymous> [90m(D:\SmartGriev\e2e-tests\[39mnode_modules\[4mplaywright[24m\lib\common\process.js:65:22[90m)[39m
]]>
</system-out>
</testcase>
<testcase name="User Authentication Flow › should handle password visibility toggle" classname="01-authentication.spec.ts" time="0.095">
<failure message="01-authentication.spec.ts:326:7 should handle password visibility toggle" type="FAILURE">
<![CDATA[  [webkit] › 01-authentication.spec.ts:326:7 › User Authentication Flow › should handle password visibility toggle 

    Error: browserContext.newPage: Unknown permission: microphone

    TypeError: Cannot read properties of undefined (reading 'close')

      28 |       console.log('Cleanup error:', error);
      29 |     }
    > 30 |     await dbHelper.close();
         |                    ^
      31 |   });
      32 |
      33 |   test('should complete user signup flow with OTP verification', async ({ page }) => {
        at D:\SmartGriev\e2e-tests\tests\01-authentication.spec.ts:30:20
]]>
</failure>
<system-out>
<![CDATA[Cleanup error: TypeError: Cannot read properties of undefined (reading 'cleanupTestData')
    at [90mD:\SmartGriev\e2e-tests\[39mtests\01-authentication.spec.ts:26:22
    at [90mD:\SmartGriev\e2e-tests\[39mnode_modules\[4mplaywright[24m\lib\worker\fixtureRunner.js:228:52
    at [90mD:\SmartGriev\e2e-tests\[39mnode_modules\[4mplaywright[24m\lib\worker\testInfo.js:305:17
    at TimeoutManager.withRunnable [90m(D:\SmartGriev\e2e-tests\[39mnode_modules\[4mplaywright[24m\lib\worker\timeoutManager.js:68:9[90m)[39m
    at TestInfoImpl._runWithTimeout [90m(D:\SmartGriev\e2e-tests\[39mnode_modules\[4mplaywright[24m\lib\worker\testInfo.js:303:34[90m)[39m
    at FixtureRunner.resolveParametersAndRunFunction [90m(D:\SmartGriev\e2e-tests\[39mnode_modules\[4mplaywright[24m\lib\worker\fixtureRunner.js:228:20[90m)[39m
    at [90mD:\SmartGriev\e2e-tests\[39mnode_modules\[4mplaywright[24m\lib\worker\workerMain.js:469:11
    at TestInfoImpl._runAsStep [90m(D:\SmartGriev\e2e-tests\[39mnode_modules\[4mplaywright[24m\lib\worker\testInfo.js:294:7[90m)[39m
    at WorkerMain._runEachHooksForSuites [90m(D:\SmartGriev\e2e-tests\[39mnode_modules\[4mplaywright[24m\lib\worker\workerMain.js:468:9[90m)[39m
    at [90mD:\SmartGriev\e2e-tests\[39mnode_modules\[4mplaywright[24m\lib\worker\workerMain.js:330:11
    at TestInfoImpl._runAsStep [90m(D:\SmartGriev\e2e-tests\[39mnode_modules\[4mplaywright[24m\lib\worker\testInfo.js:294:7[90m)[39m
    at WorkerMain._runTest [90m(D:\SmartGriev\e2e-tests\[39mnode_modules\[4mplaywright[24m\lib\worker\workerMain.js:318:5[90m)[39m
    at WorkerMain.runTestGroup [90m(D:\SmartGriev\e2e-tests\[39mnode_modules\[4mplaywright[24m\lib\worker\workerMain.js:198:11[90m)[39m
    at process.<anonymous> [90m(D:\SmartGriev\e2e-tests\[39mnode_modules\[4mplaywright[24m\lib\common\process.js:65:22[90m)[39m
]]>
</system-out>
</testcase>
</testsuite>
<testsuite name="01-authentication.spec.ts" timestamp="2025-11-10T01:51:03.800Z" hostname="Mobile Chrome" tests="10" failures="9" skipped="0" time="443.634" errors="0">
<testcase name="User Authentication Flow › should complete user signup flow with OTP verification" classname="01-authentication.spec.ts" time="63.03">
<failure message="01-authentication.spec.ts:33:7 should complete user signup flow with OTP verification" type="FAILURE">
<![CDATA[  [Mobile Chrome] › 01-authentication.spec.ts:33:7 › User Authentication Flow › should complete user signup flow with OTP verification 

    Test timeout of 60000ms exceeded.

    Error: page.fill: Test timeout of 60000ms exceeded.
    Call log:
      - waiting for locator('input[name="name"], input[name="fullName"]')


      37 |
      38 |     // Fill signup form
    > 39 |     await page.fill('input[name="name"], input[name="fullName"]', 'Test User');
         |                ^
      40 |     await page.fill('input[name="email"], input[type="email"]', testEmail);
      41 |     await page.fill('input[name="mobile"], input[name="phone"]', testMobile);
      42 |     await page.fill('input[name="password"], input[type="password"]', testPassword);
        at D:\SmartGriev\e2e-tests\tests\01-authentication.spec.ts:39:16

    attachment #1: screenshot (image/png) ──────────────────────────────────────────────────────────
    ..\test-results\01-authentication-User-Aut-87ba7--flow-with-OTP-verification-Mobile-Chrome\test-failed-1.png
    ────────────────────────────────────────────────────────────────────────────────────────────────

    attachment #2: video (video/webm) ──────────────────────────────────────────────────────────────
    ..\test-results\01-authentication-User-Aut-87ba7--flow-with-OTP-verification-Mobile-Chrome\video.webm
    ────────────────────────────────────────────────────────────────────────────────────────────────

    Error Context: ..\test-results\01-authentication-User-Aut-87ba7--flow-with-OTP-verification-Mobile-Chrome\error-context.md
]]>
</failure>
<system-out>
<![CDATA[✓ Database connected successfully

[[ATTACHMENT|..\test-results\01-authentication-User-Aut-87ba7--flow-with-OTP-verification-Mobile-Chrome\test-failed-1.png]]

[[ATTACHMENT|..\test-results\01-authentication-User-Aut-87ba7--flow-with-OTP-verification-Mobile-Chrome\video.webm]]

[[ATTACHMENT|..\test-results\01-authentication-User-Aut-87ba7--flow-with-OTP-verification-Mobile-Chrome\error-context.md]]
]]>
</system-out>
</testcase>
<testcase name="User Authentication Flow › should login with valid credentials" classname="01-authentication.spec.ts" time="61.762">
<failure message="01-authentication.spec.ts:114:7 should login with valid credentials" type="FAILURE">
<![CDATA[  [Mobile Chrome] › 01-authentication.spec.ts:114:7 › User Authentication Flow › should login with valid credentials 

    Test timeout of 60000ms exceeded.

    Error: page.fill: Test timeout of 60000ms exceeded.
    Call log:
      - waiting for locator('input[name="name"], input[name="fullName"]')


      126 |       // Navigate to register page and create user
      127 |       await page.goto('/register');
    > 128 |       await page.fill('input[name="name"], input[name="fullName"]', 'Test User');
          |                  ^
      129 |       await page.fill('input[name="email"], input[type="email"]', loginEmail);
      130 |       await page.fill('input[name="mobile"], input[name="phone"]', testMobile);
      131 |       await page.fill('input[name="password"], input[type="password"]', loginPassword);
        at D:\SmartGriev\e2e-tests\tests\01-authentication.spec.ts:128:18

    attachment #1: screenshot (image/png) ──────────────────────────────────────────────────────────
    ..\test-results\01-authentication-User-Aut-8eca7-ogin-with-valid-credentials-Mobile-Chrome\test-failed-1.png
    ────────────────────────────────────────────────────────────────────────────────────────────────

    attachment #2: video (video/webm) ──────────────────────────────────────────────────────────────
    ..\test-results\01-authentication-User-Aut-8eca7-ogin-with-valid-credentials-Mobile-Chrome\video.webm
    ────────────────────────────────────────────────────────────────────────────────────────────────

    Error Context: ..\test-results\01-authentication-User-Aut-8eca7-ogin-with-valid-credentials-Mobile-Chrome\error-context.md
]]>
</failure>
<system-out>
<![CDATA[✓ Database connected successfully
⚠️ User does not exist, creating via signup first...

[[ATTACHMENT|..\test-results\01-authentication-User-Aut-8eca7-ogin-with-valid-credentials-Mobile-Chrome\test-failed-1.png]]

[[ATTACHMENT|..\test-results\01-authentication-User-Aut-8eca7-ogin-with-valid-credentials-Mobile-Chrome\video.webm]]

[[ATTACHMENT|..\test-results\01-authentication-User-Aut-8eca7-ogin-with-valid-credentials-Mobile-Chrome\error-context.md]]
]]>
</system-out>
</testcase>
<testcase name="User Authentication Flow › should show error for invalid credentials" classname="01-authentication.spec.ts" time="18.468">
<failure message="01-authentication.spec.ts:168:7 should show error for invalid credentials" type="FAILURE">
<![CDATA[  [Mobile Chrome] › 01-authentication.spec.ts:168:7 › User Authentication Flow › should show error for invalid credentials 

    TimeoutError: locator.waitFor: Timeout 5000ms exceeded.
    Call log:
      - waiting for locator('.ant-notification, .toast, [role="alert"]').first() to be visible


       at ..\utils\helpers.ts:69

      67 |   async waitForNotification(message?: string) {
      68 |     const notification = this.page.locator('.ant-notification, .toast, [role="alert"]').first();
    > 69 |     await notification.waitFor({ state: 'visible', timeout: 5000 });
         |                        ^
      70 |     
      71 |     if (message) {
      72 |       await expect(notification).toContainText(message);
        at TestHelpers.waitForNotification (D:\SmartGriev\e2e-tests\utils\helpers.ts:69:24)
        at D:\SmartGriev\e2e-tests\tests\01-authentication.spec.ts:178:19

    attachment #1: screenshot (image/png) ──────────────────────────────────────────────────────────
    ..\test-results\01-authentication-User-Aut-4b058-ror-for-invalid-credentials-Mobile-Chrome\test-failed-1.png
    ────────────────────────────────────────────────────────────────────────────────────────────────

    attachment #2: video (video/webm) ──────────────────────────────────────────────────────────────
    ..\test-results\01-authentication-User-Aut-4b058-ror-for-invalid-credentials-Mobile-Chrome\video.webm
    ────────────────────────────────────────────────────────────────────────────────────────────────

    Error Context: ..\test-results\01-authentication-User-Aut-4b058-ror-for-invalid-credentials-Mobile-Chrome\error-context.md
]]>
</failure>
<system-out>
<![CDATA[✓ Database connected successfully

[[ATTACHMENT|..\test-results\01-authentication-User-Aut-4b058-ror-for-invalid-credentials-Mobile-Chrome\test-failed-1.png]]

[[ATTACHMENT|..\test-results\01-authentication-User-Aut-4b058-ror-for-invalid-credentials-Mobile-Chrome\video.webm]]

[[ATTACHMENT|..\test-results\01-authentication-User-Aut-4b058-ror-for-invalid-credentials-Mobile-Chrome\error-context.md]]
]]>
</system-out>
</testcase>
<testcase name="User Authentication Flow › should validate email format" classname="01-authentication.spec.ts" time="60.253">
<failure message="01-authentication.spec.ts:188:7 should validate email format" type="FAILURE">
<![CDATA[  [Mobile Chrome] › 01-authentication.spec.ts:188:7 › User Authentication Flow › should validate email format 

    Test timeout of 60000ms exceeded.

    Error: page.fill: Test timeout of 60000ms exceeded.
    Call log:
      - waiting for locator('input[name="name"]')


      191 |     // Fill form with invalid email
      192 |     await page.fill('input[name="email"], input[type="email"]', 'invalid-email');
    > 193 |     await page.fill('input[name="name"]', 'Test User');
          |                ^
      194 |     await page.fill('input[name="mobile"]', testMobile);
      195 |     await page.fill('input[name="password"]', testPassword);
      196 |
        at D:\SmartGriev\e2e-tests\tests\01-authentication.spec.ts:193:16

    attachment #1: screenshot (image/png) ──────────────────────────────────────────────────────────
    ..\test-results\01-authentication-User-Aut-bee91-hould-validate-email-format-Mobile-Chrome\test-failed-1.png
    ────────────────────────────────────────────────────────────────────────────────────────────────

    attachment #2: video (video/webm) ──────────────────────────────────────────────────────────────
    ..\test-results\01-authentication-User-Aut-bee91-hould-validate-email-format-Mobile-Chrome\video.webm
    ────────────────────────────────────────────────────────────────────────────────────────────────

    Error Context: ..\test-results\01-authentication-User-Aut-bee91-hould-validate-email-format-Mobile-Chrome\error-context.md
]]>
</failure>
<system-out>
<![CDATA[✓ Database connected successfully

[[ATTACHMENT|..\test-results\01-authentication-User-Aut-bee91-hould-validate-email-format-Mobile-Chrome\test-failed-1.png]]

[[ATTACHMENT|..\test-results\01-authentication-User-Aut-bee91-hould-validate-email-format-Mobile-Chrome\video.webm]]

[[ATTACHMENT|..\test-results\01-authentication-User-Aut-bee91-hould-validate-email-format-Mobile-Chrome\error-context.md]]
]]>
</system-out>
</testcase>
<testcase name="User Authentication Flow › should validate password strength" classname="01-authentication.spec.ts" time="60.252">
<failure message="01-authentication.spec.ts:210:7 should validate password strength" type="FAILURE">
<![CDATA[  [Mobile Chrome] › 01-authentication.spec.ts:210:7 › User Authentication Flow › should validate password strength 

    Test timeout of 60000ms exceeded.

    Error: page.fill: Test timeout of 60000ms exceeded.
    Call log:
      - waiting for locator('input[name="name"]')


      213 |     // Fill form with weak password
      214 |     await page.fill('input[name="email"]', testEmail);
    > 215 |     await page.fill('input[name="name"]', 'Test User');
          |                ^
      216 |     await page.fill('input[name="mobile"]', testMobile);
      217 |     await page.fill('input[name="password"]', '123'); // Weak password
      218 |
        at D:\SmartGriev\e2e-tests\tests\01-authentication.spec.ts:215:16

    attachment #1: screenshot (image/png) ──────────────────────────────────────────────────────────
    ..\test-results\01-authentication-User-Aut-956e4--validate-password-strength-Mobile-Chrome\test-failed-1.png
    ────────────────────────────────────────────────────────────────────────────────────────────────

    attachment #2: video (video/webm) ──────────────────────────────────────────────────────────────
    ..\test-results\01-authentication-User-Aut-956e4--validate-password-strength-Mobile-Chrome\video.webm
    ────────────────────────────────────────────────────────────────────────────────────────────────

    Error Context: ..\test-results\01-authentication-User-Aut-956e4--validate-password-strength-Mobile-Chrome\error-context.md
]]>
</failure>
<system-out>
<![CDATA[✓ Database connected successfully

[[ATTACHMENT|..\test-results\01-authentication-User-Aut-956e4--validate-password-strength-Mobile-Chrome\test-failed-1.png]]

[[ATTACHMENT|..\test-results\01-authentication-User-Aut-956e4--validate-password-strength-Mobile-Chrome\video.webm]]

[[ATTACHMENT|..\test-results\01-authentication-User-Aut-956e4--validate-password-strength-Mobile-Chrome\error-context.md]]
]]>
</system-out>
</testcase>
<testcase name="User Authentication Flow › should logout successfully" classname="01-authentication.spec.ts" time="23.04">
<failure message="01-authentication.spec.ts:232:7 should logout successfully" type="FAILURE">
<![CDATA[  [Mobile Chrome] › 01-authentication.spec.ts:232:7 › User Authentication Flow › should logout successfully 

    TimeoutError: page.waitForURL: Timeout 10000ms exceeded.
    =========================== logs ===========================
    waiting for navigation until "load"
    ============================================================

       at ..\utils\helpers.ts:170

      168 |     
      169 |     // Wait for redirect to dashboard
    > 170 |     await this.page.waitForURL(/dashboard|home/i, { timeout: 10000 });
          |                     ^
      171 |   }
      172 |
      173 |   /**
        at TestHelpers.login (D:\SmartGriev\e2e-tests\utils\helpers.ts:170:21)
        at D:\SmartGriev\e2e-tests\tests\01-authentication.spec.ts:237:5

    attachment #1: screenshot (image/png) ──────────────────────────────────────────────────────────
    ..\test-results\01-authentication-User-Aut-0e789--should-logout-successfully-Mobile-Chrome\test-failed-1.png
    ────────────────────────────────────────────────────────────────────────────────────────────────

    attachment #2: video (video/webm) ──────────────────────────────────────────────────────────────
    ..\test-results\01-authentication-User-Aut-0e789--should-logout-successfully-Mobile-Chrome\video.webm
    ────────────────────────────────────────────────────────────────────────────────────────────────

    Error Context: ..\test-results\01-authentication-User-Aut-0e789--should-logout-successfully-Mobile-Chrome\error-context.md
]]>
</failure>
<system-out>
<![CDATA[✓ Database connected successfully

[[ATTACHMENT|..\test-results\01-authentication-User-Aut-0e789--should-logout-successfully-Mobile-Chrome\test-failed-1.png]]

[[ATTACHMENT|..\test-results\01-authentication-User-Aut-0e789--should-logout-successfully-Mobile-Chrome\video.webm]]

[[ATTACHMENT|..\test-results\01-authentication-User-Aut-0e789--should-logout-successfully-Mobile-Chrome\error-context.md]]
]]>
</system-out>
</testcase>
<testcase name="User Authentication Flow › should handle session timeout" classname="01-authentication.spec.ts" time="23.099">
<failure message="01-authentication.spec.ts:252:7 should handle session timeout" type="FAILURE">
<![CDATA[  [Mobile Chrome] › 01-authentication.spec.ts:252:7 › User Authentication Flow › should handle session timeout 

    TimeoutError: page.waitForURL: Timeout 10000ms exceeded.
    =========================== logs ===========================
    waiting for navigation until "load"
    ============================================================

       at ..\utils\helpers.ts:170

      168 |     
      169 |     // Wait for redirect to dashboard
    > 170 |     await this.page.waitForURL(/dashboard|home/i, { timeout: 10000 });
          |                     ^
      171 |   }
      172 |
      173 |   /**
        at TestHelpers.login (D:\SmartGriev\e2e-tests\utils\helpers.ts:170:21)
        at D:\SmartGriev\e2e-tests\tests\01-authentication.spec.ts:257:5

    attachment #1: screenshot (image/png) ──────────────────────────────────────────────────────────
    ..\test-results\01-authentication-User-Aut-30e7c-ould-handle-session-timeout-Mobile-Chrome\test-failed-1.png
    ────────────────────────────────────────────────────────────────────────────────────────────────

    attachment #2: video (video/webm) ──────────────────────────────────────────────────────────────
    ..\test-results\01-authentication-User-Aut-30e7c-ould-handle-session-timeout-Mobile-Chrome\video.webm
    ────────────────────────────────────────────────────────────────────────────────────────────────

    Error Context: ..\test-results\01-authentication-User-Aut-30e7c-ould-handle-session-timeout-Mobile-Chrome\error-context.md
]]>
</failure>
<system-out>
<![CDATA[✓ Database connected successfully

[[ATTACHMENT|..\test-results\01-authentication-User-Aut-30e7c-ould-handle-session-timeout-Mobile-Chrome\test-failed-1.png]]

[[ATTACHMENT|..\test-results\01-authentication-User-Aut-30e7c-ould-handle-session-timeout-Mobile-Chrome\video.webm]]

[[ATTACHMENT|..\test-results\01-authentication-User-Aut-30e7c-ould-handle-session-timeout-Mobile-Chrome\error-context.md]]
]]>
</system-out>
</testcase>
<testcase name="User Authentication Flow › should validate mobile number format" classname="01-authentication.spec.ts" time="60.287">
<failure message="01-authentication.spec.ts:277:7 should validate mobile number format" type="FAILURE">
<![CDATA[  [Mobile Chrome] › 01-authentication.spec.ts:277:7 › User Authentication Flow › should validate mobile number format 

    Test timeout of 60000ms exceeded.

    Error: page.fill: Test timeout of 60000ms exceeded.
    Call log:
      - waiting for locator('input[name="name"]')


      280 |     // Fill form with invalid mobile
      281 |     await page.fill('input[name="email"]', testEmail);
    > 282 |     await page.fill('input[name="name"]', 'Test User');
          |                ^
      283 |     await page.fill('input[name="mobile"], input[name="phone"]', '123'); // Invalid mobile
      284 |     await page.fill('input[name="password"]', testPassword);
      285 |
        at D:\SmartGriev\e2e-tests\tests\01-authentication.spec.ts:282:16

    attachment #1: screenshot (image/png) ──────────────────────────────────────────────────────────
    ..\test-results\01-authentication-User-Aut-e4117-lidate-mobile-number-format-Mobile-Chrome\test-failed-1.png
    ────────────────────────────────────────────────────────────────────────────────────────────────

    attachment #2: video (video/webm) ──────────────────────────────────────────────────────────────
    ..\test-results\01-authentication-User-Aut-e4117-lidate-mobile-number-format-Mobile-Chrome\video.webm
    ────────────────────────────────────────────────────────────────────────────────────────────────

    Error Context: ..\test-results\01-authentication-User-Aut-e4117-lidate-mobile-number-format-Mobile-Chrome\error-context.md
]]>
</failure>
<system-out>
<![CDATA[✓ Database connected successfully

[[ATTACHMENT|..\test-results\01-authentication-User-Aut-e4117-lidate-mobile-number-format-Mobile-Chrome\test-failed-1.png]]

[[ATTACHMENT|..\test-results\01-authentication-User-Aut-e4117-lidate-mobile-number-format-Mobile-Chrome\video.webm]]

[[ATTACHMENT|..\test-results\01-authentication-User-Aut-e4117-lidate-mobile-number-format-Mobile-Chrome\error-context.md]]
]]>
</system-out>
</testcase>
<testcase name="User Authentication Flow › should prevent duplicate email registration" classname="01-authentication.spec.ts" time="60.285">
<failure message="01-authentication.spec.ts:299:7 should prevent duplicate email registration" type="FAILURE">
<![CDATA[  [Mobile Chrome] › 01-authentication.spec.ts:299:7 › User Authentication Flow › should prevent duplicate email registration 

    Test timeout of 60000ms exceeded.

    Error: page.fill: Test timeout of 60000ms exceeded.
    Call log:
      - waiting for locator('input[name="name"]')


      305 |     // Fill form with existing email
      306 |     await page.fill('input[name="email"]', existingEmail);
    > 307 |     await page.fill('input[name="name"]', 'Test User');
          |                ^
      308 |     await page.fill('input[name="mobile"]', testMobile);
      309 |     await page.fill('input[name="password"]', testPassword);
      310 |
        at D:\SmartGriev\e2e-tests\tests\01-authentication.spec.ts:307:16

    attachment #1: screenshot (image/png) ──────────────────────────────────────────────────────────
    ..\test-results\01-authentication-User-Aut-e0b69-uplicate-email-registration-Mobile-Chrome\test-failed-1.png
    ────────────────────────────────────────────────────────────────────────────────────────────────

    attachment #2: video (video/webm) ──────────────────────────────────────────────────────────────
    ..\test-results\01-authentication-User-Aut-e0b69-uplicate-email-registration-Mobile-Chrome\video.webm
    ────────────────────────────────────────────────────────────────────────────────────────────────

    Error Context: ..\test-results\01-authentication-User-Aut-e0b69-uplicate-email-registration-Mobile-Chrome\error-context.md
]]>
</failure>
<system-out>
<![CDATA[✓ Database connected successfully

[[ATTACHMENT|..\test-results\01-authentication-User-Aut-e0b69-uplicate-email-registration-Mobile-Chrome\test-failed-1.png]]

[[ATTACHMENT|..\test-results\01-authentication-User-Aut-e0b69-uplicate-email-registration-Mobile-Chrome\video.webm]]

[[ATTACHMENT|..\test-results\01-authentication-User-Aut-e0b69-uplicate-email-registration-Mobile-Chrome\error-context.md]]
]]>
</system-out>
</testcase>
<testcase name="User Authentication Flow › should handle password visibility toggle" classname="01-authentication.spec.ts" time="13.158">
<system-out>
<![CDATA[✓ Database connected successfully
]]>
</system-out>
</testcase>
</testsuite>
<testsuite name="01-authentication.spec.ts" timestamp="2025-11-10T01:51:03.800Z" hostname="Mobile Safari" tests="10" failures="10" skipped="0" time="0.909" errors="0">
<testcase name="User Authentication Flow › should complete user signup flow with OTP verification" classname="01-authentication.spec.ts" time="0.089">
<failure message="01-authentication.spec.ts:33:7 should complete user signup flow with OTP verification" type="FAILURE">
<![CDATA[  [Mobile Safari] › 01-authentication.spec.ts:33:7 › User Authentication Flow › should complete user signup flow with OTP verification 

    Error: browserContext.newPage: Unknown permission: microphone

    TypeError: Cannot read properties of undefined (reading 'close')

      28 |       console.log('Cleanup error:', error);
      29 |     }
    > 30 |     await dbHelper.close();
         |                    ^
      31 |   });
      32 |
      33 |   test('should complete user signup flow with OTP verification', async ({ page }) => {
        at D:\SmartGriev\e2e-tests\tests\01-authentication.spec.ts:30:20
]]>
</failure>
<system-out>
<![CDATA[Cleanup error: TypeError: Cannot read properties of undefined (reading 'cleanupTestData')
    at [90mD:\SmartGriev\e2e-tests\[39mtests\01-authentication.spec.ts:26:22
    at [90mD:\SmartGriev\e2e-tests\[39mnode_modules\[4mplaywright[24m\lib\worker\fixtureRunner.js:228:52
    at [90mD:\SmartGriev\e2e-tests\[39mnode_modules\[4mplaywright[24m\lib\worker\testInfo.js:305:17
    at TimeoutManager.withRunnable [90m(D:\SmartGriev\e2e-tests\[39mnode_modules\[4mplaywright[24m\lib\worker\timeoutManager.js:68:9[90m)[39m
    at TestInfoImpl._runWithTimeout [90m(D:\SmartGriev\e2e-tests\[39mnode_modules\[4mplaywright[24m\lib\worker\testInfo.js:303:34[90m)[39m
    at FixtureRunner.resolveParametersAndRunFunction [90m(D:\SmartGriev\e2e-tests\[39mnode_modules\[4mplaywright[24m\lib\worker\fixtureRunner.js:228:20[90m)[39m
    at [90mD:\SmartGriev\e2e-tests\[39mnode_modules\[4mplaywright[24m\lib\worker\workerMain.js:469:11
    at TestInfoImpl._runAsStep [90m(D:\SmartGriev\e2e-tests\[39mnode_modules\[4mplaywright[24m\lib\worker\testInfo.js:294:7[90m)[39m
    at WorkerMain._runEachHooksForSuites [90m(D:\SmartGriev\e2e-tests\[39mnode_modules\[4mplaywright[24m\lib\worker\workerMain.js:468:9[90m)[39m
    at [90mD:\SmartGriev\e2e-tests\[39mnode_modules\[4mplaywright[24m\lib\worker\workerMain.js:330:11
    at TestInfoImpl._runAsStep [90m(D:\SmartGriev\e2e-tests\[39mnode_modules\[4mplaywright[24m\lib\worker\testInfo.js:294:7[90m)[39m
    at WorkerMain._runTest [90m(D:\SmartGriev\e2e-tests\[39mnode_modules\[4mplaywright[24m\lib\worker\workerMain.js:318:5[90m)[39m
    at WorkerMain.runTestGroup [90m(D:\SmartGriev\e2e-tests\[39mnode_modules\[4mplaywright[24m\lib\worker\workerMain.js:198:11[90m)[39m
    at process.<anonymous> [90m(D:\SmartGriev\e2e-tests\[39mnode_modules\[4mplaywright[24m\lib\common\process.js:65:22[90m)[39m
]]>
</system-out>
</testcase>
<testcase name="User Authentication Flow › should login with valid credentials" classname="01-authentication.spec.ts" time="0.096">
<failure message="01-authentication.spec.ts:114:7 should login with valid credentials" type="FAILURE">
<![CDATA[  [Mobile Safari] › 01-authentication.spec.ts:114:7 › User Authentication Flow › should login with valid credentials 

    Error: browserContext.newPage: Unknown permission: microphone

    TypeError: Cannot read properties of undefined (reading 'close')

      28 |       console.log('Cleanup error:', error);
      29 |     }
    > 30 |     await dbHelper.close();
         |                    ^
      31 |   });
      32 |
      33 |   test('should complete user signup flow with OTP verification', async ({ page }) => {
        at D:\SmartGriev\e2e-tests\tests\01-authentication.spec.ts:30:20
]]>
</failure>
<system-out>
<![CDATA[Cleanup error: TypeError: Cannot read properties of undefined (reading 'cleanupTestData')
    at [90mD:\SmartGriev\e2e-tests\[39mtests\01-authentication.spec.ts:26:22
    at [90mD:\SmartGriev\e2e-tests\[39mnode_modules\[4mplaywright[24m\lib\worker\fixtureRunner.js:228:52
    at [90mD:\SmartGriev\e2e-tests\[39mnode_modules\[4mplaywright[24m\lib\worker\testInfo.js:305:17
    at TimeoutManager.withRunnable [90m(D:\SmartGriev\e2e-tests\[39mnode_modules\[4mplaywright[24m\lib\worker\timeoutManager.js:68:9[90m)[39m
    at TestInfoImpl._runWithTimeout [90m(D:\SmartGriev\e2e-tests\[39mnode_modules\[4mplaywright[24m\lib\worker\testInfo.js:303:34[90m)[39m
    at FixtureRunner.resolveParametersAndRunFunction [90m(D:\SmartGriev\e2e-tests\[39mnode_modules\[4mplaywright[24m\lib\worker\fixtureRunner.js:228:20[90m)[39m
    at [90mD:\SmartGriev\e2e-tests\[39mnode_modules\[4mplaywright[24m\lib\worker\workerMain.js:469:11
    at TestInfoImpl._runAsStep [90m(D:\SmartGriev\e2e-tests\[39mnode_modules\[4mplaywright[24m\lib\worker\testInfo.js:294:7[90m)[39m
    at WorkerMain._runEachHooksForSuites [90m(D:\SmartGriev\e2e-tests\[39mnode_modules\[4mplaywright[24m\lib\worker\workerMain.js:468:9[90m)[39m
    at [90mD:\SmartGriev\e2e-tests\[39mnode_modules\[4mplaywright[24m\lib\worker\workerMain.js:330:11
    at TestInfoImpl._runAsStep [90m(D:\SmartGriev\e2e-tests\[39mnode_modules\[4mplaywright[24m\lib\worker\testInfo.js:294:7[90m)[39m
    at WorkerMain._runTest [90m(D:\SmartGriev\e2e-tests\[39mnode_modules\[4mplaywright[24m\lib\worker\workerMain.js:318:5[90m)[39m
    at WorkerMain.runTestGroup [90m(D:\SmartGriev\e2e-tests\[39mnode_modules\[4mplaywright[24m\lib\worker\workerMain.js:198:11[90m)[39m
    at process.<anonymous> [90m(D:\SmartGriev\e2e-tests\[39mnode_modules\[4mplaywright[24m\lib\common\process.js:65:22[90m)[39m
]]>
</system-out>
</testcase>
<testcase name="User Authentication Flow › should show error for invalid credentials" classname="01-authentication.spec.ts" time="0.083">
<failure message="01-authentication.spec.ts:168:7 should show error for invalid credentials" type="FAILURE">
<![CDATA[  [Mobile Safari] › 01-authentication.spec.ts:168:7 › User Authentication Flow › should show error for invalid credentials 

    Error: browserContext.newPage: Unknown permission: microphone

    TypeError: Cannot read properties of undefined (reading 'close')

      28 |       console.log('Cleanup error:', error);
      29 |     }
    > 30 |     await dbHelper.close();
         |                    ^
      31 |   });
      32 |
      33 |   test('should complete user signup flow with OTP verification', async ({ page }) => {
        at D:\SmartGriev\e2e-tests\tests\01-authentication.spec.ts:30:20
]]>
</failure>
<system-out>
<![CDATA[Cleanup error: TypeError: Cannot read properties of undefined (reading 'cleanupTestData')
    at [90mD:\SmartGriev\e2e-tests\[39mtests\01-authentication.spec.ts:26:22
    at [90mD:\SmartGriev\e2e-tests\[39mnode_modules\[4mplaywright[24m\lib\worker\fixtureRunner.js:228:52
    at [90mD:\SmartGriev\e2e-tests\[39mnode_modules\[4mplaywright[24m\lib\worker\testInfo.js:305:17
    at TimeoutManager.withRunnable [90m(D:\SmartGriev\e2e-tests\[39mnode_modules\[4mplaywright[24m\lib\worker\timeoutManager.js:68:9[90m)[39m
    at TestInfoImpl._runWithTimeout [90m(D:\SmartGriev\e2e-tests\[39mnode_modules\[4mplaywright[24m\lib\worker\testInfo.js:303:34[90m)[39m
    at FixtureRunner.resolveParametersAndRunFunction [90m(D:\SmartGriev\e2e-tests\[39mnode_modules\[4mplaywright[24m\lib\worker\fixtureRunner.js:228:20[90m)[39m
    at [90mD:\SmartGriev\e2e-tests\[39mnode_modules\[4mplaywright[24m\lib\worker\workerMain.js:469:11
    at TestInfoImpl._runAsStep [90m(D:\SmartGriev\e2e-tests\[39mnode_modules\[4mplaywright[24m\lib\worker\testInfo.js:294:7[90m)[39m
    at WorkerMain._runEachHooksForSuites [90m(D:\SmartGriev\e2e-tests\[39mnode_modules\[4mplaywright[24m\lib\worker\workerMain.js:468:9[90m)[39m
    at [90mD:\SmartGriev\e2e-tests\[39mnode_modules\[4mplaywright[24m\lib\worker\workerMain.js:330:11
    at TestInfoImpl._runAsStep [90m(D:\SmartGriev\e2e-tests\[39mnode_modules\[4mplaywright[24m\lib\worker\testInfo.js:294:7[90m)[39m
    at WorkerMain._runTest [90m(D:\SmartGriev\e2e-tests\[39mnode_modules\[4mplaywright[24m\lib\worker\workerMain.js:318:5[90m)[39m
    at WorkerMain.runTestGroup [90m(D:\SmartGriev\e2e-tests\[39mnode_modules\[4mplaywright[24m\lib\worker\workerMain.js:198:11[90m)[39m
    at process.<anonymous> [90m(D:\SmartGriev\e2e-tests\[39mnode_modules\[4mplaywright[24m\lib\common\process.js:65:22[90m)[39m
]]>
</system-out>
</testcase>
<testcase name="User Authentication Flow › should validate email format" classname="01-authentication.spec.ts" time="0.095">
<failure message="01-authentication.spec.ts:188:7 should validate email format" type="FAILURE">
<![CDATA[  [Mobile Safari] › 01-authentication.spec.ts:188:7 › User Authentication Flow › should validate email format 

    Error: browserContext.newPage: Unknown permission: microphone

    TypeError: Cannot read properties of undefined (reading 'close')

      28 |       console.log('Cleanup error:', error);
      29 |     }
    > 30 |     await dbHelper.close();
         |                    ^
      31 |   });
      32 |
      33 |   test('should complete user signup flow with OTP verification', async ({ page }) => {
        at D:\SmartGriev\e2e-tests\tests\01-authentication.spec.ts:30:20
]]>
</failure>
<system-out>
<![CDATA[Cleanup error: TypeError: Cannot read properties of undefined (reading 'cleanupTestData')
    at [90mD:\SmartGriev\e2e-tests\[39mtests\01-authentication.spec.ts:26:22
    at [90mD:\SmartGriev\e2e-tests\[39mnode_modules\[4mplaywright[24m\lib\worker\fixtureRunner.js:228:52
    at [90mD:\SmartGriev\e2e-tests\[39mnode_modules\[4mplaywright[24m\lib\worker\testInfo.js:305:17
    at TimeoutManager.withRunnable [90m(D:\SmartGriev\e2e-tests\[39mnode_modules\[4mplaywright[24m\lib\worker\timeoutManager.js:68:9[90m)[39m
    at TestInfoImpl._runWithTimeout [90m(D:\SmartGriev\e2e-tests\[39mnode_modules\[4mplaywright[24m\lib\worker\testInfo.js:303:34[90m)[39m
    at FixtureRunner.resolveParametersAndRunFunction [90m(D:\SmartGriev\e2e-tests\[39mnode_modules\[4mplaywright[24m\lib\worker\fixtureRunner.js:228:20[90m)[39m
    at [90mD:\SmartGriev\e2e-tests\[39mnode_modules\[4mplaywright[24m\lib\worker\workerMain.js:469:11
    at TestInfoImpl._runAsStep [90m(D:\SmartGriev\e2e-tests\[39mnode_modules\[4mplaywright[24m\lib\worker\testInfo.js:294:7[90m)[39m
    at WorkerMain._runEachHooksForSuites [90m(D:\SmartGriev\e2e-tests\[39mnode_modules\[4mplaywright[24m\lib\worker\workerMain.js:468:9[90m)[39m
    at [90mD:\SmartGriev\e2e-tests\[39mnode_modules\[4mplaywright[24m\lib\worker\workerMain.js:330:11
    at TestInfoImpl._runAsStep [90m(D:\SmartGriev\e2e-tests\[39mnode_modules\[4mplaywright[24m\lib\worker\testInfo.js:294:7[90m)[39m
    at WorkerMain._runTest [90m(D:\SmartGriev\e2e-tests\[39mnode_modules\[4mplaywright[24m\lib\worker\workerMain.js:318:5[90m)[39m
    at WorkerMain.runTestGroup [90m(D:\SmartGriev\e2e-tests\[39mnode_modules\[4mplaywright[24m\lib\worker\workerMain.js:198:11[90m)[39m
    at process.<anonymous> [90m(D:\SmartGriev\e2e-tests\[39mnode_modules\[4mplaywright[24m\lib\common\process.js:65:22[90m)[39m
]]>
</system-out>
</testcase>
<testcase name="User Authentication Flow › should validate password strength" classname="01-authentication.spec.ts" time="0.094">
<failure message="01-authentication.spec.ts:210:7 should validate password strength" type="FAILURE">
<![CDATA[  [Mobile Safari] › 01-authentication.spec.ts:210:7 › User Authentication Flow › should validate password strength 

    Error: browserContext.newPage: Unknown permission: microphone

    TypeError: Cannot read properties of undefined (reading 'close')

      28 |       console.log('Cleanup error:', error);
      29 |     }
    > 30 |     await dbHelper.close();
         |                    ^
      31 |   });
      32 |
      33 |   test('should complete user signup flow with OTP verification', async ({ page }) => {
        at D:\SmartGriev\e2e-tests\tests\01-authentication.spec.ts:30:20
]]>
</failure>
<system-out>
<![CDATA[Cleanup error: TypeError: Cannot read properties of undefined (reading 'cleanupTestData')
    at [90mD:\SmartGriev\e2e-tests\[39mtests\01-authentication.spec.ts:26:22
    at [90mD:\SmartGriev\e2e-tests\[39mnode_modules\[4mplaywright[24m\lib\worker\fixtureRunner.js:228:52
    at [90mD:\SmartGriev\e2e-tests\[39mnode_modules\[4mplaywright[24m\lib\worker\testInfo.js:305:17
    at TimeoutManager.withRunnable [90m(D:\SmartGriev\e2e-tests\[39mnode_modules\[4mplaywright[24m\lib\worker\timeoutManager.js:68:9[90m)[39m
    at TestInfoImpl._runWithTimeout [90m(D:\SmartGriev\e2e-tests\[39mnode_modules\[4mplaywright[24m\lib\worker\testInfo.js:303:34[90m)[39m
    at FixtureRunner.resolveParametersAndRunFunction [90m(D:\SmartGriev\e2e-tests\[39mnode_modules\[4mplaywright[24m\lib\worker\fixtureRunner.js:228:20[90m)[39m
    at [90mD:\SmartGriev\e2e-tests\[39mnode_modules\[4mplaywright[24m\lib\worker\workerMain.js:469:11
    at TestInfoImpl._runAsStep [90m(D:\SmartGriev\e2e-tests\[39mnode_modules\[4mplaywright[24m\lib\worker\testInfo.js:294:7[90m)[39m
    at WorkerMain._runEachHooksForSuites [90m(D:\SmartGriev\e2e-tests\[39mnode_modules\[4mplaywright[24m\lib\worker\workerMain.js:468:9[90m)[39m
    at [90mD:\SmartGriev\e2e-tests\[39mnode_modules\[4mplaywright[24m\lib\worker\workerMain.js:330:11
    at TestInfoImpl._runAsStep [90m(D:\SmartGriev\e2e-tests\[39mnode_modules\[4mplaywright[24m\lib\worker\testInfo.js:294:7[90m)[39m
    at WorkerMain._runTest [90m(D:\SmartGriev\e2e-tests\[39mnode_modules\[4mplaywright[24m\lib\worker\workerMain.js:318:5[90m)[39m
    at WorkerMain.runTestGroup [90m(D:\SmartGriev\e2e-tests\[39mnode_modules\[4mplaywright[24m\lib\worker\workerMain.js:198:11[90m)[39m
    at process.<anonymous> [90m(D:\SmartGriev\e2e-tests\[39mnode_modules\[4mplaywright[24m\lib\common\process.js:65:22[90m)[39m
]]>
</system-out>
</testcase>
<testcase name="User Authentication Flow › should logout successfully" classname="01-authentication.spec.ts" time="0.09">
<failure message="01-authentication.spec.ts:232:7 should logout successfully" type="FAILURE">
<![CDATA[  [Mobile Safari] › 01-authentication.spec.ts:232:7 › User Authentication Flow › should logout successfully 

    Error: browserContext.newPage: Unknown permission: microphone

    TypeError: Cannot read properties of undefined (reading 'close')

      28 |       console.log('Cleanup error:', error);
      29 |     }
    > 30 |     await dbHelper.close();
         |                    ^
      31 |   });
      32 |
      33 |   test('should complete user signup flow with OTP verification', async ({ page }) => {
        at D:\SmartGriev\e2e-tests\tests\01-authentication.spec.ts:30:20
]]>
</failure>
<system-out>
<![CDATA[Cleanup error: TypeError: Cannot read properties of undefined (reading 'cleanupTestData')
    at [90mD:\SmartGriev\e2e-tests\[39mtests\01-authentication.spec.ts:26:22
    at [90mD:\SmartGriev\e2e-tests\[39mnode_modules\[4mplaywright[24m\lib\worker\fixtureRunner.js:228:52
    at [90mD:\SmartGriev\e2e-tests\[39mnode_modules\[4mplaywright[24m\lib\worker\testInfo.js:305:17
    at TimeoutManager.withRunnable [90m(D:\SmartGriev\e2e-tests\[39mnode_modules\[4mplaywright[24m\lib\worker\timeoutManager.js:68:9[90m)[39m
    at TestInfoImpl._runWithTimeout [90m(D:\SmartGriev\e2e-tests\[39mnode_modules\[4mplaywright[24m\lib\worker\testInfo.js:303:34[90m)[39m
    at FixtureRunner.resolveParametersAndRunFunction [90m(D:\SmartGriev\e2e-tests\[39mnode_modules\[4mplaywright[24m\lib\worker\fixtureRunner.js:228:20[90m)[39m
    at [90mD:\SmartGriev\e2e-tests\[39mnode_modules\[4mplaywright[24m\lib\worker\workerMain.js:469:11
    at TestInfoImpl._runAsStep [90m(D:\SmartGriev\e2e-tests\[39mnode_modules\[4mplaywright[24m\lib\worker\testInfo.js:294:7[90m)[39m
    at WorkerMain._runEachHooksForSuites [90m(D:\SmartGriev\e2e-tests\[39mnode_modules\[4mplaywright[24m\lib\worker\workerMain.js:468:9[90m)[39m
    at [90mD:\SmartGriev\e2e-tests\[39mnode_modules\[4mplaywright[24m\lib\worker\workerMain.js:330:11
    at TestInfoImpl._runAsStep [90m(D:\SmartGriev\e2e-tests\[39mnode_modules\[4mplaywright[24m\lib\worker\testInfo.js:294:7[90m)[39m
    at WorkerMain._runTest [90m(D:\SmartGriev\e2e-tests\[39mnode_modules\[4mplaywright[24m\lib\worker\workerMain.js:318:5[90m)[39m
    at WorkerMain.runTestGroup [90m(D:\SmartGriev\e2e-tests\[39mnode_modules\[4mplaywright[24m\lib\worker\workerMain.js:198:11[90m)[39m
    at process.<anonymous> [90m(D:\SmartGriev\e2e-tests\[39mnode_modules\[4mplaywright[24m\lib\common\process.js:65:22[90m)[39m
]]>
</system-out>
</testcase>
<testcase name="User Authentication Flow › should handle session timeout" classname="01-authentication.spec.ts" time="0.092">
<failure message="01-authentication.spec.ts:252:7 should handle session timeout" type="FAILURE">
<![CDATA[  [Mobile Safari] › 01-authentication.spec.ts:252:7 › User Authentication Flow › should handle session timeout 

    Error: browserContext.newPage: Unknown permission: microphone

    TypeError: Cannot read properties of undefined (reading 'close')

      28 |       console.log('Cleanup error:', error);
      29 |     }
    > 30 |     await dbHelper.close();
         |                    ^
      31 |   });
      32 |
      33 |   test('should complete user signup flow with OTP verification', async ({ page }) => {
        at D:\SmartGriev\e2e-tests\tests\01-authentication.spec.ts:30:20
]]>
</failure>
<system-out>
<![CDATA[Cleanup error: TypeError: Cannot read properties of undefined (reading 'cleanupTestData')
    at [90mD:\SmartGriev\e2e-tests\[39mtests\01-authentication.spec.ts:26:22
    at [90mD:\SmartGriev\e2e-tests\[39mnode_modules\[4mplaywright[24m\lib\worker\fixtureRunner.js:228:52
    at [90mD:\SmartGriev\e2e-tests\[39mnode_modules\[4mplaywright[24m\lib\worker\testInfo.js:305:17
    at TimeoutManager.withRunnable [90m(D:\SmartGriev\e2e-tests\[39mnode_modules\[4mplaywright[24m\lib\worker\timeoutManager.js:68:9[90m)[39m
    at TestInfoImpl._runWithTimeout [90m(D:\SmartGriev\e2e-tests\[39mnode_modules\[4mplaywright[24m\lib\worker\testInfo.js:303:34[90m)[39m
    at FixtureRunner.resolveParametersAndRunFunction [90m(D:\SmartGriev\e2e-tests\[39mnode_modules\[4mplaywright[24m\lib\worker\fixtureRunner.js:228:20[90m)[39m
    at [90mD:\SmartGriev\e2e-tests\[39mnode_modules\[4mplaywright[24m\lib\worker\workerMain.js:469:11
    at TestInfoImpl._runAsStep [90m(D:\SmartGriev\e2e-tests\[39mnode_modules\[4mplaywright[24m\lib\worker\testInfo.js:294:7[90m)[39m
    at WorkerMain._runEachHooksForSuites [90m(D:\SmartGriev\e2e-tests\[39mnode_modules\[4mplaywright[24m\lib\worker\workerMain.js:468:9[90m)[39m
    at [90mD:\SmartGriev\e2e-tests\[39mnode_modules\[4mplaywright[24m\lib\worker\workerMain.js:330:11
    at TestInfoImpl._runAsStep [90m(D:\SmartGriev\e2e-tests\[39mnode_modules\[4mplaywright[24m\lib\worker\testInfo.js:294:7[90m)[39m
    at WorkerMain._runTest [90m(D:\SmartGriev\e2e-tests\[39mnode_modules\[4mplaywright[24m\lib\worker\workerMain.js:318:5[90m)[39m
    at WorkerMain.runTestGroup [90m(D:\SmartGriev\e2e-tests\[39mnode_modules\[4mplaywright[24m\lib\worker\workerMain.js:198:11[90m)[39m
    at process.<anonymous> [90m(D:\SmartGriev\e2e-tests\[39mnode_modules\[4mplaywright[24m\lib\common\process.js:65:22[90m)[39m
]]>
</system-out>
</testcase>
<testcase name="User Authentication Flow › should validate mobile number format" classname="01-authentication.spec.ts" time="0.099">
<failure message="01-authentication.spec.ts:277:7 should validate mobile number format" type="FAILURE">
<![CDATA[  [Mobile Safari] › 01-authentication.spec.ts:277:7 › User Authentication Flow › should validate mobile number format 

    Error: browserContext.newPage: Unknown permission: microphone

    TypeError: Cannot read properties of undefined (reading 'close')

      28 |       console.log('Cleanup error:', error);
      29 |     }
    > 30 |     await dbHelper.close();
         |                    ^
      31 |   });
      32 |
      33 |   test('should complete user signup flow with OTP verification', async ({ page }) => {
        at D:\SmartGriev\e2e-tests\tests\01-authentication.spec.ts:30:20
]]>
</failure>
<system-out>
<![CDATA[Cleanup error: TypeError: Cannot read properties of undefined (reading 'cleanupTestData')
    at [90mD:\SmartGriev\e2e-tests\[39mtests\01-authentication.spec.ts:26:22
    at [90mD:\SmartGriev\e2e-tests\[39mnode_modules\[4mplaywright[24m\lib\worker\fixtureRunner.js:228:52
    at [90mD:\SmartGriev\e2e-tests\[39mnode_modules\[4mplaywright[24m\lib\worker\testInfo.js:305:17
    at TimeoutManager.withRunnable [90m(D:\SmartGriev\e2e-tests\[39mnode_modules\[4mplaywright[24m\lib\worker\timeoutManager.js:68:9[90m)[39m
    at TestInfoImpl._runWithTimeout [90m(D:\SmartGriev\e2e-tests\[39mnode_modules\[4mplaywright[24m\lib\worker\testInfo.js:303:34[90m)[39m
    at FixtureRunner.resolveParametersAndRunFunction [90m(D:\SmartGriev\e2e-tests\[39mnode_modules\[4mplaywright[24m\lib\worker\fixtureRunner.js:228:20[90m)[39m
    at [90mD:\SmartGriev\e2e-tests\[39mnode_modules\[4mplaywright[24m\lib\worker\workerMain.js:469:11
    at TestInfoImpl._runAsStep [90m(D:\SmartGriev\e2e-tests\[39mnode_modules\[4mplaywright[24m\lib\worker\testInfo.js:294:7[90m)[39m
    at WorkerMain._runEachHooksForSuites [90m(D:\SmartGriev\e2e-tests\[39mnode_modules\[4mplaywright[24m\lib\worker\workerMain.js:468:9[90m)[39m
    at [90mD:\SmartGriev\e2e-tests\[39mnode_modules\[4mplaywright[24m\lib\worker\workerMain.js:330:11
    at TestInfoImpl._runAsStep [90m(D:\SmartGriev\e2e-tests\[39mnode_modules\[4mplaywright[24m\lib\worker\testInfo.js:294:7[90m)[39m
    at WorkerMain._runTest [90m(D:\SmartGriev\e2e-tests\[39mnode_modules\[4mplaywright[24m\lib\worker\workerMain.js:318:5[90m)[39m
    at WorkerMain.runTestGroup [90m(D:\SmartGriev\e2e-tests\[39mnode_modules\[4mplaywright[24m\lib\worker\workerMain.js:198:11[90m)[39m
    at process.<anonymous> [90m(D:\SmartGriev\e2e-tests\[39mnode_modules\[4mplaywright[24m\lib\common\process.js:65:22[90m)[39m
]]>
</system-out>
</testcase>
<testcase name="User Authentication Flow › should prevent duplicate email registration" classname="01-authentication.spec.ts" time="0.083">
<failure message="01-authentication.spec.ts:299:7 should prevent duplicate email registration" type="FAILURE">
<![CDATA[  [Mobile Safari] › 01-authentication.spec.ts:299:7 › User Authentication Flow › should prevent duplicate email registration 

    Error: browserContext.newPage: Unknown permission: microphone

    TypeError: Cannot read properties of undefined (reading 'close')

      28 |       console.log('Cleanup error:', error);
      29 |     }
    > 30 |     await dbHelper.close();
         |                    ^
      31 |   });
      32 |
      33 |   test('should complete user signup flow with OTP verification', async ({ page }) => {
        at D:\SmartGriev\e2e-tests\tests\01-authentication.spec.ts:30:20
]]>
</failure>
<system-out>
<![CDATA[Cleanup error: TypeError: Cannot read properties of undefined (reading 'cleanupTestData')
    at [90mD:\SmartGriev\e2e-tests\[39mtests\01-authentication.spec.ts:26:22
    at [90mD:\SmartGriev\e2e-tests\[39mnode_modules\[4mplaywright[24m\lib\worker\fixtureRunner.js:228:52
    at [90mD:\SmartGriev\e2e-tests\[39mnode_modules\[4mplaywright[24m\lib\worker\testInfo.js:305:17
    at TimeoutManager.withRunnable [90m(D:\SmartGriev\e2e-tests\[39mnode_modules\[4mplaywright[24m\lib\worker\timeoutManager.js:68:9[90m)[39m
    at TestInfoImpl._runWithTimeout [90m(D:\SmartGriev\e2e-tests\[39mnode_modules\[4mplaywright[24m\lib\worker\testInfo.js:303:34[90m)[39m
    at FixtureRunner.resolveParametersAndRunFunction [90m(D:\SmartGriev\e2e-tests\[39mnode_modules\[4mplaywright[24m\lib\worker\fixtureRunner.js:228:20[90m)[39m
    at [90mD:\SmartGriev\e2e-tests\[39mnode_modules\[4mplaywright[24m\lib\worker\workerMain.js:469:11
    at TestInfoImpl._runAsStep [90m(D:\SmartGriev\e2e-tests\[39mnode_modules\[4mplaywright[24m\lib\worker\testInfo.js:294:7[90m)[39m
    at WorkerMain._runEachHooksForSuites [90m(D:\SmartGriev\e2e-tests\[39mnode_modules\[4mplaywright[24m\lib\worker\workerMain.js:468:9[90m)[39m
    at [90mD:\SmartGriev\e2e-tests\[39mnode_modules\[4mplaywright[24m\lib\worker\workerMain.js:330:11
    at TestInfoImpl._runAsStep [90m(D:\SmartGriev\e2e-tests\[39mnode_modules\[4mplaywright[24m\lib\worker\testInfo.js:294:7[90m)[39m
    at WorkerMain._runTest [90m(D:\SmartGriev\e2e-tests\[39mnode_modules\[4mplaywright[24m\lib\worker\workerMain.js:318:5[90m)[39m
    at WorkerMain.runTestGroup [90m(D:\SmartGriev\e2e-tests\[39mnode_modules\[4mplaywright[24m\lib\worker\workerMain.js:198:11[90m)[39m
    at process.<anonymous> [90m(D:\SmartGriev\e2e-tests\[39mnode_modules\[4mplaywright[24m\lib\common\process.js:65:22[90m)[39m
]]>
</system-out>
</testcase>
<testcase name="User Authentication Flow › should handle password visibility toggle" classname="01-authentication.spec.ts" time="0.088">
<failure message="01-authentication.spec.ts:326:7 should handle password visibility toggle" type="FAILURE">
<![CDATA[  [Mobile Safari] › 01-authentication.spec.ts:326:7 › User Authentication Flow › should handle password visibility toggle 

    Error: browserContext.newPage: Unknown permission: microphone

    TypeError: Cannot read properties of undefined (reading 'close')

      28 |       console.log('Cleanup error:', error);
      29 |     }
    > 30 |     await dbHelper.close();
         |                    ^
      31 |   });
      32 |
      33 |   test('should complete user signup flow with OTP verification', async ({ page }) => {
        at D:\SmartGriev\e2e-tests\tests\01-authentication.spec.ts:30:20
]]>
</failure>
<system-out>
<![CDATA[Cleanup error: TypeError: Cannot read properties of undefined (reading 'cleanupTestData')
    at [90mD:\SmartGriev\e2e-tests\[39mtests\01-authentication.spec.ts:26:22
    at [90mD:\SmartGriev\e2e-tests\[39mnode_modules\[4mplaywright[24m\lib\worker\fixtureRunner.js:228:52
    at [90mD:\SmartGriev\e2e-tests\[39mnode_modules\[4mplaywright[24m\lib\worker\testInfo.js:305:17
    at TimeoutManager.withRunnable [90m(D:\SmartGriev\e2e-tests\[39mnode_modules\[4mplaywright[24m\lib\worker\timeoutManager.js:68:9[90m)[39m
    at TestInfoImpl._runWithTimeout [90m(D:\SmartGriev\e2e-tests\[39mnode_modules\[4mplaywright[24m\lib\worker\testInfo.js:303:34[90m)[39m
    at FixtureRunner.resolveParametersAndRunFunction [90m(D:\SmartGriev\e2e-tests\[39mnode_modules\[4mplaywright[24m\lib\worker\fixtureRunner.js:228:20[90m)[39m
    at [90mD:\SmartGriev\e2e-tests\[39mnode_modules\[4mplaywright[24m\lib\worker\workerMain.js:469:11
    at TestInfoImpl._runAsStep [90m(D:\SmartGriev\e2e-tests\[39mnode_modules\[4mplaywright[24m\lib\worker\testInfo.js:294:7[90m)[39m
    at WorkerMain._runEachHooksForSuites [90m(D:\SmartGriev\e2e-tests\[39mnode_modules\[4mplaywright[24m\lib\worker\workerMain.js:468:9[90m)[39m
    at [90mD:\SmartGriev\e2e-tests\[39mnode_modules\[4mplaywright[24m\lib\worker\workerMain.js:330:11
    at TestInfoImpl._runAsStep [90m(D:\SmartGriev\e2e-tests\[39mnode_modules\[4mplaywright[24m\lib\worker\testInfo.js:294:7[90m)[39m
    at WorkerMain._runTest [90m(D:\SmartGriev\e2e-tests\[39mnode_modules\[4mplaywright[24m\lib\worker\workerMain.js:318:5[90m)[39m
    at WorkerMain.runTestGroup [90m(D:\SmartGriev\e2e-tests\[39mnode_modules\[4mplaywright[24m\lib\worker\workerMain.js:198:11[90m)[39m
    at process.<anonymous> [90m(D:\SmartGriev\e2e-tests\[39mnode_modules\[4mplaywright[24m\lib\common\process.js:65:22[90m)[39m
]]>
</system-out>
</testcase>
</testsuite>
<testsuite name="01-authentication.spec.ts" timestamp="2025-11-10T01:51:03.800Z" hostname="Microsoft Edge" tests="10" failures="9" skipped="0" time="444.702" errors="0">
<testcase name="User Authentication Flow › should complete user signup flow with OTP verification" classname="01-authentication.spec.ts" time="62.125">
<failure message="01-authentication.spec.ts:33:7 should complete user signup flow with OTP verification" type="FAILURE">
<![CDATA[  [Microsoft Edge] › 01-authentication.spec.ts:33:7 › User Authentication Flow › should complete user signup flow with OTP verification 

    Test timeout of 60000ms exceeded.

    Error: page.fill: Test timeout of 60000ms exceeded.
    Call log:
      - waiting for locator('input[name="name"], input[name="fullName"]')


      37 |
      38 |     // Fill signup form
    > 39 |     await page.fill('input[name="name"], input[name="fullName"]', 'Test User');
         |                ^
      40 |     await page.fill('input[name="email"], input[type="email"]', testEmail);
      41 |     await page.fill('input[name="mobile"], input[name="phone"]', testMobile);
      42 |     await page.fill('input[name="password"], input[type="password"]', testPassword);
        at D:\SmartGriev\e2e-tests\tests\01-authentication.spec.ts:39:16

    attachment #1: screenshot (image/png) ──────────────────────────────────────────────────────────
    ..\test-results\01-authentication-User-Aut-87ba7--flow-with-OTP-verification-Microsoft-Edge\test-failed-1.png
    ────────────────────────────────────────────────────────────────────────────────────────────────

    attachment #2: video (video/webm) ──────────────────────────────────────────────────────────────
    ..\test-results\01-authentication-User-Aut-87ba7--flow-with-OTP-verification-Microsoft-Edge\video.webm
    ────────────────────────────────────────────────────────────────────────────────────────────────

    Error Context: ..\test-results\01-authentication-User-Aut-87ba7--flow-with-OTP-verification-Microsoft-Edge\error-context.md
]]>
</failure>
<system-out>
<![CDATA[✓ Database connected successfully

[[ATTACHMENT|..\test-results\01-authentication-User-Aut-87ba7--flow-with-OTP-verification-Microsoft-Edge\test-failed-1.png]]

[[ATTACHMENT|..\test-results\01-authentication-User-Aut-87ba7--flow-with-OTP-verification-Microsoft-Edge\video.webm]]

[[ATTACHMENT|..\test-results\01-authentication-User-Aut-87ba7--flow-with-OTP-verification-Microsoft-Edge\error-context.md]]
]]>
</system-out>
</testcase>
<testcase name="User Authentication Flow › should login with valid credentials" classname="01-authentication.spec.ts" time="62.124">
<failure message="01-authentication.spec.ts:114:7 should login with valid credentials" type="FAILURE">
<![CDATA[  [Microsoft Edge] › 01-authentication.spec.ts:114:7 › User Authentication Flow › should login with valid credentials 

    Test timeout of 60000ms exceeded.

    Error: page.fill: Test timeout of 60000ms exceeded.
    Call log:
      - waiting for locator('input[name="name"], input[name="fullName"]')


      126 |       // Navigate to register page and create user
      127 |       await page.goto('/register');
    > 128 |       await page.fill('input[name="name"], input[name="fullName"]', 'Test User');
          |                  ^
      129 |       await page.fill('input[name="email"], input[type="email"]', loginEmail);
      130 |       await page.fill('input[name="mobile"], input[name="phone"]', testMobile);
      131 |       await page.fill('input[name="password"], input[type="password"]', loginPassword);
        at D:\SmartGriev\e2e-tests\tests\01-authentication.spec.ts:128:18

    attachment #1: screenshot (image/png) ──────────────────────────────────────────────────────────
    ..\test-results\01-authentication-User-Aut-8eca7-ogin-with-valid-credentials-Microsoft-Edge\test-failed-1.png
    ────────────────────────────────────────────────────────────────────────────────────────────────

    attachment #2: video (video/webm) ──────────────────────────────────────────────────────────────
    ..\test-results\01-authentication-User-Aut-8eca7-ogin-with-valid-credentials-Microsoft-Edge\video.webm
    ────────────────────────────────────────────────────────────────────────────────────────────────

    Error Context: ..\test-results\01-authentication-User-Aut-8eca7-ogin-with-valid-credentials-Microsoft-Edge\error-context.md
]]>
</failure>
<system-out>
<![CDATA[✓ Database connected successfully
⚠️ User does not exist, creating via signup first...

[[ATTACHMENT|..\test-results\01-authentication-User-Aut-8eca7-ogin-with-valid-credentials-Microsoft-Edge\test-failed-1.png]]

[[ATTACHMENT|..\test-results\01-authentication-User-Aut-8eca7-ogin-with-valid-credentials-Microsoft-Edge\video.webm]]

[[ATTACHMENT|..\test-results\01-authentication-User-Aut-8eca7-ogin-with-valid-credentials-Microsoft-Edge\error-context.md]]
]]>
</system-out>
</testcase>
<testcase name="User Authentication Flow › should show error for invalid credentials" classname="01-authentication.spec.ts" time="18.502">
<failure message="01-authentication.spec.ts:168:7 should show error for invalid credentials" type="FAILURE">
<![CDATA[  [Microsoft Edge] › 01-authentication.spec.ts:168:7 › User Authentication Flow › should show error for invalid credentials 

    TimeoutError: locator.waitFor: Timeout 5000ms exceeded.
    Call log:
      - waiting for locator('.ant-notification, .toast, [role="alert"]').first() to be visible


       at ..\utils\helpers.ts:69

      67 |   async waitForNotification(message?: string) {
      68 |     const notification = this.page.locator('.ant-notification, .toast, [role="alert"]').first();
    > 69 |     await notification.waitFor({ state: 'visible', timeout: 5000 });
         |                        ^
      70 |     
      71 |     if (message) {
      72 |       await expect(notification).toContainText(message);
        at TestHelpers.waitForNotification (D:\SmartGriev\e2e-tests\utils\helpers.ts:69:24)
        at D:\SmartGriev\e2e-tests\tests\01-authentication.spec.ts:178:19

    attachment #1: screenshot (image/png) ──────────────────────────────────────────────────────────
    ..\test-results\01-authentication-User-Aut-4b058-ror-for-invalid-credentials-Microsoft-Edge\test-failed-1.png
    ────────────────────────────────────────────────────────────────────────────────────────────────

    attachment #2: video (video/webm) ──────────────────────────────────────────────────────────────
    ..\test-results\01-authentication-User-Aut-4b058-ror-for-invalid-credentials-Microsoft-Edge\video.webm
    ────────────────────────────────────────────────────────────────────────────────────────────────

    Error Context: ..\test-results\01-authentication-User-Aut-4b058-ror-for-invalid-credentials-Microsoft-Edge\error-context.md
]]>
</failure>
<system-out>
<![CDATA[✓ Database connected successfully

[[ATTACHMENT|..\test-results\01-authentication-User-Aut-4b058-ror-for-invalid-credentials-Microsoft-Edge\test-failed-1.png]]

[[ATTACHMENT|..\test-results\01-authentication-User-Aut-4b058-ror-for-invalid-credentials-Microsoft-Edge\video.webm]]

[[ATTACHMENT|..\test-results\01-authentication-User-Aut-4b058-ror-for-invalid-credentials-Microsoft-Edge\error-context.md]]
]]>
</system-out>
</testcase>
<testcase name="User Authentication Flow › should validate email format" classname="01-authentication.spec.ts" time="60.291">
<failure message="01-authentication.spec.ts:188:7 should validate email format" type="FAILURE">
<![CDATA[  [Microsoft Edge] › 01-authentication.spec.ts:188:7 › User Authentication Flow › should validate email format 

    Test timeout of 60000ms exceeded.

    Error: page.fill: Test timeout of 60000ms exceeded.
    Call log:
      - waiting for locator('input[name="name"]')


      191 |     // Fill form with invalid email
      192 |     await page.fill('input[name="email"], input[type="email"]', 'invalid-email');
    > 193 |     await page.fill('input[name="name"]', 'Test User');
          |                ^
      194 |     await page.fill('input[name="mobile"]', testMobile);
      195 |     await page.fill('input[name="password"]', testPassword);
      196 |
        at D:\SmartGriev\e2e-tests\tests\01-authentication.spec.ts:193:16

    attachment #1: screenshot (image/png) ──────────────────────────────────────────────────────────
    ..\test-results\01-authentication-User-Aut-bee91-hould-validate-email-format-Microsoft-Edge\test-failed-1.png
    ────────────────────────────────────────────────────────────────────────────────────────────────

    attachment #2: video (video/webm) ──────────────────────────────────────────────────────────────
    ..\test-results\01-authentication-User-Aut-bee91-hould-validate-email-format-Microsoft-Edge\video.webm
    ────────────────────────────────────────────────────────────────────────────────────────────────

    Error Context: ..\test-results\01-authentication-User-Aut-bee91-hould-validate-email-format-Microsoft-Edge\error-context.md
]]>
</failure>
<system-out>
<![CDATA[✓ Database connected successfully

[[ATTACHMENT|..\test-results\01-authentication-User-Aut-bee91-hould-validate-email-format-Microsoft-Edge\test-failed-1.png]]

[[ATTACHMENT|..\test-results\01-authentication-User-Aut-bee91-hould-validate-email-format-Microsoft-Edge\video.webm]]

[[ATTACHMENT|..\test-results\01-authentication-User-Aut-bee91-hould-validate-email-format-Microsoft-Edge\error-context.md]]
]]>
</system-out>
</testcase>
<testcase name="User Authentication Flow › should validate password strength" classname="01-authentication.spec.ts" time="60.241">
<failure message="01-authentication.spec.ts:210:7 should validate password strength" type="FAILURE">
<![CDATA[  [Microsoft Edge] › 01-authentication.spec.ts:210:7 › User Authentication Flow › should validate password strength 

    Test timeout of 60000ms exceeded.

    Error: page.fill: Test timeout of 60000ms exceeded.
    Call log:
      - waiting for locator('input[name="name"]')


      213 |     // Fill form with weak password
      214 |     await page.fill('input[name="email"]', testEmail);
    > 215 |     await page.fill('input[name="name"]', 'Test User');
          |                ^
      216 |     await page.fill('input[name="mobile"]', testMobile);
      217 |     await page.fill('input[name="password"]', '123'); // Weak password
      218 |
        at D:\SmartGriev\e2e-tests\tests\01-authentication.spec.ts:215:16

    attachment #1: screenshot (image/png) ──────────────────────────────────────────────────────────
    ..\test-results\01-authentication-User-Aut-956e4--validate-password-strength-Microsoft-Edge\test-failed-1.png
    ────────────────────────────────────────────────────────────────────────────────────────────────

    attachment #2: video (video/webm) ──────────────────────────────────────────────────────────────
    ..\test-results\01-authentication-User-Aut-956e4--validate-password-strength-Microsoft-Edge\video.webm
    ────────────────────────────────────────────────────────────────────────────────────────────────

    Error Context: ..\test-results\01-authentication-User-Aut-956e4--validate-password-strength-Microsoft-Edge\error-context.md
]]>
</failure>
<system-out>
<![CDATA[✓ Database connected successfully

[[ATTACHMENT|..\test-results\01-authentication-User-Aut-956e4--validate-password-strength-Microsoft-Edge\test-failed-1.png]]

[[ATTACHMENT|..\test-results\01-authentication-User-Aut-956e4--validate-password-strength-Microsoft-Edge\video.webm]]

[[ATTACHMENT|..\test-results\01-authentication-User-Aut-956e4--validate-password-strength-Microsoft-Edge\error-context.md]]
]]>
</system-out>
</testcase>
<testcase name="User Authentication Flow › should logout successfully" classname="01-authentication.spec.ts" time="24.114">
<failure message="01-authentication.spec.ts:232:7 should logout successfully" type="FAILURE">
<![CDATA[  [Microsoft Edge] › 01-authentication.spec.ts:232:7 › User Authentication Flow › should logout successfully 

    TimeoutError: page.waitForURL: Timeout 10000ms exceeded.
    =========================== logs ===========================
    waiting for navigation until "load"
    ============================================================

       at ..\utils\helpers.ts:170

      168 |     
      169 |     // Wait for redirect to dashboard
    > 170 |     await this.page.waitForURL(/dashboard|home/i, { timeout: 10000 });
          |                     ^
      171 |   }
      172 |
      173 |   /**
        at TestHelpers.login (D:\SmartGriev\e2e-tests\utils\helpers.ts:170:21)
        at D:\SmartGriev\e2e-tests\tests\01-authentication.spec.ts:237:5

    attachment #1: screenshot (image/png) ──────────────────────────────────────────────────────────
    ..\test-results\01-authentication-User-Aut-0e789--should-logout-successfully-Microsoft-Edge\test-failed-1.png
    ────────────────────────────────────────────────────────────────────────────────────────────────

    attachment #2: video (video/webm) ──────────────────────────────────────────────────────────────
    ..\test-results\01-authentication-User-Aut-0e789--should-logout-successfully-Microsoft-Edge\video.webm
    ────────────────────────────────────────────────────────────────────────────────────────────────

    Error Context: ..\test-results\01-authentication-User-Aut-0e789--should-logout-successfully-Microsoft-Edge\error-context.md
]]>
</failure>
<system-out>
<![CDATA[✓ Database connected successfully

[[ATTACHMENT|..\test-results\01-authentication-User-Aut-0e789--should-logout-successfully-Microsoft-Edge\test-failed-1.png]]

[[ATTACHMENT|..\test-results\01-authentication-User-Aut-0e789--should-logout-successfully-Microsoft-Edge\video.webm]]

[[ATTACHMENT|..\test-results\01-authentication-User-Aut-0e789--should-logout-successfully-Microsoft-Edge\error-context.md]]
]]>
</system-out>
</testcase>
<testcase name="User Authentication Flow › should handle session timeout" classname="01-authentication.spec.ts" time="23.468">
<failure message="01-authentication.spec.ts:252:7 should handle session timeout" type="FAILURE">
<![CDATA[  [Microsoft Edge] › 01-authentication.spec.ts:252:7 › User Authentication Flow › should handle session timeout 

    TimeoutError: page.waitForURL: Timeout 10000ms exceeded.
    =========================== logs ===========================
    waiting for navigation until "load"
    ============================================================

       at ..\utils\helpers.ts:170

      168 |     
      169 |     // Wait for redirect to dashboard
    > 170 |     await this.page.waitForURL(/dashboard|home/i, { timeout: 10000 });
          |                     ^
      171 |   }
      172 |
      173 |   /**
        at TestHelpers.login (D:\SmartGriev\e2e-tests\utils\helpers.ts:170:21)
        at D:\SmartGriev\e2e-tests\tests\01-authentication.spec.ts:257:5

    attachment #1: screenshot (image/png) ──────────────────────────────────────────────────────────
    ..\test-results\01-authentication-User-Aut-30e7c-ould-handle-session-timeout-Microsoft-Edge\test-failed-1.png
    ────────────────────────────────────────────────────────────────────────────────────────────────

    attachment #2: video (video/webm) ──────────────────────────────────────────────────────────────
    ..\test-results\01-authentication-User-Aut-30e7c-ould-handle-session-timeout-Microsoft-Edge\video.webm
    ────────────────────────────────────────────────────────────────────────────────────────────────

    Error Context: ..\test-results\01-authentication-User-Aut-30e7c-ould-handle-session-timeout-Microsoft-Edge\error-context.md
]]>
</failure>
<system-out>
<![CDATA[✓ Database connected successfully

[[ATTACHMENT|..\test-results\01-authentication-User-Aut-30e7c-ould-handle-session-timeout-Microsoft-Edge\test-failed-1.png]]

[[ATTACHMENT|..\test-results\01-authentication-User-Aut-30e7c-ould-handle-session-timeout-Microsoft-Edge\video.webm]]

[[ATTACHMENT|..\test-results\01-authentication-User-Aut-30e7c-ould-handle-session-timeout-Microsoft-Edge\error-context.md]]
]]>
</system-out>
</testcase>
<testcase name="User Authentication Flow › should validate mobile number format" classname="01-authentication.spec.ts" time="60.268">
<failure message="01-authentication.spec.ts:277:7 should validate mobile number format" type="FAILURE">
<![CDATA[  [Microsoft Edge] › 01-authentication.spec.ts:277:7 › User Authentication Flow › should validate mobile number format 

    Test timeout of 60000ms exceeded.

    Error: page.fill: Test timeout of 60000ms exceeded.
    Call log:
      - waiting for locator('input[name="name"]')


      280 |     // Fill form with invalid mobile
      281 |     await page.fill('input[name="email"]', testEmail);
    > 282 |     await page.fill('input[name="name"]', 'Test User');
          |                ^
      283 |     await page.fill('input[name="mobile"], input[name="phone"]', '123'); // Invalid mobile
      284 |     await page.fill('input[name="password"]', testPassword);
      285 |
        at D:\SmartGriev\e2e-tests\tests\01-authentication.spec.ts:282:16

    attachment #1: screenshot (image/png) ──────────────────────────────────────────────────────────
    ..\test-results\01-authentication-User-Aut-e4117-lidate-mobile-number-format-Microsoft-Edge\test-failed-1.png
    ────────────────────────────────────────────────────────────────────────────────────────────────

    attachment #2: video (video/webm) ──────────────────────────────────────────────────────────────
    ..\test-results\01-authentication-User-Aut-e4117-lidate-mobile-number-format-Microsoft-Edge\video.webm
    ────────────────────────────────────────────────────────────────────────────────────────────────

    Error Context: ..\test-results\01-authentication-User-Aut-e4117-lidate-mobile-number-format-Microsoft-Edge\error-context.md
]]>
</failure>
<system-out>
<![CDATA[✓ Database connected successfully

[[ATTACHMENT|..\test-results\01-authentication-User-Aut-e4117-lidate-mobile-number-format-Microsoft-Edge\test-failed-1.png]]

[[ATTACHMENT|..\test-results\01-authentication-User-Aut-e4117-lidate-mobile-number-format-Microsoft-Edge\video.webm]]

[[ATTACHMENT|..\test-results\01-authentication-User-Aut-e4117-lidate-mobile-number-format-Microsoft-Edge\error-context.md]]
]]>
</system-out>
</testcase>
<testcase name="User Authentication Flow › should prevent duplicate email registration" classname="01-authentication.spec.ts" time="60.262">
<failure message="01-authentication.spec.ts:299:7 should prevent duplicate email registration" type="FAILURE">
<![CDATA[  [Microsoft Edge] › 01-authentication.spec.ts:299:7 › User Authentication Flow › should prevent duplicate email registration 

    Test timeout of 60000ms exceeded.

    Error: page.fill: Test timeout of 60000ms exceeded.
    Call log:
      - waiting for locator('input[name="name"]')


      305 |     // Fill form with existing email
      306 |     await page.fill('input[name="email"]', existingEmail);
    > 307 |     await page.fill('input[name="name"]', 'Test User');
          |                ^
      308 |     await page.fill('input[name="mobile"]', testMobile);
      309 |     await page.fill('input[name="password"]', testPassword);
      310 |
        at D:\SmartGriev\e2e-tests\tests\01-authentication.spec.ts:307:16

    attachment #1: screenshot (image/png) ──────────────────────────────────────────────────────────
    ..\test-results\01-authentication-User-Aut-e0b69-uplicate-email-registration-Microsoft-Edge\test-failed-1.png
    ────────────────────────────────────────────────────────────────────────────────────────────────

    attachment #2: video (video/webm) ──────────────────────────────────────────────────────────────
    ..\test-results\01-authentication-User-Aut-e0b69-uplicate-email-registration-Microsoft-Edge\video.webm
    ────────────────────────────────────────────────────────────────────────────────────────────────

    Error Context: ..\test-results\01-authentication-User-Aut-e0b69-uplicate-email-registration-Microsoft-Edge\error-context.md
]]>
</failure>
<system-out>
<![CDATA[✓ Database connected successfully

[[ATTACHMENT|..\test-results\01-authentication-User-Aut-e0b69-uplicate-email-registration-Microsoft-Edge\test-failed-1.png]]

[[ATTACHMENT|..\test-results\01-authentication-User-Aut-e0b69-uplicate-email-registration-Microsoft-Edge\video.webm]]

[[ATTACHMENT|..\test-results\01-authentication-User-Aut-e0b69-uplicate-email-registration-Microsoft-Edge\error-context.md]]
]]>
</system-out>
</testcase>
<testcase name="User Authentication Flow › should handle password visibility toggle" classname="01-authentication.spec.ts" time="13.307">
<system-out>
<![CDATA[✓ Database connected successfully
]]>
</system-out>
</testcase>
</testsuite>
</testsuites>