<testsuites id="" name="" tests="40" failures="40" skipped="0" errors="0" time="232.94821">
<testsuite name="01-authentication.spec.ts" timestamp="2025-11-10T05:15:11.429Z" hostname="chromium" tests="10" failures="10" skipped="0" time="35.416" errors="0">
<testcase name="User Authentication Flow › should complete user signup flow with OTP verification" classname="01-authentication.spec.ts" time="4.127">
<failure message="01-authentication.spec.ts:38:7 should complete user signup flow with OTP verification" type="FAILURE">
<![CDATA[  [chromium] › 01-authentication.spec.ts:38:7 › User Authentication Flow › should complete user signup flow with OTP verification 

    Error: page.goto: net::ERR_CONNECTION_REFUSED at http://localhost:3000/register
    Call log:
      - navigating to "http://localhost:3000/register", waiting until "load"


      38 |   test('should complete user signup flow with OTP verification', async ({ page }) => {
      39 |     // Navigate to register page (frontend uses /register not /signup)
    > 40 |     await page.goto('/register');
         |                ^
      41 |     await expect(page).toHaveTitle(/SmartGriev/i); // Frontend uses generic title
      42 |
      43 |     // Fill signup form - Frontend uses firstName, lastName, not name/fullName
        at D:\SmartGriev\e2e-tests\tests\01-authentication.spec.ts:40:16

    attachment #1: screenshot (image/png) ──────────────────────────────────────────────────────────
    ..\test-results\01-authentication-User-Aut-87ba7--flow-with-OTP-verification-chromium\test-failed-1.png
    ────────────────────────────────────────────────────────────────────────────────────────────────

    attachment #2: video (video/webm) ──────────────────────────────────────────────────────────────
    ..\test-results\01-authentication-User-Aut-87ba7--flow-with-OTP-verification-chromium\video.webm
    ────────────────────────────────────────────────────────────────────────────────────────────────
]]>
</failure>
<system-out>
<![CDATA[✓ Database connected successfully

[[ATTACHMENT|..\test-results\01-authentication-User-Aut-87ba7--flow-with-OTP-verification-chromium\test-failed-1.png]]

[[ATTACHMENT|..\test-results\01-authentication-User-Aut-87ba7--flow-with-OTP-verification-chromium\video.webm]]
]]>
</system-out>
</testcase>
<testcase name="User Authentication Flow › should login with valid credentials" classname="01-authentication.spec.ts" time="3.615">
<failure message="01-authentication.spec.ts:120:7 should login with valid credentials" type="FAILURE">
<![CDATA[  [chromium] › 01-authentication.spec.ts:120:7 › User Authentication Flow › should login with valid credentials 

    Error: page.goto: net::ERR_CONNECTION_REFUSED at http://localhost:3000/register
    Call log:
      - navigating to "http://localhost:3000/register", waiting until "load"


      131 |       
      132 |       // Navigate to register page and create user
    > 133 |       await page.goto('/register');
          |                  ^
      134 |       await page.fill('input[name="firstName"]', 'Test');
      135 |       await page.fill('input[name="lastName"]', 'User');
      136 |       await page.fill('input[name="email"]', loginEmail);
        at D:\SmartGriev\e2e-tests\tests\01-authentication.spec.ts:133:18

    attachment #1: screenshot (image/png) ──────────────────────────────────────────────────────────
    ..\test-results\01-authentication-User-Aut-8eca7-ogin-with-valid-credentials-chromium\test-failed-1.png
    ────────────────────────────────────────────────────────────────────────────────────────────────

    attachment #2: video (video/webm) ──────────────────────────────────────────────────────────────
    ..\test-results\01-authentication-User-Aut-8eca7-ogin-with-valid-credentials-chromium\video.webm
    ────────────────────────────────────────────────────────────────────────────────────────────────
]]>
</failure>
<system-out>
<![CDATA[✓ Database connected successfully
⚠️ User does not exist, creating via signup first...

[[ATTACHMENT|..\test-results\01-authentication-User-Aut-8eca7-ogin-with-valid-credentials-chromium\test-failed-1.png]]

[[ATTACHMENT|..\test-results\01-authentication-User-Aut-8eca7-ogin-with-valid-credentials-chromium\video.webm]]
]]>
</system-out>
</testcase>
<testcase name="User Authentication Flow › should show error for invalid credentials" classname="01-authentication.spec.ts" time="3.287">
<failure message="01-authentication.spec.ts:175:7 should show error for invalid credentials" type="FAILURE">
<![CDATA[  [chromium] › 01-authentication.spec.ts:175:7 › User Authentication Flow › should show error for invalid credentials 

    Error: page.goto: net::ERR_CONNECTION_REFUSED at http://localhost:3000/login
    Call log:
      - navigating to "http://localhost:3000/login", waiting until "load"


      174 |
      175 |   test('should show error for invalid credentials', async ({ page }) => {
    > 176 |     await page.goto('/login');
          |                ^
      177 |
      178 |     // Try to login with invalid credentials
      179 |     await page.fill('input[name="email"], input[type="email"]', 'invalid@example.com');
        at D:\SmartGriev\e2e-tests\tests\01-authentication.spec.ts:176:16

    attachment #1: screenshot (image/png) ──────────────────────────────────────────────────────────
    ..\test-results\01-authentication-User-Aut-4b058-ror-for-invalid-credentials-chromium\test-failed-1.png
    ────────────────────────────────────────────────────────────────────────────────────────────────

    attachment #2: video (video/webm) ──────────────────────────────────────────────────────────────
    ..\test-results\01-authentication-User-Aut-4b058-ror-for-invalid-credentials-chromium\video.webm
    ────────────────────────────────────────────────────────────────────────────────────────────────
]]>
</failure>
<system-out>
<![CDATA[✓ Database connected successfully

[[ATTACHMENT|..\test-results\01-authentication-User-Aut-4b058-ror-for-invalid-credentials-chromium\test-failed-1.png]]

[[ATTACHMENT|..\test-results\01-authentication-User-Aut-4b058-ror-for-invalid-credentials-chromium\video.webm]]
]]>
</system-out>
</testcase>
<testcase name="User Authentication Flow › should validate email format" classname="01-authentication.spec.ts" time="3.395">
<failure message="01-authentication.spec.ts:195:7 should validate email format" type="FAILURE">
<![CDATA[  [chromium] › 01-authentication.spec.ts:195:7 › User Authentication Flow › should validate email format 

    Error: page.goto: net::ERR_CONNECTION_REFUSED at http://localhost:3000/register
    Call log:
      - navigating to "http://localhost:3000/register", waiting until "load"


      194 |
      195 |   test('should validate email format', async ({ page }) => {
    > 196 |     await page.goto('/register');
          |                ^
      197 |
      198 |     // Fill form with invalid email
      199 |     await page.fill('input[name="email"]', 'invalid-email');
        at D:\SmartGriev\e2e-tests\tests\01-authentication.spec.ts:196:16

    attachment #1: screenshot (image/png) ──────────────────────────────────────────────────────────
    ..\test-results\01-authentication-User-Aut-bee91-hould-validate-email-format-chromium\test-failed-1.png
    ────────────────────────────────────────────────────────────────────────────────────────────────

    attachment #2: video (video/webm) ──────────────────────────────────────────────────────────────
    ..\test-results\01-authentication-User-Aut-bee91-hould-validate-email-format-chromium\video.webm
    ────────────────────────────────────────────────────────────────────────────────────────────────
]]>
</failure>
<system-out>
<![CDATA[✓ Database connected successfully

[[ATTACHMENT|..\test-results\01-authentication-User-Aut-bee91-hould-validate-email-format-chromium\test-failed-1.png]]

[[ATTACHMENT|..\test-results\01-authentication-User-Aut-bee91-hould-validate-email-format-chromium\video.webm]]
]]>
</system-out>
</testcase>
<testcase name="User Authentication Flow › should validate password strength" classname="01-authentication.spec.ts" time="3.256">
<failure message="01-authentication.spec.ts:218:7 should validate password strength" type="FAILURE">
<![CDATA[  [chromium] › 01-authentication.spec.ts:218:7 › User Authentication Flow › should validate password strength 

    Error: page.goto: net::ERR_CONNECTION_REFUSED at http://localhost:3000/register
    Call log:
      - navigating to "http://localhost:3000/register", waiting until "load"


      217 |
      218 |   test('should validate password strength', async ({ page }) => {
    > 219 |     await page.goto('/register');
          |                ^
      220 |
      221 |     // Fill form with weak password
      222 |     await page.fill('input[name="email"]', testEmail);
        at D:\SmartGriev\e2e-tests\tests\01-authentication.spec.ts:219:16

    attachment #1: screenshot (image/png) ──────────────────────────────────────────────────────────
    ..\test-results\01-authentication-User-Aut-956e4--validate-password-strength-chromium\test-failed-1.png
    ────────────────────────────────────────────────────────────────────────────────────────────────

    attachment #2: video (video/webm) ──────────────────────────────────────────────────────────────
    ..\test-results\01-authentication-User-Aut-956e4--validate-password-strength-chromium\video.webm
    ────────────────────────────────────────────────────────────────────────────────────────────────
]]>
</failure>
<system-out>
<![CDATA[✓ Database connected successfully

[[ATTACHMENT|..\test-results\01-authentication-User-Aut-956e4--validate-password-strength-chromium\test-failed-1.png]]

[[ATTACHMENT|..\test-results\01-authentication-User-Aut-956e4--validate-password-strength-chromium\video.webm]]
]]>
</system-out>
</testcase>
<testcase name="User Authentication Flow › should logout successfully" classname="01-authentication.spec.ts" time="3.255">
<failure message="01-authentication.spec.ts:241:7 should logout successfully" type="FAILURE">
<![CDATA[  [chromium] › 01-authentication.spec.ts:241:7 › User Authentication Flow › should logout successfully 

    Error: page.goto: net::ERR_CONNECTION_REFUSED at http://localhost:3000/login
    Call log:
      - navigating to "http://localhost:3000/login", waiting until "load"


       at ..\utils\helpers.ts:164

      162 |    */
      163 |   async login(email: string, password: string) {
    > 164 |     await this.page.goto('/login');
          |                     ^
      165 |     await this.page.fill('input[name="email"], input[type="email"]', email);
      166 |     await this.page.fill('input[name="password"], input[type="password"]', password);
      167 |     await this.page.locator('button[type="submit"]').click();
        at TestHelpers.login (D:\SmartGriev\e2e-tests\utils\helpers.ts:164:21)
        at D:\SmartGriev\e2e-tests\tests\01-authentication.spec.ts:246:19

    attachment #1: screenshot (image/png) ──────────────────────────────────────────────────────────
    ..\test-results\01-authentication-User-Aut-0e789--should-logout-successfully-chromium\test-failed-1.png
    ────────────────────────────────────────────────────────────────────────────────────────────────

    attachment #2: video (video/webm) ──────────────────────────────────────────────────────────────
    ..\test-results\01-authentication-User-Aut-0e789--should-logout-successfully-chromium\video.webm
    ────────────────────────────────────────────────────────────────────────────────────────────────
]]>
</failure>
<system-out>
<![CDATA[✓ Database connected successfully

[[ATTACHMENT|..\test-results\01-authentication-User-Aut-0e789--should-logout-successfully-chromium\test-failed-1.png]]

[[ATTACHMENT|..\test-results\01-authentication-User-Aut-0e789--should-logout-successfully-chromium\video.webm]]
]]>
</system-out>
</testcase>
<testcase name="User Authentication Flow › should handle session timeout" classname="01-authentication.spec.ts" time="3.607">
<failure message="01-authentication.spec.ts:261:7 should handle session timeout" type="FAILURE">
<![CDATA[  [chromium] › 01-authentication.spec.ts:261:7 › User Authentication Flow › should handle session timeout 

    Error: page.goto: net::ERR_CONNECTION_REFUSED at http://localhost:3000/login
    Call log:
      - navigating to "http://localhost:3000/login", waiting until "load"


       at ..\utils\helpers.ts:164

      162 |    */
      163 |   async login(email: string, password: string) {
    > 164 |     await this.page.goto('/login');
          |                     ^
      165 |     await this.page.fill('input[name="email"], input[type="email"]', email);
      166 |     await this.page.fill('input[name="password"], input[type="password"]', password);
      167 |     await this.page.locator('button[type="submit"]').click();
        at TestHelpers.login (D:\SmartGriev\e2e-tests\utils\helpers.ts:164:21)
        at D:\SmartGriev\e2e-tests\tests\01-authentication.spec.ts:266:19

    attachment #1: screenshot (image/png) ──────────────────────────────────────────────────────────
    ..\test-results\01-authentication-User-Aut-30e7c-ould-handle-session-timeout-chromium\test-failed-1.png
    ────────────────────────────────────────────────────────────────────────────────────────────────

    attachment #2: video (video/webm) ──────────────────────────────────────────────────────────────
    ..\test-results\01-authentication-User-Aut-30e7c-ould-handle-session-timeout-chromium\video.webm
    ────────────────────────────────────────────────────────────────────────────────────────────────
]]>
</failure>
<system-out>
<![CDATA[✓ Database connected successfully

[[ATTACHMENT|..\test-results\01-authentication-User-Aut-30e7c-ould-handle-session-timeout-chromium\test-failed-1.png]]

[[ATTACHMENT|..\test-results\01-authentication-User-Aut-30e7c-ould-handle-session-timeout-chromium\video.webm]]
]]>
</system-out>
</testcase>
<testcase name="User Authentication Flow › should validate mobile number format" classname="01-authentication.spec.ts" time="3.606">
<failure message="01-authentication.spec.ts:286:7 should validate mobile number format" type="FAILURE">
<![CDATA[  [chromium] › 01-authentication.spec.ts:286:7 › User Authentication Flow › should validate mobile number format 

    Error: page.goto: net::ERR_CONNECTION_REFUSED at http://localhost:3000/register
    Call log:
      - navigating to "http://localhost:3000/register", waiting until "load"


      285 |
      286 |   test('should validate mobile number format', async ({ page }) => {
    > 287 |     await page.goto('/register');
          |                ^
      288 |
      289 |     // Fill form with invalid mobile
      290 |     await page.fill('input[name="email"]', testEmail);
        at D:\SmartGriev\e2e-tests\tests\01-authentication.spec.ts:287:16

    attachment #1: screenshot (image/png) ──────────────────────────────────────────────────────────
    ..\test-results\01-authentication-User-Aut-e4117-lidate-mobile-number-format-chromium\test-failed-1.png
    ────────────────────────────────────────────────────────────────────────────────────────────────

    attachment #2: video (video/webm) ──────────────────────────────────────────────────────────────
    ..\test-results\01-authentication-User-Aut-e4117-lidate-mobile-number-format-chromium\video.webm
    ────────────────────────────────────────────────────────────────────────────────────────────────
]]>
</failure>
<system-out>
<![CDATA[✓ Database connected successfully

[[ATTACHMENT|..\test-results\01-authentication-User-Aut-e4117-lidate-mobile-number-format-chromium\test-failed-1.png]]

[[ATTACHMENT|..\test-results\01-authentication-User-Aut-e4117-lidate-mobile-number-format-chromium\video.webm]]
]]>
</system-out>
</testcase>
<testcase name="User Authentication Flow › should prevent duplicate email registration" classname="01-authentication.spec.ts" time="3.68">
<failure message="01-authentication.spec.ts:309:7 should prevent duplicate email registration" type="FAILURE">
<![CDATA[  [chromium] › 01-authentication.spec.ts:309:7 › User Authentication Flow › should prevent duplicate email registration 

    Error: page.goto: net::ERR_CONNECTION_REFUSED at http://localhost:3000/register
    Call log:
      - navigating to "http://localhost:3000/register", waiting until "load"


      311 |     const existingEmail = process.env.TEST_USER_EMAIL || 'test@smartgriev.com';
      312 |
    > 313 |     await page.goto('/register');
          |                ^
      314 |
      315 |     // Fill form with existing email
      316 |     await page.fill('input[name="email"]', existingEmail);
        at D:\SmartGriev\e2e-tests\tests\01-authentication.spec.ts:313:16

    attachment #1: screenshot (image/png) ──────────────────────────────────────────────────────────
    ..\test-results\01-authentication-User-Aut-e0b69-uplicate-email-registration-chromium\test-failed-1.png
    ────────────────────────────────────────────────────────────────────────────────────────────────

    attachment #2: video (video/webm) ──────────────────────────────────────────────────────────────
    ..\test-results\01-authentication-User-Aut-e0b69-uplicate-email-registration-chromium\video.webm
    ────────────────────────────────────────────────────────────────────────────────────────────────
]]>
</failure>
<system-out>
<![CDATA[✓ Database connected successfully

[[ATTACHMENT|..\test-results\01-authentication-User-Aut-e0b69-uplicate-email-registration-chromium\test-failed-1.png]]

[[ATTACHMENT|..\test-results\01-authentication-User-Aut-e0b69-uplicate-email-registration-chromium\video.webm]]
]]>
</system-out>
</testcase>
<testcase name="User Authentication Flow › should handle password visibility toggle" classname="01-authentication.spec.ts" time="3.588">
<failure message="01-authentication.spec.ts:337:7 should handle password visibility toggle" type="FAILURE">
<![CDATA[  [chromium] › 01-authentication.spec.ts:337:7 › User Authentication Flow › should handle password visibility toggle 

    Error: page.goto: net::ERR_CONNECTION_REFUSED at http://localhost:3000/login
    Call log:
      - navigating to "http://localhost:3000/login", waiting until "load"


      336 |
      337 |   test('should handle password visibility toggle', async ({ page }) => {
    > 338 |     await page.goto('/login');
          |                ^
      339 |
      340 |     const passwordInput = page.locator('input[name="password"]').first();
      341 |     
        at D:\SmartGriev\e2e-tests\tests\01-authentication.spec.ts:338:16

    attachment #1: screenshot (image/png) ──────────────────────────────────────────────────────────
    ..\test-results\01-authentication-User-Aut-b5d46--password-visibility-toggle-chromium\test-failed-1.png
    ────────────────────────────────────────────────────────────────────────────────────────────────

    attachment #2: video (video/webm) ──────────────────────────────────────────────────────────────
    ..\test-results\01-authentication-User-Aut-b5d46--password-visibility-toggle-chromium\video.webm
    ────────────────────────────────────────────────────────────────────────────────────────────────
]]>
</failure>
<system-out>
<![CDATA[✓ Database connected successfully

[[ATTACHMENT|..\test-results\01-authentication-User-Aut-b5d46--password-visibility-toggle-chromium\test-failed-1.png]]

[[ATTACHMENT|..\test-results\01-authentication-User-Aut-b5d46--password-visibility-toggle-chromium\video.webm]]
]]>
</system-out>
</testcase>
</testsuite>
<testsuite name="01-authentication.spec.ts" timestamp="2025-11-10T05:15:11.429Z" hostname="firefox" tests="10" failures="10" skipped="0" time="0.537" errors="0">
<testcase name="User Authentication Flow › should complete user signup flow with OTP verification" classname="01-authentication.spec.ts" time="0.056">
<failure message="01-authentication.spec.ts:38:7 should complete user signup flow with OTP verification" type="FAILURE">
<![CDATA[  [firefox] › 01-authentication.spec.ts:38:7 › User Authentication Flow › should complete user signup flow with OTP verification 

    Error: browser.newContext: Unknown permission: microphone
]]>
</failure>
<system-out>
<![CDATA[Cleanup error: TypeError: Cannot read properties of undefined (reading 'cleanupTestData')
    at [90mD:\SmartGriev\e2e-tests\[39mtests\01-authentication.spec.ts:26:22
    at [90mD:\SmartGriev\e2e-tests\[39mnode_modules\[4mplaywright[24m\lib\worker\fixtureRunner.js:228:52
    at [90mD:\SmartGriev\e2e-tests\[39mnode_modules\[4mplaywright[24m\lib\worker\testInfo.js:305:17
    at TimeoutManager.withRunnable [90m(D:\SmartGriev\e2e-tests\[39mnode_modules\[4mplaywright[24m\lib\worker\timeoutManager.js:68:9[90m)[39m
    at TestInfoImpl._runWithTimeout [90m(D:\SmartGriev\e2e-tests\[39mnode_modules\[4mplaywright[24m\lib\worker\testInfo.js:303:34[90m)[39m
    at FixtureRunner.resolveParametersAndRunFunction [90m(D:\SmartGriev\e2e-tests\[39mnode_modules\[4mplaywright[24m\lib\worker\fixtureRunner.js:228:20[90m)[39m
    at [90mD:\SmartGriev\e2e-tests\[39mnode_modules\[4mplaywright[24m\lib\worker\workerMain.js:469:11
    at TestInfoImpl._runAsStep [90m(D:\SmartGriev\e2e-tests\[39mnode_modules\[4mplaywright[24m\lib\worker\testInfo.js:294:7[90m)[39m
    at WorkerMain._runEachHooksForSuites [90m(D:\SmartGriev\e2e-tests\[39mnode_modules\[4mplaywright[24m\lib\worker\workerMain.js:468:9[90m)[39m
    at [90mD:\SmartGriev\e2e-tests\[39mnode_modules\[4mplaywright[24m\lib\worker\workerMain.js:330:11
    at TestInfoImpl._runAsStep [90m(D:\SmartGriev\e2e-tests\[39mnode_modules\[4mplaywright[24m\lib\worker\testInfo.js:294:7[90m)[39m
    at WorkerMain._runTest [90m(D:\SmartGriev\e2e-tests\[39mnode_modules\[4mplaywright[24m\lib\worker\workerMain.js:318:5[90m)[39m
    at WorkerMain.runTestGroup [90m(D:\SmartGriev\e2e-tests\[39mnode_modules\[4mplaywright[24m\lib\worker\workerMain.js:198:11[90m)[39m
    at process.<anonymous> [90m(D:\SmartGriev\e2e-tests\[39mnode_modules\[4mplaywright[24m\lib\common\process.js:65:22[90m)[39m
Close connection error: TypeError: Cannot read properties of undefined (reading 'close')
    at [90mD:\SmartGriev\e2e-tests\[39mtests\01-authentication.spec.ts:32:22
    at [90mD:\SmartGriev\e2e-tests\[39mnode_modules\[4mplaywright[24m\lib\worker\fixtureRunner.js:228:52
    at [90mD:\SmartGriev\e2e-tests\[39mnode_modules\[4mplaywright[24m\lib\worker\testInfo.js:305:17
    at TimeoutManager.withRunnable [90m(D:\SmartGriev\e2e-tests\[39mnode_modules\[4mplaywright[24m\lib\worker\timeoutManager.js:68:9[90m)[39m
    at TestInfoImpl._runWithTimeout [90m(D:\SmartGriev\e2e-tests\[39mnode_modules\[4mplaywright[24m\lib\worker\testInfo.js:303:34[90m)[39m
    at FixtureRunner.resolveParametersAndRunFunction [90m(D:\SmartGriev\e2e-tests\[39mnode_modules\[4mplaywright[24m\lib\worker\fixtureRunner.js:228:20[90m)[39m
    at [90mD:\SmartGriev\e2e-tests\[39mnode_modules\[4mplaywright[24m\lib\worker\workerMain.js:469:11
    at TestInfoImpl._runAsStep [90m(D:\SmartGriev\e2e-tests\[39mnode_modules\[4mplaywright[24m\lib\worker\testInfo.js:294:7[90m)[39m
    at WorkerMain._runEachHooksForSuites [90m(D:\SmartGriev\e2e-tests\[39mnode_modules\[4mplaywright[24m\lib\worker\workerMain.js:468:9[90m)[39m
    at [90mD:\SmartGriev\e2e-tests\[39mnode_modules\[4mplaywright[24m\lib\worker\workerMain.js:330:11
    at TestInfoImpl._runAsStep [90m(D:\SmartGriev\e2e-tests\[39mnode_modules\[4mplaywright[24m\lib\worker\testInfo.js:294:7[90m)[39m
    at WorkerMain._runTest [90m(D:\SmartGriev\e2e-tests\[39mnode_modules\[4mplaywright[24m\lib\worker\workerMain.js:318:5[90m)[39m
    at WorkerMain.runTestGroup [90m(D:\SmartGriev\e2e-tests\[39mnode_modules\[4mplaywright[24m\lib\worker\workerMain.js:198:11[90m)[39m
    at process.<anonymous> [90m(D:\SmartGriev\e2e-tests\[39mnode_modules\[4mplaywright[24m\lib\common\process.js:65:22[90m)[39m
]]>
</system-out>
</testcase>
<testcase name="User Authentication Flow › should login with valid credentials" classname="01-authentication.spec.ts" time="0.043">
<failure message="01-authentication.spec.ts:120:7 should login with valid credentials" type="FAILURE">
<![CDATA[  [firefox] › 01-authentication.spec.ts:120:7 › User Authentication Flow › should login with valid credentials 

    Error: browser.newContext: Unknown permission: microphone
]]>
</failure>
<system-out>
<![CDATA[Cleanup error: TypeError: Cannot read properties of undefined (reading 'cleanupTestData')
    at [90mD:\SmartGriev\e2e-tests\[39mtests\01-authentication.spec.ts:26:22
    at [90mD:\SmartGriev\e2e-tests\[39mnode_modules\[4mplaywright[24m\lib\worker\fixtureRunner.js:228:52
    at [90mD:\SmartGriev\e2e-tests\[39mnode_modules\[4mplaywright[24m\lib\worker\testInfo.js:305:17
    at TimeoutManager.withRunnable [90m(D:\SmartGriev\e2e-tests\[39mnode_modules\[4mplaywright[24m\lib\worker\timeoutManager.js:68:9[90m)[39m
    at TestInfoImpl._runWithTimeout [90m(D:\SmartGriev\e2e-tests\[39mnode_modules\[4mplaywright[24m\lib\worker\testInfo.js:303:34[90m)[39m
    at FixtureRunner.resolveParametersAndRunFunction [90m(D:\SmartGriev\e2e-tests\[39mnode_modules\[4mplaywright[24m\lib\worker\fixtureRunner.js:228:20[90m)[39m
    at [90mD:\SmartGriev\e2e-tests\[39mnode_modules\[4mplaywright[24m\lib\worker\workerMain.js:469:11
    at TestInfoImpl._runAsStep [90m(D:\SmartGriev\e2e-tests\[39mnode_modules\[4mplaywright[24m\lib\worker\testInfo.js:294:7[90m)[39m
    at WorkerMain._runEachHooksForSuites [90m(D:\SmartGriev\e2e-tests\[39mnode_modules\[4mplaywright[24m\lib\worker\workerMain.js:468:9[90m)[39m
    at [90mD:\SmartGriev\e2e-tests\[39mnode_modules\[4mplaywright[24m\lib\worker\workerMain.js:330:11
    at TestInfoImpl._runAsStep [90m(D:\SmartGriev\e2e-tests\[39mnode_modules\[4mplaywright[24m\lib\worker\testInfo.js:294:7[90m)[39m
    at WorkerMain._runTest [90m(D:\SmartGriev\e2e-tests\[39mnode_modules\[4mplaywright[24m\lib\worker\workerMain.js:318:5[90m)[39m
    at WorkerMain.runTestGroup [90m(D:\SmartGriev\e2e-tests\[39mnode_modules\[4mplaywright[24m\lib\worker\workerMain.js:198:11[90m)[39m
    at process.<anonymous> [90m(D:\SmartGriev\e2e-tests\[39mnode_modules\[4mplaywright[24m\lib\common\process.js:65:22[90m)[39m
Close connection error: TypeError: Cannot read properties of undefined (reading 'close')
    at [90mD:\SmartGriev\e2e-tests\[39mtests\01-authentication.spec.ts:32:22
    at [90mD:\SmartGriev\e2e-tests\[39mnode_modules\[4mplaywright[24m\lib\worker\fixtureRunner.js:228:52
    at [90mD:\SmartGriev\e2e-tests\[39mnode_modules\[4mplaywright[24m\lib\worker\testInfo.js:305:17
    at TimeoutManager.withRunnable [90m(D:\SmartGriev\e2e-tests\[39mnode_modules\[4mplaywright[24m\lib\worker\timeoutManager.js:68:9[90m)[39m
    at TestInfoImpl._runWithTimeout [90m(D:\SmartGriev\e2e-tests\[39mnode_modules\[4mplaywright[24m\lib\worker\testInfo.js:303:34[90m)[39m
    at FixtureRunner.resolveParametersAndRunFunction [90m(D:\SmartGriev\e2e-tests\[39mnode_modules\[4mplaywright[24m\lib\worker\fixtureRunner.js:228:20[90m)[39m
    at [90mD:\SmartGriev\e2e-tests\[39mnode_modules\[4mplaywright[24m\lib\worker\workerMain.js:469:11
    at TestInfoImpl._runAsStep [90m(D:\SmartGriev\e2e-tests\[39mnode_modules\[4mplaywright[24m\lib\worker\testInfo.js:294:7[90m)[39m
    at WorkerMain._runEachHooksForSuites [90m(D:\SmartGriev\e2e-tests\[39mnode_modules\[4mplaywright[24m\lib\worker\workerMain.js:468:9[90m)[39m
    at [90mD:\SmartGriev\e2e-tests\[39mnode_modules\[4mplaywright[24m\lib\worker\workerMain.js:330:11
    at TestInfoImpl._runAsStep [90m(D:\SmartGriev\e2e-tests\[39mnode_modules\[4mplaywright[24m\lib\worker\testInfo.js:294:7[90m)[39m
    at WorkerMain._runTest [90m(D:\SmartGriev\e2e-tests\[39mnode_modules\[4mplaywright[24m\lib\worker\workerMain.js:318:5[90m)[39m
    at WorkerMain.runTestGroup [90m(D:\SmartGriev\e2e-tests\[39mnode_modules\[4mplaywright[24m\lib\worker\workerMain.js:198:11[90m)[39m
    at process.<anonymous> [90m(D:\SmartGriev\e2e-tests\[39mnode_modules\[4mplaywright[24m\lib\common\process.js:65:22[90m)[39m
]]>
</system-out>
</testcase>
<testcase name="User Authentication Flow › should show error for invalid credentials" classname="01-authentication.spec.ts" time="0.059">
<failure message="01-authentication.spec.ts:175:7 should show error for invalid credentials" type="FAILURE">
<![CDATA[  [firefox] › 01-authentication.spec.ts:175:7 › User Authentication Flow › should show error for invalid credentials 

    Error: browser.newContext: Unknown permission: microphone
]]>
</failure>
<system-out>
<![CDATA[Cleanup error: TypeError: Cannot read properties of undefined (reading 'cleanupTestData')
    at [90mD:\SmartGriev\e2e-tests\[39mtests\01-authentication.spec.ts:26:22
    at [90mD:\SmartGriev\e2e-tests\[39mnode_modules\[4mplaywright[24m\lib\worker\fixtureRunner.js:228:52
    at [90mD:\SmartGriev\e2e-tests\[39mnode_modules\[4mplaywright[24m\lib\worker\testInfo.js:305:17
    at TimeoutManager.withRunnable [90m(D:\SmartGriev\e2e-tests\[39mnode_modules\[4mplaywright[24m\lib\worker\timeoutManager.js:68:9[90m)[39m
    at TestInfoImpl._runWithTimeout [90m(D:\SmartGriev\e2e-tests\[39mnode_modules\[4mplaywright[24m\lib\worker\testInfo.js:303:34[90m)[39m
    at FixtureRunner.resolveParametersAndRunFunction [90m(D:\SmartGriev\e2e-tests\[39mnode_modules\[4mplaywright[24m\lib\worker\fixtureRunner.js:228:20[90m)[39m
    at [90mD:\SmartGriev\e2e-tests\[39mnode_modules\[4mplaywright[24m\lib\worker\workerMain.js:469:11
    at TestInfoImpl._runAsStep [90m(D:\SmartGriev\e2e-tests\[39mnode_modules\[4mplaywright[24m\lib\worker\testInfo.js:294:7[90m)[39m
    at WorkerMain._runEachHooksForSuites [90m(D:\SmartGriev\e2e-tests\[39mnode_modules\[4mplaywright[24m\lib\worker\workerMain.js:468:9[90m)[39m
    at [90mD:\SmartGriev\e2e-tests\[39mnode_modules\[4mplaywright[24m\lib\worker\workerMain.js:330:11
    at TestInfoImpl._runAsStep [90m(D:\SmartGriev\e2e-tests\[39mnode_modules\[4mplaywright[24m\lib\worker\testInfo.js:294:7[90m)[39m
    at WorkerMain._runTest [90m(D:\SmartGriev\e2e-tests\[39mnode_modules\[4mplaywright[24m\lib\worker\workerMain.js:318:5[90m)[39m
    at WorkerMain.runTestGroup [90m(D:\SmartGriev\e2e-tests\[39mnode_modules\[4mplaywright[24m\lib\worker\workerMain.js:198:11[90m)[39m
    at process.<anonymous> [90m(D:\SmartGriev\e2e-tests\[39mnode_modules\[4mplaywright[24m\lib\common\process.js:65:22[90m)[39m
Close connection error: TypeError: Cannot read properties of undefined (reading 'close')
    at [90mD:\SmartGriev\e2e-tests\[39mtests\01-authentication.spec.ts:32:22
    at [90mD:\SmartGriev\e2e-tests\[39mnode_modules\[4mplaywright[24m\lib\worker\fixtureRunner.js:228:52
    at [90mD:\SmartGriev\e2e-tests\[39mnode_modules\[4mplaywright[24m\lib\worker\testInfo.js:305:17
    at TimeoutManager.withRunnable [90m(D:\SmartGriev\e2e-tests\[39mnode_modules\[4mplaywright[24m\lib\worker\timeoutManager.js:68:9[90m)[39m
    at TestInfoImpl._runWithTimeout [90m(D:\SmartGriev\e2e-tests\[39mnode_modules\[4mplaywright[24m\lib\worker\testInfo.js:303:34[90m)[39m
    at FixtureRunner.resolveParametersAndRunFunction [90m(D:\SmartGriev\e2e-tests\[39mnode_modules\[4mplaywright[24m\lib\worker\fixtureRunner.js:228:20[90m)[39m
    at [90mD:\SmartGriev\e2e-tests\[39mnode_modules\[4mplaywright[24m\lib\worker\workerMain.js:469:11
    at TestInfoImpl._runAsStep [90m(D:\SmartGriev\e2e-tests\[39mnode_modules\[4mplaywright[24m\lib\worker\testInfo.js:294:7[90m)[39m
    at WorkerMain._runEachHooksForSuites [90m(D:\SmartGriev\e2e-tests\[39mnode_modules\[4mplaywright[24m\lib\worker\workerMain.js:468:9[90m)[39m
    at [90mD:\SmartGriev\e2e-tests\[39mnode_modules\[4mplaywright[24m\lib\worker\workerMain.js:330:11
    at TestInfoImpl._runAsStep [90m(D:\SmartGriev\e2e-tests\[39mnode_modules\[4mplaywright[24m\lib\worker\testInfo.js:294:7[90m)[39m
    at WorkerMain._runTest [90m(D:\SmartGriev\e2e-tests\[39mnode_modules\[4mplaywright[24m\lib\worker\workerMain.js:318:5[90m)[39m
    at WorkerMain.runTestGroup [90m(D:\SmartGriev\e2e-tests\[39mnode_modules\[4mplaywright[24m\lib\worker\workerMain.js:198:11[90m)[39m
    at process.<anonymous> [90m(D:\SmartGriev\e2e-tests\[39mnode_modules\[4mplaywright[24m\lib\common\process.js:65:22[90m)[39m
]]>
</system-out>
</testcase>
<testcase name="User Authentication Flow › should validate email format" classname="01-authentication.spec.ts" time="0.044">
<failure message="01-authentication.spec.ts:195:7 should validate email format" type="FAILURE">
<![CDATA[  [firefox] › 01-authentication.spec.ts:195:7 › User Authentication Flow › should validate email format 

    Error: browser.newContext: Unknown permission: microphone
]]>
</failure>
<system-out>
<![CDATA[Cleanup error: TypeError: Cannot read properties of undefined (reading 'cleanupTestData')
    at [90mD:\SmartGriev\e2e-tests\[39mtests\01-authentication.spec.ts:26:22
    at [90mD:\SmartGriev\e2e-tests\[39mnode_modules\[4mplaywright[24m\lib\worker\fixtureRunner.js:228:52
    at [90mD:\SmartGriev\e2e-tests\[39mnode_modules\[4mplaywright[24m\lib\worker\testInfo.js:305:17
    at TimeoutManager.withRunnable [90m(D:\SmartGriev\e2e-tests\[39mnode_modules\[4mplaywright[24m\lib\worker\timeoutManager.js:68:9[90m)[39m
    at TestInfoImpl._runWithTimeout [90m(D:\SmartGriev\e2e-tests\[39mnode_modules\[4mplaywright[24m\lib\worker\testInfo.js:303:34[90m)[39m
    at FixtureRunner.resolveParametersAndRunFunction [90m(D:\SmartGriev\e2e-tests\[39mnode_modules\[4mplaywright[24m\lib\worker\fixtureRunner.js:228:20[90m)[39m
    at [90mD:\SmartGriev\e2e-tests\[39mnode_modules\[4mplaywright[24m\lib\worker\workerMain.js:469:11
    at TestInfoImpl._runAsStep [90m(D:\SmartGriev\e2e-tests\[39mnode_modules\[4mplaywright[24m\lib\worker\testInfo.js:294:7[90m)[39m
    at WorkerMain._runEachHooksForSuites [90m(D:\SmartGriev\e2e-tests\[39mnode_modules\[4mplaywright[24m\lib\worker\workerMain.js:468:9[90m)[39m
    at [90mD:\SmartGriev\e2e-tests\[39mnode_modules\[4mplaywright[24m\lib\worker\workerMain.js:330:11
    at TestInfoImpl._runAsStep [90m(D:\SmartGriev\e2e-tests\[39mnode_modules\[4mplaywright[24m\lib\worker\testInfo.js:294:7[90m)[39m
    at WorkerMain._runTest [90m(D:\SmartGriev\e2e-tests\[39mnode_modules\[4mplaywright[24m\lib\worker\workerMain.js:318:5[90m)[39m
    at WorkerMain.runTestGroup [90m(D:\SmartGriev\e2e-tests\[39mnode_modules\[4mplaywright[24m\lib\worker\workerMain.js:198:11[90m)[39m
    at process.<anonymous> [90m(D:\SmartGriev\e2e-tests\[39mnode_modules\[4mplaywright[24m\lib\common\process.js:65:22[90m)[39m
Close connection error: TypeError: Cannot read properties of undefined (reading 'close')
    at [90mD:\SmartGriev\e2e-tests\[39mtests\01-authentication.spec.ts:32:22
    at [90mD:\SmartGriev\e2e-tests\[39mnode_modules\[4mplaywright[24m\lib\worker\fixtureRunner.js:228:52
    at [90mD:\SmartGriev\e2e-tests\[39mnode_modules\[4mplaywright[24m\lib\worker\testInfo.js:305:17
    at TimeoutManager.withRunnable [90m(D:\SmartGriev\e2e-tests\[39mnode_modules\[4mplaywright[24m\lib\worker\timeoutManager.js:68:9[90m)[39m
    at TestInfoImpl._runWithTimeout [90m(D:\SmartGriev\e2e-tests\[39mnode_modules\[4mplaywright[24m\lib\worker\testInfo.js:303:34[90m)[39m
    at FixtureRunner.resolveParametersAndRunFunction [90m(D:\SmartGriev\e2e-tests\[39mnode_modules\[4mplaywright[24m\lib\worker\fixtureRunner.js:228:20[90m)[39m
    at [90mD:\SmartGriev\e2e-tests\[39mnode_modules\[4mplaywright[24m\lib\worker\workerMain.js:469:11
    at TestInfoImpl._runAsStep [90m(D:\SmartGriev\e2e-tests\[39mnode_modules\[4mplaywright[24m\lib\worker\testInfo.js:294:7[90m)[39m
    at WorkerMain._runEachHooksForSuites [90m(D:\SmartGriev\e2e-tests\[39mnode_modules\[4mplaywright[24m\lib\worker\workerMain.js:468:9[90m)[39m
    at [90mD:\SmartGriev\e2e-tests\[39mnode_modules\[4mplaywright[24m\lib\worker\workerMain.js:330:11
    at TestInfoImpl._runAsStep [90m(D:\SmartGriev\e2e-tests\[39mnode_modules\[4mplaywright[24m\lib\worker\testInfo.js:294:7[90m)[39m
    at WorkerMain._runTest [90m(D:\SmartGriev\e2e-tests\[39mnode_modules\[4mplaywright[24m\lib\worker\workerMain.js:318:5[90m)[39m
    at WorkerMain.runTestGroup [90m(D:\SmartGriev\e2e-tests\[39mnode_modules\[4mplaywright[24m\lib\worker\workerMain.js:198:11[90m)[39m
    at process.<anonymous> [90m(D:\SmartGriev\e2e-tests\[39mnode_modules\[4mplaywright[24m\lib\common\process.js:65:22[90m)[39m
]]>
</system-out>
</testcase>
<testcase name="User Authentication Flow › should validate password strength" classname="01-authentication.spec.ts" time="0.051">
<failure message="01-authentication.spec.ts:218:7 should validate password strength" type="FAILURE">
<![CDATA[  [firefox] › 01-authentication.spec.ts:218:7 › User Authentication Flow › should validate password strength 

    Error: browser.newContext: Unknown permission: microphone
]]>
</failure>
<system-out>
<![CDATA[Cleanup error: TypeError: Cannot read properties of undefined (reading 'cleanupTestData')
    at [90mD:\SmartGriev\e2e-tests\[39mtests\01-authentication.spec.ts:26:22
    at [90mD:\SmartGriev\e2e-tests\[39mnode_modules\[4mplaywright[24m\lib\worker\fixtureRunner.js:228:52
    at [90mD:\SmartGriev\e2e-tests\[39mnode_modules\[4mplaywright[24m\lib\worker\testInfo.js:305:17
    at TimeoutManager.withRunnable [90m(D:\SmartGriev\e2e-tests\[39mnode_modules\[4mplaywright[24m\lib\worker\timeoutManager.js:68:9[90m)[39m
    at TestInfoImpl._runWithTimeout [90m(D:\SmartGriev\e2e-tests\[39mnode_modules\[4mplaywright[24m\lib\worker\testInfo.js:303:34[90m)[39m
    at FixtureRunner.resolveParametersAndRunFunction [90m(D:\SmartGriev\e2e-tests\[39mnode_modules\[4mplaywright[24m\lib\worker\fixtureRunner.js:228:20[90m)[39m
    at [90mD:\SmartGriev\e2e-tests\[39mnode_modules\[4mplaywright[24m\lib\worker\workerMain.js:469:11
    at TestInfoImpl._runAsStep [90m(D:\SmartGriev\e2e-tests\[39mnode_modules\[4mplaywright[24m\lib\worker\testInfo.js:294:7[90m)[39m
    at WorkerMain._runEachHooksForSuites [90m(D:\SmartGriev\e2e-tests\[39mnode_modules\[4mplaywright[24m\lib\worker\workerMain.js:468:9[90m)[39m
    at [90mD:\SmartGriev\e2e-tests\[39mnode_modules\[4mplaywright[24m\lib\worker\workerMain.js:330:11
    at TestInfoImpl._runAsStep [90m(D:\SmartGriev\e2e-tests\[39mnode_modules\[4mplaywright[24m\lib\worker\testInfo.js:294:7[90m)[39m
    at WorkerMain._runTest [90m(D:\SmartGriev\e2e-tests\[39mnode_modules\[4mplaywright[24m\lib\worker\workerMain.js:318:5[90m)[39m
    at WorkerMain.runTestGroup [90m(D:\SmartGriev\e2e-tests\[39mnode_modules\[4mplaywright[24m\lib\worker\workerMain.js:198:11[90m)[39m
    at process.<anonymous> [90m(D:\SmartGriev\e2e-tests\[39mnode_modules\[4mplaywright[24m\lib\common\process.js:65:22[90m)[39m
Close connection error: TypeError: Cannot read properties of undefined (reading 'close')
    at [90mD:\SmartGriev\e2e-tests\[39mtests\01-authentication.spec.ts:32:22
    at [90mD:\SmartGriev\e2e-tests\[39mnode_modules\[4mplaywright[24m\lib\worker\fixtureRunner.js:228:52
    at [90mD:\SmartGriev\e2e-tests\[39mnode_modules\[4mplaywright[24m\lib\worker\testInfo.js:305:17
    at TimeoutManager.withRunnable [90m(D:\SmartGriev\e2e-tests\[39mnode_modules\[4mplaywright[24m\lib\worker\timeoutManager.js:68:9[90m)[39m
    at TestInfoImpl._runWithTimeout [90m(D:\SmartGriev\e2e-tests\[39mnode_modules\[4mplaywright[24m\lib\worker\testInfo.js:303:34[90m)[39m
    at FixtureRunner.resolveParametersAndRunFunction [90m(D:\SmartGriev\e2e-tests\[39mnode_modules\[4mplaywright[24m\lib\worker\fixtureRunner.js:228:20[90m)[39m
    at [90mD:\SmartGriev\e2e-tests\[39mnode_modules\[4mplaywright[24m\lib\worker\workerMain.js:469:11
    at TestInfoImpl._runAsStep [90m(D:\SmartGriev\e2e-tests\[39mnode_modules\[4mplaywright[24m\lib\worker\testInfo.js:294:7[90m)[39m
    at WorkerMain._runEachHooksForSuites [90m(D:\SmartGriev\e2e-tests\[39mnode_modules\[4mplaywright[24m\lib\worker\workerMain.js:468:9[90m)[39m
    at [90mD:\SmartGriev\e2e-tests\[39mnode_modules\[4mplaywright[24m\lib\worker\workerMain.js:330:11
    at TestInfoImpl._runAsStep [90m(D:\SmartGriev\e2e-tests\[39mnode_modules\[4mplaywright[24m\lib\worker\testInfo.js:294:7[90m)[39m
    at WorkerMain._runTest [90m(D:\SmartGriev\e2e-tests\[39mnode_modules\[4mplaywright[24m\lib\worker\workerMain.js:318:5[90m)[39m
    at WorkerMain.runTestGroup [90m(D:\SmartGriev\e2e-tests\[39mnode_modules\[4mplaywright[24m\lib\worker\workerMain.js:198:11[90m)[39m
    at process.<anonymous> [90m(D:\SmartGriev\e2e-tests\[39mnode_modules\[4mplaywright[24m\lib\common\process.js:65:22[90m)[39m
]]>
</system-out>
</testcase>
<testcase name="User Authentication Flow › should logout successfully" classname="01-authentication.spec.ts" time="0.07">
<failure message="01-authentication.spec.ts:241:7 should logout successfully" type="FAILURE">
<![CDATA[  [firefox] › 01-authentication.spec.ts:241:7 › User Authentication Flow › should logout successfully 

    Error: browser.newContext: Unknown permission: microphone
]]>
</failure>
<system-out>
<![CDATA[Cleanup error: TypeError: Cannot read properties of undefined (reading 'cleanupTestData')
    at [90mD:\SmartGriev\e2e-tests\[39mtests\01-authentication.spec.ts:26:22
    at [90mD:\SmartGriev\e2e-tests\[39mnode_modules\[4mplaywright[24m\lib\worker\fixtureRunner.js:228:52
    at [90mD:\SmartGriev\e2e-tests\[39mnode_modules\[4mplaywright[24m\lib\worker\testInfo.js:305:17
    at TimeoutManager.withRunnable [90m(D:\SmartGriev\e2e-tests\[39mnode_modules\[4mplaywright[24m\lib\worker\timeoutManager.js:68:9[90m)[39m
    at TestInfoImpl._runWithTimeout [90m(D:\SmartGriev\e2e-tests\[39mnode_modules\[4mplaywright[24m\lib\worker\testInfo.js:303:34[90m)[39m
    at FixtureRunner.resolveParametersAndRunFunction [90m(D:\SmartGriev\e2e-tests\[39mnode_modules\[4mplaywright[24m\lib\worker\fixtureRunner.js:228:20[90m)[39m
    at [90mD:\SmartGriev\e2e-tests\[39mnode_modules\[4mplaywright[24m\lib\worker\workerMain.js:469:11
    at TestInfoImpl._runAsStep [90m(D:\SmartGriev\e2e-tests\[39mnode_modules\[4mplaywright[24m\lib\worker\testInfo.js:294:7[90m)[39m
    at WorkerMain._runEachHooksForSuites [90m(D:\SmartGriev\e2e-tests\[39mnode_modules\[4mplaywright[24m\lib\worker\workerMain.js:468:9[90m)[39m
    at [90mD:\SmartGriev\e2e-tests\[39mnode_modules\[4mplaywright[24m\lib\worker\workerMain.js:330:11
    at TestInfoImpl._runAsStep [90m(D:\SmartGriev\e2e-tests\[39mnode_modules\[4mplaywright[24m\lib\worker\testInfo.js:294:7[90m)[39m
    at WorkerMain._runTest [90m(D:\SmartGriev\e2e-tests\[39mnode_modules\[4mplaywright[24m\lib\worker\workerMain.js:318:5[90m)[39m
    at WorkerMain.runTestGroup [90m(D:\SmartGriev\e2e-tests\[39mnode_modules\[4mplaywright[24m\lib\worker\workerMain.js:198:11[90m)[39m
    at process.<anonymous> [90m(D:\SmartGriev\e2e-tests\[39mnode_modules\[4mplaywright[24m\lib\common\process.js:65:22[90m)[39m
Close connection error: TypeError: Cannot read properties of undefined (reading 'close')
    at [90mD:\SmartGriev\e2e-tests\[39mtests\01-authentication.spec.ts:32:22
    at [90mD:\SmartGriev\e2e-tests\[39mnode_modules\[4mplaywright[24m\lib\worker\fixtureRunner.js:228:52
    at [90mD:\SmartGriev\e2e-tests\[39mnode_modules\[4mplaywright[24m\lib\worker\testInfo.js:305:17
    at TimeoutManager.withRunnable [90m(D:\SmartGriev\e2e-tests\[39mnode_modules\[4mplaywright[24m\lib\worker\timeoutManager.js:68:9[90m)[39m
    at TestInfoImpl._runWithTimeout [90m(D:\SmartGriev\e2e-tests\[39mnode_modules\[4mplaywright[24m\lib\worker\testInfo.js:303:34[90m)[39m
    at FixtureRunner.resolveParametersAndRunFunction [90m(D:\SmartGriev\e2e-tests\[39mnode_modules\[4mplaywright[24m\lib\worker\fixtureRunner.js:228:20[90m)[39m
    at [90mD:\SmartGriev\e2e-tests\[39mnode_modules\[4mplaywright[24m\lib\worker\workerMain.js:469:11
    at TestInfoImpl._runAsStep [90m(D:\SmartGriev\e2e-tests\[39mnode_modules\[4mplaywright[24m\lib\worker\testInfo.js:294:7[90m)[39m
    at WorkerMain._runEachHooksForSuites [90m(D:\SmartGriev\e2e-tests\[39mnode_modules\[4mplaywright[24m\lib\worker\workerMain.js:468:9[90m)[39m
    at [90mD:\SmartGriev\e2e-tests\[39mnode_modules\[4mplaywright[24m\lib\worker\workerMain.js:330:11
    at TestInfoImpl._runAsStep [90m(D:\SmartGriev\e2e-tests\[39mnode_modules\[4mplaywright[24m\lib\worker\testInfo.js:294:7[90m)[39m
    at WorkerMain._runTest [90m(D:\SmartGriev\e2e-tests\[39mnode_modules\[4mplaywright[24m\lib\worker\workerMain.js:318:5[90m)[39m
    at WorkerMain.runTestGroup [90m(D:\SmartGriev\e2e-tests\[39mnode_modules\[4mplaywright[24m\lib\worker\workerMain.js:198:11[90m)[39m
    at process.<anonymous> [90m(D:\SmartGriev\e2e-tests\[39mnode_modules\[4mplaywright[24m\lib\common\process.js:65:22[90m)[39m
]]>
</system-out>
</testcase>
<testcase name="User Authentication Flow › should handle session timeout" classname="01-authentication.spec.ts" time="0.048">
<failure message="01-authentication.spec.ts:261:7 should handle session timeout" type="FAILURE">
<![CDATA[  [firefox] › 01-authentication.spec.ts:261:7 › User Authentication Flow › should handle session timeout 

    Error: browser.newContext: Unknown permission: microphone
]]>
</failure>
<system-out>
<![CDATA[Cleanup error: TypeError: Cannot read properties of undefined (reading 'cleanupTestData')
    at [90mD:\SmartGriev\e2e-tests\[39mtests\01-authentication.spec.ts:26:22
    at [90mD:\SmartGriev\e2e-tests\[39mnode_modules\[4mplaywright[24m\lib\worker\fixtureRunner.js:228:52
    at [90mD:\SmartGriev\e2e-tests\[39mnode_modules\[4mplaywright[24m\lib\worker\testInfo.js:305:17
    at TimeoutManager.withRunnable [90m(D:\SmartGriev\e2e-tests\[39mnode_modules\[4mplaywright[24m\lib\worker\timeoutManager.js:68:9[90m)[39m
    at TestInfoImpl._runWithTimeout [90m(D:\SmartGriev\e2e-tests\[39mnode_modules\[4mplaywright[24m\lib\worker\testInfo.js:303:34[90m)[39m
    at FixtureRunner.resolveParametersAndRunFunction [90m(D:\SmartGriev\e2e-tests\[39mnode_modules\[4mplaywright[24m\lib\worker\fixtureRunner.js:228:20[90m)[39m
    at [90mD:\SmartGriev\e2e-tests\[39mnode_modules\[4mplaywright[24m\lib\worker\workerMain.js:469:11
    at TestInfoImpl._runAsStep [90m(D:\SmartGriev\e2e-tests\[39mnode_modules\[4mplaywright[24m\lib\worker\testInfo.js:294:7[90m)[39m
    at WorkerMain._runEachHooksForSuites [90m(D:\SmartGriev\e2e-tests\[39mnode_modules\[4mplaywright[24m\lib\worker\workerMain.js:468:9[90m)[39m
    at [90mD:\SmartGriev\e2e-tests\[39mnode_modules\[4mplaywright[24m\lib\worker\workerMain.js:330:11
    at TestInfoImpl._runAsStep [90m(D:\SmartGriev\e2e-tests\[39mnode_modules\[4mplaywright[24m\lib\worker\testInfo.js:294:7[90m)[39m
    at WorkerMain._runTest [90m(D:\SmartGriev\e2e-tests\[39mnode_modules\[4mplaywright[24m\lib\worker\workerMain.js:318:5[90m)[39m
    at WorkerMain.runTestGroup [90m(D:\SmartGriev\e2e-tests\[39mnode_modules\[4mplaywright[24m\lib\worker\workerMain.js:198:11[90m)[39m
    at process.<anonymous> [90m(D:\SmartGriev\e2e-tests\[39mnode_modules\[4mplaywright[24m\lib\common\process.js:65:22[90m)[39m
Close connection error: TypeError: Cannot read properties of undefined (reading 'close')
    at [90mD:\SmartGriev\e2e-tests\[39mtests\01-authentication.spec.ts:32:22
    at [90mD:\SmartGriev\e2e-tests\[39mnode_modules\[4mplaywright[24m\lib\worker\fixtureRunner.js:228:52
    at [90mD:\SmartGriev\e2e-tests\[39mnode_modules\[4mplaywright[24m\lib\worker\testInfo.js:305:17
    at TimeoutManager.withRunnable [90m(D:\SmartGriev\e2e-tests\[39mnode_modules\[4mplaywright[24m\lib\worker\timeoutManager.js:68:9[90m)[39m
    at TestInfoImpl._runWithTimeout [90m(D:\SmartGriev\e2e-tests\[39mnode_modules\[4mplaywright[24m\lib\worker\testInfo.js:303:34[90m)[39m
    at FixtureRunner.resolveParametersAndRunFunction [90m(D:\SmartGriev\e2e-tests\[39mnode_modules\[4mplaywright[24m\lib\worker\fixtureRunner.js:228:20[90m)[39m
    at [90mD:\SmartGriev\e2e-tests\[39mnode_modules\[4mplaywright[24m\lib\worker\workerMain.js:469:11
    at TestInfoImpl._runAsStep [90m(D:\SmartGriev\e2e-tests\[39mnode_modules\[4mplaywright[24m\lib\worker\testInfo.js:294:7[90m)[39m
    at WorkerMain._runEachHooksForSuites [90m(D:\SmartGriev\e2e-tests\[39mnode_modules\[4mplaywright[24m\lib\worker\workerMain.js:468:9[90m)[39m
    at [90mD:\SmartGriev\e2e-tests\[39mnode_modules\[4mplaywright[24m\lib\worker\workerMain.js:330:11
    at TestInfoImpl._runAsStep [90m(D:\SmartGriev\e2e-tests\[39mnode_modules\[4mplaywright[24m\lib\worker\testInfo.js:294:7[90m)[39m
    at WorkerMain._runTest [90m(D:\SmartGriev\e2e-tests\[39mnode_modules\[4mplaywright[24m\lib\worker\workerMain.js:318:5[90m)[39m
    at WorkerMain.runTestGroup [90m(D:\SmartGriev\e2e-tests\[39mnode_modules\[4mplaywright[24m\lib\worker\workerMain.js:198:11[90m)[39m
    at process.<anonymous> [90m(D:\SmartGriev\e2e-tests\[39mnode_modules\[4mplaywright[24m\lib\common\process.js:65:22[90m)[39m
]]>
</system-out>
</testcase>
<testcase name="User Authentication Flow › should validate mobile number format" classname="01-authentication.spec.ts" time="0.063">
<failure message="01-authentication.spec.ts:286:7 should validate mobile number format" type="FAILURE">
<![CDATA[  [firefox] › 01-authentication.spec.ts:286:7 › User Authentication Flow › should validate mobile number format 

    Error: browser.newContext: Unknown permission: microphone
]]>
</failure>
<system-out>
<![CDATA[Cleanup error: TypeError: Cannot read properties of undefined (reading 'cleanupTestData')
    at [90mD:\SmartGriev\e2e-tests\[39mtests\01-authentication.spec.ts:26:22
    at [90mD:\SmartGriev\e2e-tests\[39mnode_modules\[4mplaywright[24m\lib\worker\fixtureRunner.js:228:52
    at [90mD:\SmartGriev\e2e-tests\[39mnode_modules\[4mplaywright[24m\lib\worker\testInfo.js:305:17
    at TimeoutManager.withRunnable [90m(D:\SmartGriev\e2e-tests\[39mnode_modules\[4mplaywright[24m\lib\worker\timeoutManager.js:68:9[90m)[39m
    at TestInfoImpl._runWithTimeout [90m(D:\SmartGriev\e2e-tests\[39mnode_modules\[4mplaywright[24m\lib\worker\testInfo.js:303:34[90m)[39m
    at FixtureRunner.resolveParametersAndRunFunction [90m(D:\SmartGriev\e2e-tests\[39mnode_modules\[4mplaywright[24m\lib\worker\fixtureRunner.js:228:20[90m)[39m
    at [90mD:\SmartGriev\e2e-tests\[39mnode_modules\[4mplaywright[24m\lib\worker\workerMain.js:469:11
    at TestInfoImpl._runAsStep [90m(D:\SmartGriev\e2e-tests\[39mnode_modules\[4mplaywright[24m\lib\worker\testInfo.js:294:7[90m)[39m
    at WorkerMain._runEachHooksForSuites [90m(D:\SmartGriev\e2e-tests\[39mnode_modules\[4mplaywright[24m\lib\worker\workerMain.js:468:9[90m)[39m
    at [90mD:\SmartGriev\e2e-tests\[39mnode_modules\[4mplaywright[24m\lib\worker\workerMain.js:330:11
    at TestInfoImpl._runAsStep [90m(D:\SmartGriev\e2e-tests\[39mnode_modules\[4mplaywright[24m\lib\worker\testInfo.js:294:7[90m)[39m
    at WorkerMain._runTest [90m(D:\SmartGriev\e2e-tests\[39mnode_modules\[4mplaywright[24m\lib\worker\workerMain.js:318:5[90m)[39m
    at WorkerMain.runTestGroup [90m(D:\SmartGriev\e2e-tests\[39mnode_modules\[4mplaywright[24m\lib\worker\workerMain.js:198:11[90m)[39m
    at process.<anonymous> [90m(D:\SmartGriev\e2e-tests\[39mnode_modules\[4mplaywright[24m\lib\common\process.js:65:22[90m)[39m
Close connection error: TypeError: Cannot read properties of undefined (reading 'close')
    at [90mD:\SmartGriev\e2e-tests\[39mtests\01-authentication.spec.ts:32:22
    at [90mD:\SmartGriev\e2e-tests\[39mnode_modules\[4mplaywright[24m\lib\worker\fixtureRunner.js:228:52
    at [90mD:\SmartGriev\e2e-tests\[39mnode_modules\[4mplaywright[24m\lib\worker\testInfo.js:305:17
    at TimeoutManager.withRunnable [90m(D:\SmartGriev\e2e-tests\[39mnode_modules\[4mplaywright[24m\lib\worker\timeoutManager.js:68:9[90m)[39m
    at TestInfoImpl._runWithTimeout [90m(D:\SmartGriev\e2e-tests\[39mnode_modules\[4mplaywright[24m\lib\worker\testInfo.js:303:34[90m)[39m
    at FixtureRunner.resolveParametersAndRunFunction [90m(D:\SmartGriev\e2e-tests\[39mnode_modules\[4mplaywright[24m\lib\worker\fixtureRunner.js:228:20[90m)[39m
    at [90mD:\SmartGriev\e2e-tests\[39mnode_modules\[4mplaywright[24m\lib\worker\workerMain.js:469:11
    at TestInfoImpl._runAsStep [90m(D:\SmartGriev\e2e-tests\[39mnode_modules\[4mplaywright[24m\lib\worker\testInfo.js:294:7[90m)[39m
    at WorkerMain._runEachHooksForSuites [90m(D:\SmartGriev\e2e-tests\[39mnode_modules\[4mplaywright[24m\lib\worker\workerMain.js:468:9[90m)[39m
    at [90mD:\SmartGriev\e2e-tests\[39mnode_modules\[4mplaywright[24m\lib\worker\workerMain.js:330:11
    at TestInfoImpl._runAsStep [90m(D:\SmartGriev\e2e-tests\[39mnode_modules\[4mplaywright[24m\lib\worker\testInfo.js:294:7[90m)[39m
    at WorkerMain._runTest [90m(D:\SmartGriev\e2e-tests\[39mnode_modules\[4mplaywright[24m\lib\worker\workerMain.js:318:5[90m)[39m
    at WorkerMain.runTestGroup [90m(D:\SmartGriev\e2e-tests\[39mnode_modules\[4mplaywright[24m\lib\worker\workerMain.js:198:11[90m)[39m
    at process.<anonymous> [90m(D:\SmartGriev\e2e-tests\[39mnode_modules\[4mplaywright[24m\lib\common\process.js:65:22[90m)[39m
]]>
</system-out>
</testcase>
<testcase name="User Authentication Flow › should prevent duplicate email registration" classname="01-authentication.spec.ts" time="0.054">
<failure message="01-authentication.spec.ts:309:7 should prevent duplicate email registration" type="FAILURE">
<![CDATA[  [firefox] › 01-authentication.spec.ts:309:7 › User Authentication Flow › should prevent duplicate email registration 

    Error: browser.newContext: Unknown permission: microphone
]]>
</failure>
<system-out>
<![CDATA[Cleanup error: TypeError: Cannot read properties of undefined (reading 'cleanupTestData')
    at [90mD:\SmartGriev\e2e-tests\[39mtests\01-authentication.spec.ts:26:22
    at [90mD:\SmartGriev\e2e-tests\[39mnode_modules\[4mplaywright[24m\lib\worker\fixtureRunner.js:228:52
    at [90mD:\SmartGriev\e2e-tests\[39mnode_modules\[4mplaywright[24m\lib\worker\testInfo.js:305:17
    at TimeoutManager.withRunnable [90m(D:\SmartGriev\e2e-tests\[39mnode_modules\[4mplaywright[24m\lib\worker\timeoutManager.js:68:9[90m)[39m
    at TestInfoImpl._runWithTimeout [90m(D:\SmartGriev\e2e-tests\[39mnode_modules\[4mplaywright[24m\lib\worker\testInfo.js:303:34[90m)[39m
    at FixtureRunner.resolveParametersAndRunFunction [90m(D:\SmartGriev\e2e-tests\[39mnode_modules\[4mplaywright[24m\lib\worker\fixtureRunner.js:228:20[90m)[39m
    at [90mD:\SmartGriev\e2e-tests\[39mnode_modules\[4mplaywright[24m\lib\worker\workerMain.js:469:11
    at TestInfoImpl._runAsStep [90m(D:\SmartGriev\e2e-tests\[39mnode_modules\[4mplaywright[24m\lib\worker\testInfo.js:294:7[90m)[39m
    at WorkerMain._runEachHooksForSuites [90m(D:\SmartGriev\e2e-tests\[39mnode_modules\[4mplaywright[24m\lib\worker\workerMain.js:468:9[90m)[39m
    at [90mD:\SmartGriev\e2e-tests\[39mnode_modules\[4mplaywright[24m\lib\worker\workerMain.js:330:11
    at TestInfoImpl._runAsStep [90m(D:\SmartGriev\e2e-tests\[39mnode_modules\[4mplaywright[24m\lib\worker\testInfo.js:294:7[90m)[39m
    at WorkerMain._runTest [90m(D:\SmartGriev\e2e-tests\[39mnode_modules\[4mplaywright[24m\lib\worker\workerMain.js:318:5[90m)[39m
    at WorkerMain.runTestGroup [90m(D:\SmartGriev\e2e-tests\[39mnode_modules\[4mplaywright[24m\lib\worker\workerMain.js:198:11[90m)[39m
    at process.<anonymous> [90m(D:\SmartGriev\e2e-tests\[39mnode_modules\[4mplaywright[24m\lib\common\process.js:65:22[90m)[39m
Close connection error: TypeError: Cannot read properties of undefined (reading 'close')
    at [90mD:\SmartGriev\e2e-tests\[39mtests\01-authentication.spec.ts:32:22
    at [90mD:\SmartGriev\e2e-tests\[39mnode_modules\[4mplaywright[24m\lib\worker\fixtureRunner.js:228:52
    at [90mD:\SmartGriev\e2e-tests\[39mnode_modules\[4mplaywright[24m\lib\worker\testInfo.js:305:17
    at TimeoutManager.withRunnable [90m(D:\SmartGriev\e2e-tests\[39mnode_modules\[4mplaywright[24m\lib\worker\timeoutManager.js:68:9[90m)[39m
    at TestInfoImpl._runWithTimeout [90m(D:\SmartGriev\e2e-tests\[39mnode_modules\[4mplaywright[24m\lib\worker\testInfo.js:303:34[90m)[39m
    at FixtureRunner.resolveParametersAndRunFunction [90m(D:\SmartGriev\e2e-tests\[39mnode_modules\[4mplaywright[24m\lib\worker\fixtureRunner.js:228:20[90m)[39m
    at [90mD:\SmartGriev\e2e-tests\[39mnode_modules\[4mplaywright[24m\lib\worker\workerMain.js:469:11
    at TestInfoImpl._runAsStep [90m(D:\SmartGriev\e2e-tests\[39mnode_modules\[4mplaywright[24m\lib\worker\testInfo.js:294:7[90m)[39m
    at WorkerMain._runEachHooksForSuites [90m(D:\SmartGriev\e2e-tests\[39mnode_modules\[4mplaywright[24m\lib\worker\workerMain.js:468:9[90m)[39m
    at [90mD:\SmartGriev\e2e-tests\[39mnode_modules\[4mplaywright[24m\lib\worker\workerMain.js:330:11
    at TestInfoImpl._runAsStep [90m(D:\SmartGriev\e2e-tests\[39mnode_modules\[4mplaywright[24m\lib\worker\testInfo.js:294:7[90m)[39m
    at WorkerMain._runTest [90m(D:\SmartGriev\e2e-tests\[39mnode_modules\[4mplaywright[24m\lib\worker\workerMain.js:318:5[90m)[39m
    at WorkerMain.runTestGroup [90m(D:\SmartGriev\e2e-tests\[39mnode_modules\[4mplaywright[24m\lib\worker\workerMain.js:198:11[90m)[39m
    at process.<anonymous> [90m(D:\SmartGriev\e2e-tests\[39mnode_modules\[4mplaywright[24m\lib\common\process.js:65:22[90m)[39m
]]>
</system-out>
</testcase>
<testcase name="User Authentication Flow › should handle password visibility toggle" classname="01-authentication.spec.ts" time="0.049">
<failure message="01-authentication.spec.ts:337:7 should handle password visibility toggle" type="FAILURE">
<![CDATA[  [firefox] › 01-authentication.spec.ts:337:7 › User Authentication Flow › should handle password visibility toggle 

    Error: browser.newContext: Unknown permission: microphone
]]>
</failure>
<system-out>
<![CDATA[Cleanup error: TypeError: Cannot read properties of undefined (reading 'cleanupTestData')
    at [90mD:\SmartGriev\e2e-tests\[39mtests\01-authentication.spec.ts:26:22
    at [90mD:\SmartGriev\e2e-tests\[39mnode_modules\[4mplaywright[24m\lib\worker\fixtureRunner.js:228:52
    at [90mD:\SmartGriev\e2e-tests\[39mnode_modules\[4mplaywright[24m\lib\worker\testInfo.js:305:17
    at TimeoutManager.withRunnable [90m(D:\SmartGriev\e2e-tests\[39mnode_modules\[4mplaywright[24m\lib\worker\timeoutManager.js:68:9[90m)[39m
    at TestInfoImpl._runWithTimeout [90m(D:\SmartGriev\e2e-tests\[39mnode_modules\[4mplaywright[24m\lib\worker\testInfo.js:303:34[90m)[39m
    at FixtureRunner.resolveParametersAndRunFunction [90m(D:\SmartGriev\e2e-tests\[39mnode_modules\[4mplaywright[24m\lib\worker\fixtureRunner.js:228:20[90m)[39m
    at [90mD:\SmartGriev\e2e-tests\[39mnode_modules\[4mplaywright[24m\lib\worker\workerMain.js:469:11
    at TestInfoImpl._runAsStep [90m(D:\SmartGriev\e2e-tests\[39mnode_modules\[4mplaywright[24m\lib\worker\testInfo.js:294:7[90m)[39m
    at WorkerMain._runEachHooksForSuites [90m(D:\SmartGriev\e2e-tests\[39mnode_modules\[4mplaywright[24m\lib\worker\workerMain.js:468:9[90m)[39m
    at [90mD:\SmartGriev\e2e-tests\[39mnode_modules\[4mplaywright[24m\lib\worker\workerMain.js:330:11
    at TestInfoImpl._runAsStep [90m(D:\SmartGriev\e2e-tests\[39mnode_modules\[4mplaywright[24m\lib\worker\testInfo.js:294:7[90m)[39m
    at WorkerMain._runTest [90m(D:\SmartGriev\e2e-tests\[39mnode_modules\[4mplaywright[24m\lib\worker\workerMain.js:318:5[90m)[39m
    at WorkerMain.runTestGroup [90m(D:\SmartGriev\e2e-tests\[39mnode_modules\[4mplaywright[24m\lib\worker\workerMain.js:198:11[90m)[39m
    at process.<anonymous> [90m(D:\SmartGriev\e2e-tests\[39mnode_modules\[4mplaywright[24m\lib\common\process.js:65:22[90m)[39m
Close connection error: TypeError: Cannot read properties of undefined (reading 'close')
    at [90mD:\SmartGriev\e2e-tests\[39mtests\01-authentication.spec.ts:32:22
    at [90mD:\SmartGriev\e2e-tests\[39mnode_modules\[4mplaywright[24m\lib\worker\fixtureRunner.js:228:52
    at [90mD:\SmartGriev\e2e-tests\[39mnode_modules\[4mplaywright[24m\lib\worker\testInfo.js:305:17
    at TimeoutManager.withRunnable [90m(D:\SmartGriev\e2e-tests\[39mnode_modules\[4mplaywright[24m\lib\worker\timeoutManager.js:68:9[90m)[39m
    at TestInfoImpl._runWithTimeout [90m(D:\SmartGriev\e2e-tests\[39mnode_modules\[4mplaywright[24m\lib\worker\testInfo.js:303:34[90m)[39m
    at FixtureRunner.resolveParametersAndRunFunction [90m(D:\SmartGriev\e2e-tests\[39mnode_modules\[4mplaywright[24m\lib\worker\fixtureRunner.js:228:20[90m)[39m
    at [90mD:\SmartGriev\e2e-tests\[39mnode_modules\[4mplaywright[24m\lib\worker\workerMain.js:469:11
    at TestInfoImpl._runAsStep [90m(D:\SmartGriev\e2e-tests\[39mnode_modules\[4mplaywright[24m\lib\worker\testInfo.js:294:7[90m)[39m
    at WorkerMain._runEachHooksForSuites [90m(D:\SmartGriev\e2e-tests\[39mnode_modules\[4mplaywright[24m\lib\worker\workerMain.js:468:9[90m)[39m
    at [90mD:\SmartGriev\e2e-tests\[39mnode_modules\[4mplaywright[24m\lib\worker\workerMain.js:330:11
    at TestInfoImpl._runAsStep [90m(D:\SmartGriev\e2e-tests\[39mnode_modules\[4mplaywright[24m\lib\worker\testInfo.js:294:7[90m)[39m
    at WorkerMain._runTest [90m(D:\SmartGriev\e2e-tests\[39mnode_modules\[4mplaywright[24m\lib\worker\workerMain.js:318:5[90m)[39m
    at WorkerMain.runTestGroup [90m(D:\SmartGriev\e2e-tests\[39mnode_modules\[4mplaywright[24m\lib\worker\workerMain.js:198:11[90m)[39m
    at process.<anonymous> [90m(D:\SmartGriev\e2e-tests\[39mnode_modules\[4mplaywright[24m\lib\common\process.js:65:22[90m)[39m
]]>
</system-out>
</testcase>
</testsuite>
<testsuite name="01-authentication.spec.ts" timestamp="2025-11-10T05:15:11.429Z" hostname="Mobile Chrome" tests="10" failures="10" skipped="0" time="35.809" errors="0">
<testcase name="User Authentication Flow › should complete user signup flow with OTP verification" classname="01-authentication.spec.ts" time="3.45">
<failure message="01-authentication.spec.ts:38:7 should complete user signup flow with OTP verification" type="FAILURE">
<![CDATA[  [Mobile Chrome] › 01-authentication.spec.ts:38:7 › User Authentication Flow › should complete user signup flow with OTP verification 

    Error: page.goto: net::ERR_CONNECTION_REFUSED at http://localhost:3000/register
    Call log:
      - navigating to "http://localhost:3000/register", waiting until "load"


      38 |   test('should complete user signup flow with OTP verification', async ({ page }) => {
      39 |     // Navigate to register page (frontend uses /register not /signup)
    > 40 |     await page.goto('/register');
         |                ^
      41 |     await expect(page).toHaveTitle(/SmartGriev/i); // Frontend uses generic title
      42 |
      43 |     // Fill signup form - Frontend uses firstName, lastName, not name/fullName
        at D:\SmartGriev\e2e-tests\tests\01-authentication.spec.ts:40:16

    attachment #1: screenshot (image/png) ──────────────────────────────────────────────────────────
    ..\test-results\01-authentication-User-Aut-87ba7--flow-with-OTP-verification-Mobile-Chrome\test-failed-1.png
    ────────────────────────────────────────────────────────────────────────────────────────────────

    attachment #2: video (video/webm) ──────────────────────────────────────────────────────────────
    ..\test-results\01-authentication-User-Aut-87ba7--flow-with-OTP-verification-Mobile-Chrome\video.webm
    ────────────────────────────────────────────────────────────────────────────────────────────────
]]>
</failure>
<system-out>
<![CDATA[✓ Database connected successfully

[[ATTACHMENT|..\test-results\01-authentication-User-Aut-87ba7--flow-with-OTP-verification-Mobile-Chrome\test-failed-1.png]]

[[ATTACHMENT|..\test-results\01-authentication-User-Aut-87ba7--flow-with-OTP-verification-Mobile-Chrome\video.webm]]
]]>
</system-out>
</testcase>
<testcase name="User Authentication Flow › should login with valid credentials" classname="01-authentication.spec.ts" time="3.521">
<failure message="01-authentication.spec.ts:120:7 should login with valid credentials" type="FAILURE">
<![CDATA[  [Mobile Chrome] › 01-authentication.spec.ts:120:7 › User Authentication Flow › should login with valid credentials 

    Error: page.goto: net::ERR_CONNECTION_REFUSED at http://localhost:3000/register
    Call log:
      - navigating to "http://localhost:3000/register", waiting until "load"


      131 |       
      132 |       // Navigate to register page and create user
    > 133 |       await page.goto('/register');
          |                  ^
      134 |       await page.fill('input[name="firstName"]', 'Test');
      135 |       await page.fill('input[name="lastName"]', 'User');
      136 |       await page.fill('input[name="email"]', loginEmail);
        at D:\SmartGriev\e2e-tests\tests\01-authentication.spec.ts:133:18

    attachment #1: screenshot (image/png) ──────────────────────────────────────────────────────────
    ..\test-results\01-authentication-User-Aut-8eca7-ogin-with-valid-credentials-Mobile-Chrome\test-failed-1.png
    ────────────────────────────────────────────────────────────────────────────────────────────────

    attachment #2: video (video/webm) ──────────────────────────────────────────────────────────────
    ..\test-results\01-authentication-User-Aut-8eca7-ogin-with-valid-credentials-Mobile-Chrome\video.webm
    ────────────────────────────────────────────────────────────────────────────────────────────────
]]>
</failure>
<system-out>
<![CDATA[✓ Database connected successfully
⚠️ User does not exist, creating via signup first...

[[ATTACHMENT|..\test-results\01-authentication-User-Aut-8eca7-ogin-with-valid-credentials-Mobile-Chrome\test-failed-1.png]]

[[ATTACHMENT|..\test-results\01-authentication-User-Aut-8eca7-ogin-with-valid-credentials-Mobile-Chrome\video.webm]]
]]>
</system-out>
</testcase>
<testcase name="User Authentication Flow › should show error for invalid credentials" classname="01-authentication.spec.ts" time="3.61">
<failure message="01-authentication.spec.ts:175:7 should show error for invalid credentials" type="FAILURE">
<![CDATA[  [Mobile Chrome] › 01-authentication.spec.ts:175:7 › User Authentication Flow › should show error for invalid credentials 

    Error: page.goto: net::ERR_CONNECTION_REFUSED at http://localhost:3000/login
    Call log:
      - navigating to "http://localhost:3000/login", waiting until "load"


      174 |
      175 |   test('should show error for invalid credentials', async ({ page }) => {
    > 176 |     await page.goto('/login');
          |                ^
      177 |
      178 |     // Try to login with invalid credentials
      179 |     await page.fill('input[name="email"], input[type="email"]', 'invalid@example.com');
        at D:\SmartGriev\e2e-tests\tests\01-authentication.spec.ts:176:16

    attachment #1: screenshot (image/png) ──────────────────────────────────────────────────────────
    ..\test-results\01-authentication-User-Aut-4b058-ror-for-invalid-credentials-Mobile-Chrome\test-failed-1.png
    ────────────────────────────────────────────────────────────────────────────────────────────────

    attachment #2: video (video/webm) ──────────────────────────────────────────────────────────────
    ..\test-results\01-authentication-User-Aut-4b058-ror-for-invalid-credentials-Mobile-Chrome\video.webm
    ────────────────────────────────────────────────────────────────────────────────────────────────
]]>
</failure>
<system-out>
<![CDATA[✓ Database connected successfully

[[ATTACHMENT|..\test-results\01-authentication-User-Aut-4b058-ror-for-invalid-credentials-Mobile-Chrome\test-failed-1.png]]

[[ATTACHMENT|..\test-results\01-authentication-User-Aut-4b058-ror-for-invalid-credentials-Mobile-Chrome\video.webm]]
]]>
</system-out>
</testcase>
<testcase name="User Authentication Flow › should validate email format" classname="01-authentication.spec.ts" time="3.731">
<failure message="01-authentication.spec.ts:195:7 should validate email format" type="FAILURE">
<![CDATA[  [Mobile Chrome] › 01-authentication.spec.ts:195:7 › User Authentication Flow › should validate email format 

    Error: page.goto: net::ERR_CONNECTION_REFUSED at http://localhost:3000/register
    Call log:
      - navigating to "http://localhost:3000/register", waiting until "load"


      194 |
      195 |   test('should validate email format', async ({ page }) => {
    > 196 |     await page.goto('/register');
          |                ^
      197 |
      198 |     // Fill form with invalid email
      199 |     await page.fill('input[name="email"]', 'invalid-email');
        at D:\SmartGriev\e2e-tests\tests\01-authentication.spec.ts:196:16

    attachment #1: screenshot (image/png) ──────────────────────────────────────────────────────────
    ..\test-results\01-authentication-User-Aut-bee91-hould-validate-email-format-Mobile-Chrome\test-failed-1.png
    ────────────────────────────────────────────────────────────────────────────────────────────────

    attachment #2: video (video/webm) ──────────────────────────────────────────────────────────────
    ..\test-results\01-authentication-User-Aut-bee91-hould-validate-email-format-Mobile-Chrome\video.webm
    ────────────────────────────────────────────────────────────────────────────────────────────────
]]>
</failure>
<system-out>
<![CDATA[✓ Database connected successfully

[[ATTACHMENT|..\test-results\01-authentication-User-Aut-bee91-hould-validate-email-format-Mobile-Chrome\test-failed-1.png]]

[[ATTACHMENT|..\test-results\01-authentication-User-Aut-bee91-hould-validate-email-format-Mobile-Chrome\video.webm]]
]]>
</system-out>
</testcase>
<testcase name="User Authentication Flow › should validate password strength" classname="01-authentication.spec.ts" time="3.895">
<failure message="01-authentication.spec.ts:218:7 should validate password strength" type="FAILURE">
<![CDATA[  [Mobile Chrome] › 01-authentication.spec.ts:218:7 › User Authentication Flow › should validate password strength 

    Error: page.goto: net::ERR_CONNECTION_REFUSED at http://localhost:3000/register
    Call log:
      - navigating to "http://localhost:3000/register", waiting until "load"


      217 |
      218 |   test('should validate password strength', async ({ page }) => {
    > 219 |     await page.goto('/register');
          |                ^
      220 |
      221 |     // Fill form with weak password
      222 |     await page.fill('input[name="email"]', testEmail);
        at D:\SmartGriev\e2e-tests\tests\01-authentication.spec.ts:219:16

    attachment #1: screenshot (image/png) ──────────────────────────────────────────────────────────
    ..\test-results\01-authentication-User-Aut-956e4--validate-password-strength-Mobile-Chrome\test-failed-1.png
    ────────────────────────────────────────────────────────────────────────────────────────────────

    attachment #2: video (video/webm) ──────────────────────────────────────────────────────────────
    ..\test-results\01-authentication-User-Aut-956e4--validate-password-strength-Mobile-Chrome\video.webm
    ────────────────────────────────────────────────────────────────────────────────────────────────
]]>
</failure>
<system-out>
<![CDATA[✓ Database connected successfully

[[ATTACHMENT|..\test-results\01-authentication-User-Aut-956e4--validate-password-strength-Mobile-Chrome\test-failed-1.png]]

[[ATTACHMENT|..\test-results\01-authentication-User-Aut-956e4--validate-password-strength-Mobile-Chrome\video.webm]]
]]>
</system-out>
</testcase>
<testcase name="User Authentication Flow › should logout successfully" classname="01-authentication.spec.ts" time="3.655">
<failure message="01-authentication.spec.ts:241:7 should logout successfully" type="FAILURE">
<![CDATA[  [Mobile Chrome] › 01-authentication.spec.ts:241:7 › User Authentication Flow › should logout successfully 

    Error: page.goto: net::ERR_CONNECTION_REFUSED at http://localhost:3000/login
    Call log:
      - navigating to "http://localhost:3000/login", waiting until "load"


       at ..\utils\helpers.ts:164

      162 |    */
      163 |   async login(email: string, password: string) {
    > 164 |     await this.page.goto('/login');
          |                     ^
      165 |     await this.page.fill('input[name="email"], input[type="email"]', email);
      166 |     await this.page.fill('input[name="password"], input[type="password"]', password);
      167 |     await this.page.locator('button[type="submit"]').click();
        at TestHelpers.login (D:\SmartGriev\e2e-tests\utils\helpers.ts:164:21)
        at D:\SmartGriev\e2e-tests\tests\01-authentication.spec.ts:246:19

    attachment #1: screenshot (image/png) ──────────────────────────────────────────────────────────
    ..\test-results\01-authentication-User-Aut-0e789--should-logout-successfully-Mobile-Chrome\test-failed-1.png
    ────────────────────────────────────────────────────────────────────────────────────────────────

    attachment #2: video (video/webm) ──────────────────────────────────────────────────────────────
    ..\test-results\01-authentication-User-Aut-0e789--should-logout-successfully-Mobile-Chrome\video.webm
    ────────────────────────────────────────────────────────────────────────────────────────────────
]]>
</failure>
<system-out>
<![CDATA[✓ Database connected successfully

[[ATTACHMENT|..\test-results\01-authentication-User-Aut-0e789--should-logout-successfully-Mobile-Chrome\test-failed-1.png]]

[[ATTACHMENT|..\test-results\01-authentication-User-Aut-0e789--should-logout-successfully-Mobile-Chrome\video.webm]]
]]>
</system-out>
</testcase>
<testcase name="User Authentication Flow › should handle session timeout" classname="01-authentication.spec.ts" time="3.589">
<failure message="01-authentication.spec.ts:261:7 should handle session timeout" type="FAILURE">
<![CDATA[  [Mobile Chrome] › 01-authentication.spec.ts:261:7 › User Authentication Flow › should handle session timeout 

    Error: page.goto: net::ERR_CONNECTION_REFUSED at http://localhost:3000/login
    Call log:
      - navigating to "http://localhost:3000/login", waiting until "load"


       at ..\utils\helpers.ts:164

      162 |    */
      163 |   async login(email: string, password: string) {
    > 164 |     await this.page.goto('/login');
          |                     ^
      165 |     await this.page.fill('input[name="email"], input[type="email"]', email);
      166 |     await this.page.fill('input[name="password"], input[type="password"]', password);
      167 |     await this.page.locator('button[type="submit"]').click();
        at TestHelpers.login (D:\SmartGriev\e2e-tests\utils\helpers.ts:164:21)
        at D:\SmartGriev\e2e-tests\tests\01-authentication.spec.ts:266:19

    attachment #1: screenshot (image/png) ──────────────────────────────────────────────────────────
    ..\test-results\01-authentication-User-Aut-30e7c-ould-handle-session-timeout-Mobile-Chrome\test-failed-1.png
    ────────────────────────────────────────────────────────────────────────────────────────────────

    attachment #2: video (video/webm) ──────────────────────────────────────────────────────────────
    ..\test-results\01-authentication-User-Aut-30e7c-ould-handle-session-timeout-Mobile-Chrome\video.webm
    ────────────────────────────────────────────────────────────────────────────────────────────────
]]>
</failure>
<system-out>
<![CDATA[✓ Database connected successfully

[[ATTACHMENT|..\test-results\01-authentication-User-Aut-30e7c-ould-handle-session-timeout-Mobile-Chrome\test-failed-1.png]]

[[ATTACHMENT|..\test-results\01-authentication-User-Aut-30e7c-ould-handle-session-timeout-Mobile-Chrome\video.webm]]
]]>
</system-out>
</testcase>
<testcase name="User Authentication Flow › should validate mobile number format" classname="01-authentication.spec.ts" time="3.491">
<failure message="01-authentication.spec.ts:286:7 should validate mobile number format" type="FAILURE">
<![CDATA[  [Mobile Chrome] › 01-authentication.spec.ts:286:7 › User Authentication Flow › should validate mobile number format 

    Error: page.goto: net::ERR_CONNECTION_REFUSED at http://localhost:3000/register
    Call log:
      - navigating to "http://localhost:3000/register", waiting until "load"


      285 |
      286 |   test('should validate mobile number format', async ({ page }) => {
    > 287 |     await page.goto('/register');
          |                ^
      288 |
      289 |     // Fill form with invalid mobile
      290 |     await page.fill('input[name="email"]', testEmail);
        at D:\SmartGriev\e2e-tests\tests\01-authentication.spec.ts:287:16

    attachment #1: screenshot (image/png) ──────────────────────────────────────────────────────────
    ..\test-results\01-authentication-User-Aut-e4117-lidate-mobile-number-format-Mobile-Chrome\test-failed-1.png
    ────────────────────────────────────────────────────────────────────────────────────────────────

    attachment #2: video (video/webm) ──────────────────────────────────────────────────────────────
    ..\test-results\01-authentication-User-Aut-e4117-lidate-mobile-number-format-Mobile-Chrome\video.webm
    ────────────────────────────────────────────────────────────────────────────────────────────────
]]>
</failure>
<system-out>
<![CDATA[✓ Database connected successfully

[[ATTACHMENT|..\test-results\01-authentication-User-Aut-e4117-lidate-mobile-number-format-Mobile-Chrome\test-failed-1.png]]

[[ATTACHMENT|..\test-results\01-authentication-User-Aut-e4117-lidate-mobile-number-format-Mobile-Chrome\video.webm]]
]]>
</system-out>
</testcase>
<testcase name="User Authentication Flow › should prevent duplicate email registration" classname="01-authentication.spec.ts" time="3.221">
<failure message="01-authentication.spec.ts:309:7 should prevent duplicate email registration" type="FAILURE">
<![CDATA[  [Mobile Chrome] › 01-authentication.spec.ts:309:7 › User Authentication Flow › should prevent duplicate email registration 

    Error: page.goto: net::ERR_CONNECTION_REFUSED at http://localhost:3000/register
    Call log:
      - navigating to "http://localhost:3000/register", waiting until "load"


      311 |     const existingEmail = process.env.TEST_USER_EMAIL || 'test@smartgriev.com';
      312 |
    > 313 |     await page.goto('/register');
          |                ^
      314 |
      315 |     // Fill form with existing email
      316 |     await page.fill('input[name="email"]', existingEmail);
        at D:\SmartGriev\e2e-tests\tests\01-authentication.spec.ts:313:16

    attachment #1: screenshot (image/png) ──────────────────────────────────────────────────────────
    ..\test-results\01-authentication-User-Aut-e0b69-uplicate-email-registration-Mobile-Chrome\test-failed-1.png
    ────────────────────────────────────────────────────────────────────────────────────────────────

    attachment #2: video (video/webm) ──────────────────────────────────────────────────────────────
    ..\test-results\01-authentication-User-Aut-e0b69-uplicate-email-registration-Mobile-Chrome\video.webm
    ────────────────────────────────────────────────────────────────────────────────────────────────
]]>
</failure>
<system-out>
<![CDATA[✓ Database connected successfully

[[ATTACHMENT|..\test-results\01-authentication-User-Aut-e0b69-uplicate-email-registration-Mobile-Chrome\test-failed-1.png]]

[[ATTACHMENT|..\test-results\01-authentication-User-Aut-e0b69-uplicate-email-registration-Mobile-Chrome\video.webm]]
]]>
</system-out>
</testcase>
<testcase name="User Authentication Flow › should handle password visibility toggle" classname="01-authentication.spec.ts" time="3.646">
<failure message="01-authentication.spec.ts:337:7 should handle password visibility toggle" type="FAILURE">
<![CDATA[  [Mobile Chrome] › 01-authentication.spec.ts:337:7 › User Authentication Flow › should handle password visibility toggle 

    Error: page.goto: net::ERR_CONNECTION_REFUSED at http://localhost:3000/login
    Call log:
      - navigating to "http://localhost:3000/login", waiting until "load"


      336 |
      337 |   test('should handle password visibility toggle', async ({ page }) => {
    > 338 |     await page.goto('/login');
          |                ^
      339 |
      340 |     const passwordInput = page.locator('input[name="password"]').first();
      341 |     
        at D:\SmartGriev\e2e-tests\tests\01-authentication.spec.ts:338:16

[...]
]]>
</system-out>
</testcase>
<testcase name="User Authentication Flow › should login with valid credentials" classname="01-authentication.spec.ts" time="3.69">
<failure message="01-authentication.spec.ts:120:7 should login with valid credentials" type="FAILURE">
<![CDATA[  [Microsoft Edge] › 01-authentication.spec.ts:120:7 › User Authentication Flow › should login with valid credentials 

    Error: page.goto: net::ERR_CONNECTION_REFUSED at http://localhost:3000/register
    Call log:
      - navigating to "http://localhost:3000/register", waiting until "load"


      131 |       
      132 |       // Navigate to register page and create user
    > 133 |       await page.goto('/register');
          |                  ^
      134 |       await page.fill('input[name="firstName"]', 'Test');
      135 |       await page.fill('input[name="lastName"]', 'User');
      136 |       await page.fill('input[name="email"]', loginEmail);
        at D:\SmartGriev\e2e-tests\tests\01-authentication.spec.ts:133:18

    attachment #1: screenshot (image/png) ──────────────────────────────────────────────────────────
    ..\test-results\01-authentication-User-Aut-8eca7-ogin-with-valid-credentials-Microsoft-Edge\test-failed-1.png
    ────────────────────────────────────────────────────────────────────────────────────────────────

    attachment #2: video (video/webm) ──────────────────────────────────────────────────────────────
    ..\test-results\01-authentication-User-Aut-8eca7-ogin-with-valid-credentials-Microsoft-Edge\video.webm
    ────────────────────────────────────────────────────────────────────────────────────────────────

    Error Context: ..\test-results\01-authentication-User-Aut-8eca7-ogin-with-valid-credentials-Microsoft-Edge\error-context.md
]]>
</failure>
<system-out>
<![CDATA[✓ Database connected successfully
⚠️ User does not exist, creating via signup first...

[[ATTACHMENT|..\test-results\01-authentication-User-Aut-8eca7-ogin-with-valid-credentials-Microsoft-Edge\test-failed-1.png]]

[[ATTACHMENT|..\test-results\01-authentication-User-Aut-8eca7-ogin-with-valid-credentials-Microsoft-Edge\video.webm]]

[[ATTACHMENT|..\test-results\01-authentication-User-Aut-8eca7-ogin-with-valid-credentials-Microsoft-Edge\error-context.md]]
]]>
</system-out>
</testcase>
<testcase name="User Authentication Flow › should show error for invalid credentials" classname="01-authentication.spec.ts" time="3.401">
<failure message="01-authentication.spec.ts:175:7 should show error for invalid credentials" type="FAILURE">
<![CDATA[  [Microsoft Edge] › 01-authentication.spec.ts:175:7 › User Authentication Flow › should show error for invalid credentials 

    Error: page.goto: net::ERR_CONNECTION_REFUSED at http://localhost:3000/login
    Call log:
      - navigating to "http://localhost:3000/login", waiting until "load"


      174 |
      175 |   test('should show error for invalid credentials', async ({ page }) => {
    > 176 |     await page.goto('/login');
          |                ^
      177 |
      178 |     // Try to login with invalid credentials
      179 |     await page.fill('input[name="email"], input[type="email"]', 'invalid@example.com');
        at D:\SmartGriev\e2e-tests\tests\01-authentication.spec.ts:176:16

    attachment #1: screenshot (image/png) ──────────────────────────────────────────────────────────
    ..\test-results\01-authentication-User-Aut-4b058-ror-for-invalid-credentials-Microsoft-Edge\test-failed-1.png
    ────────────────────────────────────────────────────────────────────────────────────────────────

    attachment #2: video (video/webm) ──────────────────────────────────────────────────────────────
    ..\test-results\01-authentication-User-Aut-4b058-ror-for-invalid-credentials-Microsoft-Edge\video.webm
    ────────────────────────────────────────────────────────────────────────────────────────────────

    Error Context: ..\test-results\01-authentication-User-Aut-4b058-ror-for-invalid-credentials-Microsoft-Edge\error-context.md
]]>
</failure>
<system-out>
<![CDATA[✓ Database connected successfully

[[ATTACHMENT|..\test-results\01-authentication-User-Aut-4b058-ror-for-invalid-credentials-Microsoft-Edge\test-failed-1.png]]

[[ATTACHMENT|..\test-results\01-authentication-User-Aut-4b058-ror-for-invalid-credentials-Microsoft-Edge\video.webm]]

[[ATTACHMENT|..\test-results\01-authentication-User-Aut-4b058-ror-for-invalid-credentials-Microsoft-Edge\error-context.md]]
]]>
</system-out>
</testcase>
<testcase name="User Authentication Flow › should validate email format" classname="01-authentication.spec.ts" time="3.693">
<failure message="01-authentication.spec.ts:195:7 should validate email format" type="FAILURE">
<![CDATA[  [Microsoft Edge] › 01-authentication.spec.ts:195:7 › User Authentication Flow › should validate email format 

    Error: page.goto: net::ERR_CONNECTION_REFUSED at http://localhost:3000/register
    Call log:
      - navigating to "http://localhost:3000/register", waiting until "load"


      194 |
      195 |   test('should validate email format', async ({ page }) => {
    > 196 |     await page.goto('/register');
          |                ^
      197 |
      198 |     // Fill form with invalid email
      199 |     await page.fill('input[name="email"]', 'invalid-email');
        at D:\SmartGriev\e2e-tests\tests\01-authentication.spec.ts:196:16

    attachment #1: screenshot (image/png) ──────────────────────────────────────────────────────────
    ..\test-results\01-authentication-User-Aut-bee91-hould-validate-email-format-Microsoft-Edge\test-failed-1.png
    ────────────────────────────────────────────────────────────────────────────────────────────────

    attachment #2: video (video/webm) ──────────────────────────────────────────────────────────────
    ..\test-results\01-authentication-User-Aut-bee91-hould-validate-email-format-Microsoft-Edge\video.webm
    ────────────────────────────────────────────────────────────────────────────────────────────────

    Error Context: ..\test-results\01-authentication-User-Aut-bee91-hould-validate-email-format-Microsoft-Edge\error-context.md
]]>
</failure>
<system-out>
<![CDATA[✓ Database connected successfully

[[ATTACHMENT|..\test-results\01-authentication-User-Aut-bee91-hould-validate-email-format-Microsoft-Edge\test-failed-1.png]]

[[ATTACHMENT|..\test-results\01-authentication-User-Aut-bee91-hould-validate-email-format-Microsoft-Edge\video.webm]]

[[ATTACHMENT|..\test-results\01-authentication-User-Aut-bee91-hould-validate-email-format-Microsoft-Edge\error-context.md]]
]]>
</system-out>
</testcase>
<testcase name="User Authentication Flow › should validate password strength" classname="01-authentication.spec.ts" time="3.621">
<failure message="01-authentication.spec.ts:218:7 should validate password strength" type="FAILURE">
<![CDATA[  [Microsoft Edge] › 01-authentication.spec.ts:218:7 › User Authentication Flow › should validate password strength 

    Error: page.goto: net::ERR_CONNECTION_REFUSED at http://localhost:3000/register
    Call log:
      - navigating to "http://localhost:3000/register", waiting until "load"


      217 |
      218 |   test('should validate password strength', async ({ page }) => {
    > 219 |     await page.goto('/register');
          |                ^
      220 |
      221 |     // Fill form with weak password
      222 |     await page.fill('input[name="email"]', testEmail);
        at D:\SmartGriev\e2e-tests\tests\01-authentication.spec.ts:219:16

    attachment #1: screenshot (image/png) ──────────────────────────────────────────────────────────
    ..\test-results\01-authentication-User-Aut-956e4--validate-password-strength-Microsoft-Edge\test-failed-1.png
    ────────────────────────────────────────────────────────────────────────────────────────────────

    attachment #2: video (video/webm) ──────────────────────────────────────────────────────────────
    ..\test-results\01-authentication-User-Aut-956e4--validate-password-strength-Microsoft-Edge\video.webm
    ────────────────────────────────────────────────────────────────────────────────────────────────

    Error Context: ..\test-results\01-authentication-User-Aut-956e4--validate-password-strength-Microsoft-Edge\error-context.md
]]>
</failure>
<system-out>
<![CDATA[✓ Database connected successfully

[[ATTACHMENT|..\test-results\01-authentication-User-Aut-956e4--validate-password-strength-Microsoft-Edge\test-failed-1.png]]

[[ATTACHMENT|..\test-results\01-authentication-User-Aut-956e4--validate-password-strength-Microsoft-Edge\video.webm]]

[[ATTACHMENT|..\test-results\01-authentication-User-Aut-956e4--validate-password-strength-Microsoft-Edge\error-context.md]]
]]>
</system-out>
</testcase>
<testcase name="User Authentication Flow › should logout successfully" classname="01-authentication.spec.ts" time="3.405">
<failure message="01-authentication.spec.ts:241:7 should logout successfully" type="FAILURE">
<![CDATA[  [Microsoft Edge] › 01-authentication.spec.ts:241:7 › User Authentication Flow › should logout successfully 

    Error: page.goto: net::ERR_CONNECTION_REFUSED at http://localhost:3000/login
    Call log:
      - navigating to "http://localhost:3000/login", waiting until "load"


       at ..\utils\helpers.ts:164

      162 |    */
      163 |   async login(email: string, password: string) {
    > 164 |     await this.page.goto('/login');
          |                     ^
      165 |     await this.page.fill('input[name="email"], input[type="email"]', email);
      166 |     await this.page.fill('input[name="password"], input[type="password"]', password);
      167 |     await this.page.locator('button[type="submit"]').click();
        at TestHelpers.login (D:\SmartGriev\e2e-tests\utils\helpers.ts:164:21)
        at D:\SmartGriev\e2e-tests\tests\01-authentication.spec.ts:246:19

    attachment #1: screenshot (image/png) ──────────────────────────────────────────────────────────
    ..\test-results\01-authentication-User-Aut-0e789--should-logout-successfully-Microsoft-Edge\test-failed-1.png
    ────────────────────────────────────────────────────────────────────────────────────────────────

    attachment #2: video (video/webm) ──────────────────────────────────────────────────────────────
    ..\test-results\01-authentication-User-Aut-0e789--should-logout-successfully-Microsoft-Edge\video.webm
    ────────────────────────────────────────────────────────────────────────────────────────────────

    Error Context: ..\test-results\01-authentication-User-Aut-0e789--should-logout-successfully-Microsoft-Edge\error-context.md
]]>
</failure>
<system-out>
<![CDATA[✓ Database connected successfully

[[ATTACHMENT|..\test-results\01-authentication-User-Aut-0e789--should-logout-successfully-Microsoft-Edge\test-failed-1.png]]

[[ATTACHMENT|..\test-results\01-authentication-User-Aut-0e789--should-logout-successfully-Microsoft-Edge\video.webm]]

[[ATTACHMENT|..\test-results\01-authentication-User-Aut-0e789--should-logout-successfully-Microsoft-Edge\error-context.md]]
]]>
</system-out>
</testcase>
<testcase name="User Authentication Flow › should handle session timeout" classname="01-authentication.spec.ts" time="3.723">
<failure message="01-authentication.spec.ts:261:7 should handle session timeout" type="FAILURE">
<![CDATA[  [Microsoft Edge] › 01-authentication.spec.ts:261:7 › User Authentication Flow › should handle session timeout 

    Error: page.goto: net::ERR_CONNECTION_REFUSED at http://localhost:3000/login
    Call log:
      - navigating to "http://localhost:3000/login", waiting until "load"


       at ..\utils\helpers.ts:164

      162 |    */
      163 |   async login(email: string, password: string) {
    > 164 |     await this.page.goto('/login');
          |                     ^
      165 |     await this.page.fill('input[name="email"], input[type="email"]', email);
      166 |     await this.page.fill('input[name="password"], input[type="password"]', password);
      167 |     await this.page.locator('button[type="submit"]').click();
        at TestHelpers.login (D:\SmartGriev\e2e-tests\utils\helpers.ts:164:21)
        at D:\SmartGriev\e2e-tests\tests\01-authentication.spec.ts:266:19

    attachment #1: screenshot (image/png) ──────────────────────────────────────────────────────────
    ..\test-results\01-authentication-User-Aut-30e7c-ould-handle-session-timeout-Microsoft-Edge\test-failed-1.png
    ────────────────────────────────────────────────────────────────────────────────────────────────

    attachment #2: video (video/webm) ──────────────────────────────────────────────────────────────
    ..\test-results\01-authentication-User-Aut-30e7c-ould-handle-session-timeout-Microsoft-Edge\video.webm
    ────────────────────────────────────────────────────────────────────────────────────────────────

    Error Context: ..\test-results\01-authentication-User-Aut-30e7c-ould-handle-session-timeout-Microsoft-Edge\error-context.md
]]>
</failure>
<system-out>
<![CDATA[✓ Database connected successfully

[[ATTACHMENT|..\test-results\01-authentication-User-Aut-30e7c-ould-handle-session-timeout-Microsoft-Edge\test-failed-1.png]]

[[ATTACHMENT|..\test-results\01-authentication-User-Aut-30e7c-ould-handle-session-timeout-Microsoft-Edge\video.webm]]

[[ATTACHMENT|..\test-results\01-authentication-User-Aut-30e7c-ould-handle-session-timeout-Microsoft-Edge\error-context.md]]
]]>
</system-out>
</testcase>
<testcase name="User Authentication Flow › should validate mobile number format" classname="01-authentication.spec.ts" time="3.502">
<failure message="01-authentication.spec.ts:286:7 should validate mobile number format" type="FAILURE">
<![CDATA[  [Microsoft Edge] › 01-authentication.spec.ts:286:7 › User Authentication Flow › should validate mobile number format 

    Error: page.goto: net::ERR_CONNECTION_REFUSED at http://localhost:3000/register
    Call log:
      - navigating to "http://localhost:3000/register", waiting until "load"


      285 |
      286 |   test('should validate mobile number format', async ({ page }) => {
    > 287 |     await page.goto('/register');
          |                ^
      288 |
      289 |     // Fill form with invalid mobile
      290 |     await page.fill('input[name="email"]', testEmail);
        at D:\SmartGriev\e2e-tests\tests\01-authentication.spec.ts:287:16

    attachment #1: screenshot (image/png) ──────────────────────────────────────────────────────────
    ..\test-results\01-authentication-User-Aut-e4117-lidate-mobile-number-format-Microsoft-Edge\test-failed-1.png
    ────────────────────────────────────────────────────────────────────────────────────────────────

    attachment #2: video (video/webm) ──────────────────────────────────────────────────────────────
    ..\test-results\01-authentication-User-Aut-e4117-lidate-mobile-number-format-Microsoft-Edge\video.webm
    ────────────────────────────────────────────────────────────────────────────────────────────────

    Error Context: ..\test-results\01-authentication-User-Aut-e4117-lidate-mobile-number-format-Microsoft-Edge\error-context.md
]]>
</failure>
<system-out>
<![CDATA[✓ Database connected successfully

[[ATTACHMENT|..\test-results\01-authentication-User-Aut-e4117-lidate-mobile-number-format-Microsoft-Edge\test-failed-1.png]]

[[ATTACHMENT|..\test-results\01-authentication-User-Aut-e4117-lidate-mobile-number-format-Microsoft-Edge\video.webm]]

[[ATTACHMENT|..\test-results\01-authentication-User-Aut-e4117-lidate-mobile-number-format-Microsoft-Edge\error-context.md]]
]]>
</system-out>
</testcase>
<testcase name="User Authentication Flow › should prevent duplicate email registration" classname="01-authentication.spec.ts" time="3.604">
<failure message="01-authentication.spec.ts:309:7 should prevent duplicate email registration" type="FAILURE">
<![CDATA[  [Microsoft Edge] › 01-authentication.spec.ts:309:7 › User Authentication Flow › should prevent duplicate email registration 

    Error: page.goto: net::ERR_CONNECTION_REFUSED at http://localhost:3000/register
    Call log:
      - navigating to "http://localhost:3000/register", waiting until "load"


      311 |     const existingEmail = process.env.TEST_USER_EMAIL || 'test@smartgriev.com';
      312 |
    > 313 |     await page.goto('/register');
          |                ^
      314 |
      315 |     // Fill form with existing email
      316 |     await page.fill('input[name="email"]', existingEmail);
        at D:\SmartGriev\e2e-tests\tests\01-authentication.spec.ts:313:16

    attachment #1: screenshot (image/png) ──────────────────────────────────────────────────────────
    ..\test-results\01-authentication-User-Aut-e0b69-uplicate-email-registration-Microsoft-Edge\test-failed-1.png
    ────────────────────────────────────────────────────────────────────────────────────────────────

    attachment #2: video (video/webm) ──────────────────────────────────────────────────────────────
    ..\test-results\01-authentication-User-Aut-e0b69-uplicate-email-registration-Microsoft-Edge\video.webm
    ────────────────────────────────────────────────────────────────────────────────────────────────

    Error Context: ..\test-results\01-authentication-User-Aut-e0b69-uplicate-email-registration-Microsoft-Edge\error-context.md
]]>
</failure>
<system-out>
<![CDATA[✓ Database connected successfully

[[ATTACHMENT|..\test-results\01-authentication-User-Aut-e0b69-uplicate-email-registration-Microsoft-Edge\test-failed-1.png]]

[[ATTACHMENT|..\test-results\01-authentication-User-Aut-e0b69-uplicate-email-registration-Microsoft-Edge\video.webm]]

[[ATTACHMENT|..\test-results\01-authentication-User-Aut-e0b69-uplicate-email-registration-Microsoft-Edge\error-context.md]]
]]>
</system-out>
</testcase>
<testcase name="User Authentication Flow › should handle password visibility toggle" classname="01-authentication.spec.ts" time="4.586">
<failure message="01-authentication.spec.ts:337:7 should handle password visibility toggle" type="FAILURE">
<![CDATA[  [Microsoft Edge] › 01-authentication.spec.ts:337:7 › User Authentication Flow › should handle password visibility toggle 

    Error: page.goto: net::ERR_CONNECTION_REFUSED at http://localhost:3000/login
    Call log:
      - navigating to "http://localhost:3000/login", waiting until "load"


      336 |
      337 |   test('should handle password visibility toggle', async ({ page }) => {
    > 338 |     await page.goto('/login');
          |                ^
      339 |
      340 |     const passwordInput = page.locator('input[name="password"]').first();
      341 |     
        at D:\SmartGriev\e2e-tests\tests\01-authentication.spec.ts:338:16

    attachment #1: screenshot (image/png) ──────────────────────────────────────────────────────────
    ..\test-results\01-authentication-User-Aut-b5d46--password-visibility-toggle-Microsoft-Edge\test-failed-1.png
    ────────────────────────────────────────────────────────────────────────────────────────────────

    attachment #2: video (video/webm) ──────────────────────────────────────────────────────────────
    ..\test-results\01-authentication-User-Aut-b5d46--password-visibility-toggle-Microsoft-Edge\video.webm
    ────────────────────────────────────────────────────────────────────────────────────────────────

    Error Context: ..\test-results\01-authentication-User-Aut-b5d46--password-visibility-toggle-Microsoft-Edge\error-context.md
]]>
</failure>
<system-out>
<![CDATA[✓ Database connected successfully

[[ATTACHMENT|..\test-results\01-authentication-User-Aut-b5d46--password-visibility-toggle-Microsoft-Edge\test-failed-1.png]]

[[ATTACHMENT|..\test-results\01-authentication-User-Aut-b5d46--password-visibility-toggle-Microsoft-Edge\video.webm]]

[[ATTACHMENT|..\test-results\01-authentication-User-Aut-b5d46--password-visibility-toggle-Microsoft-Edge\error-context.md]]
]]>
</system-out>
</testcase>
</testsuite>
</testsuites>