<testsuites id="" name="" tests="1" failures="1" skipped="0" errors="0" time="20.950132999999997">
<testsuite name="03-complaint-submission.spec.ts" timestamp="2025-11-11T12:25:09.387Z" hostname="chromium" tests="1" failures="1" skipped="0" time="18.781" errors="0">
<testcase name="Complaint Submission - Text Only › should submit a text complaint successfully" classname="03-complaint-submission.spec.ts" time="18.781">
<failure message="03-complaint-submission.spec.ts:32:7 should submit a text complaint successfully" type="FAILURE">
<![CDATA[  [chromium] › 03-complaint-submission.spec.ts:32:7 › Complaint Submission - Text Only › should submit a text complaint successfully 

    TimeoutError: page.waitForSelector: Timeout 10000ms exceeded.
    Call log:
      - waiting for locator('form') to be visible


      45 |
      46 |     // Wait for form to be visible
    > 47 |     await page.waitForSelector('form', { timeout: 10000 });
         |                ^
      48 |     
      49 |     await helpers.takeScreenshot('complaint-form');
      50 |
        at D:\SmartGriev\e2e-tests\tests\03-complaint-submission.spec.ts:47:16

    attachment #1: screenshot (image/png) ──────────────────────────────────────────────────────────
    ..\test-results\03-complaint-submission-Co-ed70e-text-complaint-successfully-chromium\test-failed-1.png
    ────────────────────────────────────────────────────────────────────────────────────────────────

    attachment #2: video (video/webm) ──────────────────────────────────────────────────────────────
    ..\test-results\03-complaint-submission-Co-ed70e-text-complaint-successfully-chromium\video.webm
    ────────────────────────────────────────────────────────────────────────────────────────────────

    Error Context: ..\test-results\03-complaint-submission-Co-ed70e-text-complaint-successfully-chromium\error-context.md
]]>
</failure>
<system-out>
<![CDATA[✓ Database connected successfully
✓ Test user ID: 1

[[ATTACHMENT|..\test-results\03-complaint-submission-Co-ed70e-text-complaint-successfully-chromium\test-failed-1.png]]

[[ATTACHMENT|..\test-results\03-complaint-submission-Co-ed70e-text-complaint-successfully-chromium\video.webm]]

[[ATTACHMENT|..\test-results\03-complaint-submission-Co-ed70e-text-complaint-successfully-chromium\error-context.md]]
]]>
</system-out>
</testcase>
</testsuite>
</testsuites>